clustering:kmeans
num_cluster:1
iteration:0
load:0.4578068256378174
path:[13578, 27852, 27851, 10631, 27577, 16949, 35814, 20973, 2797, 11668, 11672, 11678, 21044, 4899, 4905, 4906, 4907, 22923, 37155, 2850, 2852, 2854, 34086, 34087, 34092, 32441, 5934, 5363, 6062, 17970, 38248, 28630, 25066, 27993, 20316, 27996, 20487, 10169, 20500, 34504, 20475, 20482, 6993]
exec:0.047112226486206055
clustering:kmeans
num_cluster:2
iteration:0
load:0.273604154586792
path:[13578, 27852, 27851, 10631, 27577, 16949, 35814, 20973, 2797, 11668, 11672, 11678, 21044, 4899, 4905, 4906, 4907, 22923, 37155, 2850, 2852, 2854, 34086, 34087, 34092, 32441, 5934, 5363, 6062, 17970, 38248, 28630, 25066, 27993, 20316, 27996, 20487, 10169, 20500, 34504, 20475, 20482, 6993]
exec:0.026813030242919922
clustering:kmeans
num_cluster:4
iteration:0
load:0.0979609489440918
path:[13578, 27852, 27851, 10631, 27577, 16949, 35814, 20973, 2797, 11668, 11672, 11678, 21044, 4899, 4905, 39022, 16349, 16351, 2351, 7658, 22982, 22667, 1759, 1773, 35220, 35221, 16347, 34128, 33685, 36636, 33651, 33676, 278, 16333, 11396, 23431, 16621, 35962, 34502, 18802, 20479, 20481, 6993]
exec:2.0765979290008545
clustering:kmeans
num_cluster:8
iteration:0
load:0.11409187316894531
path:[13578, 27852, 27851, 10631, 21060, 27574, 3887, 7650, 36454, 36462, 20500, 34504, 20475, 20482, 6993]
exec:2.724297046661377
clustering:kmeans
num_cluster:1
iteration:1
load:0.4059939384460449
path:[5731, 4468, 5760, 5762, 4534, 4507, 5475, 6367, 7055, 7052, 5495, 8127, 18002, 26974, 354, 31087, 27010, 31074, 17295, 17251, 17260, 36659, 2499, 36658, 5240, 5262, 13690, 5243, 6072, 2527, 2523, 2520, 16980, 2519, 26772, 27112, 27737, 30138, 27716, 27694, 9460, 3531, 23825, 3501, 2082, 18607, 18603, 22963, 19163, 22952, 4436, 5679, 4506, 319, 4545, 1132, 30022, 23565, 5049, 8018, 30063, 26502, 34551, 24750, 9012, 23503, 35957, 7519, 5773, 8113, 36984, 18201, 18199, 18746, 16339, 18730, 18106, 26787, 10321, 10319, 10318, 3484, 3480, 30593, 281, 33775, 15626, 27841, 5271, 5272, 38272, 34287, 26928, 33133, 26937, 6499, 6498, 37555, 37553, 19766, 37549, 19625, 19679, 19685, 19689, 19695, 19692, 19699, 23809, 5071, 23811, 18085, 37536, 18087, 16310, 24171, 24167, 37533, 28849, 10730, 10727, 7996, 19862, 21375, 32085, 26324, 6793, 19538, 32567, 19546, 32204, 32151, 32153, 28025, 31049, 30697, 623, 624, 37365, 20903, 10463, 27163, 1403, 1404, 1405, 13580, 13581, 3819, 3820, 21295, 22332, 9997, 9993, 21835, 25092, 6746, 16067, 34585, 34689, 946, 938, 958]
exec:0.2778160572052002
clustering:kmeans
num_cluster:2
iteration:1
load:0.1881859302520752
path:[5731, 4468, 5760, 5762, 4534, 4507, 5475, 6367, 7055, 7052, 5495, 8127, 18002, 26974, 354, 31087, 27010, 31074, 17295, 17251, 17260, 36659, 2499, 36658, 5240, 5262, 13690, 5243, 6072, 2527, 2523, 2520, 16980, 2519, 26772, 27112, 27737, 30138, 27716, 27694, 9460, 3531, 23825, 3501, 2082, 18607, 18603, 22963, 19163, 22952, 4436, 5679, 4506, 319, 4545, 1132, 30022, 23565, 5049, 8018, 30063, 26502, 34551, 24750, 9012, 23503, 35957, 7519, 5773, 8113, 36984, 18201, 18199, 18746, 16339, 5375, 14756, 5235, 38292, 26930, 5238, 5254, 14772, 5251, 16205, 16158, 26926, 14769, 14766, 14777, 27229, 14776, 5273, 14774, 34287, 26928, 33133, 26937, 6499, 6498, 37555, 37553, 19766, 37549, 19625, 19679, 19685, 19689, 19695, 19692, 19699, 23809, 5071, 23811, 18085, 37536, 18087, 16310, 24171, 24167, 37533, 28849, 10730, 10727, 7996, 19862, 21375, 32085, 26324, 6793, 19538, 32567, 19546, 32204, 32151, 32153, 28025, 31049, 30697, 623, 624, 37365, 20903, 10463, 27163, 1403, 1404, 1405, 13580, 13581, 3819, 3820, 21295, 22332, 9997, 9993, 21835, 25092, 6746, 16067, 34585, 34689, 946, 938, 958]
exec:12.182796001434326
clustering:kmeans
num_cluster:4
iteration:1
load:0.2430729866027832
path:[5731, 4468, 5760, 5762, 4534, 4507, 5475, 6367, 7055, 7052, 5495, 8127, 17951, 17954, 8115, 18252, 11833, 20034, 11837, 18378, 11838, 24590, 18370, 18369, 18371, 18271, 6459, 26274, 18237, 18286, 30449, 17382, 17435, 17503, 10510, 1482, 2217, 1485, 30475, 30487, 1486, 2239, 2236, 29031, 29223, 6553, 29210, 29039, 23524, 30454, 34212, 34918, 36417, 851, 7248, 7248, 1414, 1418, 29413, 29412, 30033, 30013, 30027, 30051, 5576, 35899, 37265, 31639, 35932, 35911, 8719, 9215, 9171, 9168, 3287, 29486, 4771, 26174, 26187, 26186, 18041, 33593, 26182, 31472, 31200, 2375, 20325, 20269, 7232, 31276, 31280, 31421, 15756, 15754, 15750, 11887, 2805, 2803, 2802, 11668, 2797, 30064, 2800, 32676, 35810, 35808, 9873, 9835, 35807, 14307, 35848, 35806, 35851, 14315, 14300, 14037, 35803, 9262, 7188, 24519, 24505, 7739, 7741, 12765, 12766, 12776, 7749, 30667, 7015, 35132, 32153, 28025, 31049, 30697, 623, 624, 37365, 27164, 1397, 37380, 1398, 1400, 1401, 5327, 35119, 35094, 35127, 15530, 15616, 8908, 38548, 8891, 8921, 8924, 8960, 10488, 28458, 28201, 28199, 28464, 28526, 29129, 29760, 32971, 29756, 32972, 20228, 27803, 27062, 27804, 7337, 3268, 37212, 37087, 7380, 37070, 10026, 36002, 36958, 22326, 16493, 10022, 15381, 10001, 9997, 9993, 21835, 25092, 6746, 16067, 34585, 34689, 946, 938, 958]
exec:1.9197750091552734
clustering:kmeans
num_cluster:8
iteration:1
load:0.13349413871765137
path:[5731, 4468, 5760, 5762, 4534, 4507, 5475, 6367, 7055, 7052, 5495, 8127, 17951, 17954, 8115, 18252, 11833, 20034, 11837, 18378, 11838, 24590, 18370, 18369, 18371, 18271, 6459, 26274, 18237, 18286, 30449, 17382, 17435, 17503, 17520, 17504, 17521, 8024, 3436, 18570, 18570, 3437, 19205, 6445, 5679, 4506, 319, 11152, 4447, 4450, 32959, 14964, 14966, 14974, 2396, 38315, 7506, 38311, 8590, 8588, 8589, 19884, 11488, 6208, 868, 7248, 1414, 1418, 29413, 29412, 30033, 30037, 7193, 29669, 32618, 7195, 29675, 7505, 3330, 3325, 3315, 3314, 3307, 2351, 26482, 5927, 22987, 22668, 1787, 6990, 22311, 35199, 35210, 22349, 22390, 12409, 5805, 12710, 34066, 34070, 20848, 34072, 34081, 26185, 29093, 2380, 26197, 26197, 26200, 29483, 302, 20544, 29485, 5356, 5771, 9175, 3674, 26179, 26175, 38369, 3289, 26187, 26186, 18041, 33593, 26182, 31472, 31200, 2375, 20325, 20269, 7232, 31276, 31280, 31421, 15756, 15754, 15750, 11887, 2805, 2803, 2802, 11668, 11672, 11678, 22327, 7405, 14919, 29211, 23845, 29204, 23428, 1374, 1375, 15457, 34691, 34685, 34681, 2931, 34684, 26236, 36215, 36773, 16479, 5828, 5846, 36216, 2646, 38327, 38324, 2651, 2650, 3163, 14642, 11647, 26240, 14644, 26126, 14645, 5689, 1406, 13581, 3819, 3820, 21295, 22332, 9997, 9993, 21835, 25092, 34729, 34777, 8218, 8219, 1008, 955, 958]
exec:3.717470169067383
clustering:kmeans
num_cluster:1
iteration:2
load:0.49980592727661133
path:[7263, 7262, 7258, 7261, 7252, 1957, 1958, 7243, 14682, 14705, 31602, 33354, 8246, 8247, 16774, 16135, 5310, 16131, 7627, 15407, 20126, 13687, 11938, 20387, 14544, 14565, 14534, 14545, 14546, 25507, 21500, 6563, 5595, 25499, 33021, 741, 26779, 26778, 26780, 26638, 26757, 15670, 7827, 7831, 11729, 10314, 19382, 3029, 9481, 25434, 16080, 16068, 7237, 13210, 13203, 13212, 13213, 20084, 20085, 38197, 21376, 28403, 34991, 5933, 5938, 4220, 4221, 26513, 7668, 36000, 7920, 30063, 8018, 5049, 23565, 30022, 1132, 4545, 319, 4506, 5679, 4436, 22952, 19163, 22963, 18603, 18607, 2082, 3501, 23825, 3531, 9460, 27694, 27716, 30138, 27737, 27112, 26772, 2519, 5362, 2711, 38155, 38173, 6072, 5243, 13690, 5262, 5240, 36658, 16981, 33599, 4791, 26717, 1996, 33782, 16257, 25782, 25697, 29484, 31063, 30438, 30471, 21718]
exec:0.28714704513549805
clustering:kmeans
num_cluster:2
iteration:2
load:0.2050609588623047
path:[7263, 7262, 7258, 7261, 7252, 1957, 1958, 7243, 14682, 14705, 31602, 33354, 8246, 8247, 16774, 16135, 5310, 16131, 7627, 15407, 20126, 13687, 11938, 20387, 14544, 14565, 14534, 14545, 38297, 5278, 36131, 5208, 13255, 34279, 13126, 13117, 25439, 13144, 37686, 27113, 23501, 23499, 35957, 23503, 9012, 24750, 34551, 26502, 30063, 8018, 5049, 23565, 30022, 1132, 4545, 319, 4506, 5679, 4436, 22952, 19163, 22963, 18603, 18607, 2082, 3501, 23825, 3531, 9460, 27694, 27716, 30138, 27737, 27112, 26772, 2519, 5362, 2711, 38155, 38173, 6072, 5243, 13690, 5262, 5240, 36658, 16981, 33599, 4791, 26717, 1996, 33782, 16257, 25782, 25697, 29484, 31063, 30438, 30471, 21718]
exec:8.584954023361206
clustering:kmeans
num_cluster:4
iteration:2
load:0.2517819404602051
path:[7263, 7262, 7258, 7261, 7252, 1957, 1958, 7243, 14682, 14705, 31602, 33354, 8246, 8247, 16774, 16774, 16135, 5310, 16131, 7627, 15407, 20126, 13687, 11938, 20387, 14544, 14565, 14534, 14545, 14546, 25507, 21500, 6563, 5595, 25499, 33021, 741, 26779, 26778, 26780, 26638, 26757, 26767, 29989, 14360, 14368, 20846, 19377, 19375, 19373, 671, 664, 2874, 3025, 32730, 3023, 3017, 19480, 19473, 19435, 19431, 25496, 18730, 16339, 18746, 18755, 18762, 27722, 339, 27712, 27724, 27721, 11285, 11277, 11296, 34279, 13255, 19951, 19897, 19892, 35963, 18159, 36125, 31118, 31062, 3681, 23540, 23539, 37267, 35949, 5576, 30051, 30027, 30013, 30033, 29412, 29413, 1418, 1414, 7248, 851, 34312, 9660, 2336, 4406, 38619, 38615, 38620, 38618, 35843, 35845, 35846, 35857, 35856, 35855, 35868, 35869, 35871, 18805, 18812, 16377, 34270, 16378, 16808, 13037, 32527, 33734, 32529, 13631, 16407, 32532, 32545, 34123, 2081, 9366, 22963, 18603, 18607, 2082, 3501, 23825, 3531, 9460, 27694, 27716, 30138, 27737, 27112, 26772, 2519, 5362, 2711, 38155, 38173, 6072, 5243, 13690, 5262, 5240, 36658, 16981, 33599, 4791, 26717, 1996, 33782, 16257, 25782, 25697, 29484, 31063, 30438, 30471, 21718]
exec:12.674782991409302
clustering:kmeans
num_cluster:8
iteration:2
load:0.6857728958129883
path:[7263, 7262, 7258, 7261, 7252, 1957, 1938, 6967, 6976, 6940, 28581, 97, 97, 96, 27258, 108, 21490, 21483, 21436, 27421, 37821, 25664, 26944, 26945, 38272, 34287, 38423, 38430, 619, 20907, 28096, 32701, 32690, 18377, 27822, 22870, 10458, 4655, 4650, 15874, 16153, 16194, 22127, 22434, 15986, 16405, 29791, 6345, 16918, 10459, 16923, 5597, 5592, 27871, 5599, 5606, 13199, 35932, 8720, 3672, 3651, 36177, 5356, 29485, 20544, 302, 26195, 26200, 26197, 2380, 2380, 29093, 26185, 34081, 34072, 20848, 34070, 34066, 12710, 5805, 12409, 22390, 22349, 35210, 35199, 22311, 6990, 1787, 1759, 22667, 22982, 7658, 2351, 3307, 3314, 3315, 3325, 3330, 7505, 29675, 7195, 32618, 29669, 7193, 30037, 30033, 29412, 29413, 1418, 1414, 7248, 868, 6208, 11488, 19884, 8589, 8588, 8590, 38311, 7506, 38315, 2396, 14974, 14966, 14964, 32959, 4450, 4447, 11152, 319, 4506, 5679, 6445, 19205, 3437, 18570, 3436, 29031, 2236, 2224, 1486, 30487, 30475, 1485, 2217, 1482, 10510, 17503, 17435, 17382, 30449, 18286, 18237, 26274, 6459, 18433, 9407, 16572, 27467, 6564, 7259, 7260, 7264, 13664, 36666, 26315, 2545, 2494, 5258, 5240, 36658, 16981, 33599, 4791, 26717, 1996, 33782, 16257, 25782, 25697, 29484, 31063, 30438, 30471, 21718]
exec:4.432862997055054
clustering:kmeans
num_cluster:1
iteration:3
load:0.4442918300628662
path:[33717, 33369, 8249, 6496, 13673, 33716, 6522, 35551, 35553, 35550, 10861, 10838, 10863, 24052, 24010, 10846, 10859, 24026, 24075, 24083, 24066, 24004, 6495, 30283, 24033, 30221, 30189, 24006, 30206, 24090, 30197, 30098, 24009, 24087, 30249, 30113, 267, 30205, 30255, 30172, 24037, 24019, 24001, 24078, 24077, 24069, 30167, 30199, 13516, 30143, 9635, 19312, 26433, 31004, 25614, 25613, 33084, 33089, 21603, 25612, 7110, 23464, 21634, 34974, 26432, 33026, 23303, 25596, 31831, 31832, 9503, 9194, 13853, 9213, 8643, 2820, 6746, 25092, 21835, 9993, 9997, 22332, 21295, 3820, 24398, 32075, 26542, 24581, 7244, 20235, 37488, 17384, 14325, 32168, 34554, 38457, 38456, 32251, 2017, 2022, 34418, 32283, 38532, 30087, 30104, 30102, 31028, 29473, 36963, 29438, 29442, 12038, 21397, 29433, 34244, 29443, 8337, 29441, 24176, 20361, 8125, 19552, 30630, 24842, 25435, 21249, 8690, 8691, 36034, 36035, 2379, 491, 2398, 604, 36487, 28198, 28396, 7218, 38029, 39133, 8004, 39066, 19057, 39069, 8925, 9025, 20199, 8961, 39120, 10401, 9340, 16889, 7768, 37190, 7784, 37196, 10097, 10066, 10077, 10083, 5478, 10042, 30722, 36536, 29957]
exec:0.25532984733581543
clustering:kmeans
num_cluster:2
iteration:3
load:0.22104406356811523
path:[33717, 33369, 8249, 6496, 13673, 33716, 6522, 35551, 35553, 35550, 10861, 10838, 10863, 24052, 24010, 10846, 10859, 24026, 24075, 24083, 24066, 24004, 6495, 30283, 24033, 30221, 30189, 24006, 30206, 24090, 30197, 30098, 24009, 24087, 30249, 30113, 267, 30205, 30255, 30172, 24037, 24019, 24001, 24078, 24077, 24069, 30167, 30199, 13516, 30143, 9635, 19312, 26433, 31004, 25614, 25613, 33084, 33089, 21603, 25612, 7110, 23464, 21634, 34974, 26432, 33026, 23303, 25596, 31831, 31832, 9503, 9194, 13853, 9213, 8643, 2820, 6746, 25092, 21835, 9993, 9997, 22332, 21295, 3820, 24398, 32075, 26542, 24581, 7244, 20235, 37488, 17384, 14325, 32168, 34554, 38457, 38456, 32251, 2017, 2022, 34418, 32283, 38532, 30087, 30104, 30102, 31028, 29473, 36963, 29438, 29442, 12038, 21397, 29433, 34244, 29443, 8337, 29441, 24176, 20361, 8125, 19552, 30630, 24842, 25435, 21249, 8690, 8691, 36034, 36035, 2379, 491, 2398, 604, 36487, 28198, 28396, 7218, 38029, 39133, 8004, 39066, 19057, 39069, 8925, 9025, 20199, 8961, 39120, 10401, 9340, 16889, 7768, 37190, 7784, 37196, 10097, 10066, 10077, 10083, 5478, 10042, 30722, 36536, 29957]
exec:0.19988203048706055
clustering:kmeans
num_cluster:4
iteration:3
load:0.11328005790710449
path:[33717, 33369, 8249, 6496, 13673, 33716, 6522, 35551, 35553, 35550, 10861, 10838, 10863, 24052, 24010, 10846, 10859, 24026, 24075, 24083, 24066, 24004, 6495, 30283, 24033, 30221, 30189, 24006, 30206, 24090, 30197, 30098, 24009, 24087, 30249, 30113, 267, 30205, 30255, 30172, 24037, 24019, 24001, 24078, 24077, 24069, 30167, 30199, 13516, 30143, 9635, 19312, 26433, 31004, 25614, 25613, 33084, 33089, 21603, 25612, 7110, 23464, 21634, 34974, 26432, 33026, 23303, 25596, 31831, 31832, 9503, 9194, 13853, 9213, 8643, 2820, 6746, 25092, 21835, 9993, 9997, 22332, 21295, 3820, 3819, 13581, 1406, 1405, 1404, 1403, 27163, 10463, 20903, 37365, 37365, 624, 623, 30697, 31049, 28025, 32153, 32151, 32204, 30667, 7749, 12776, 12766, 12765, 7741, 7739, 24505, 24519, 7188, 9262, 35803, 14037, 14300, 14315, 35851, 35806, 35848, 14307, 35807, 9835, 9873, 35808, 35810, 32676, 2800, 30064, 2797, 11668, 2802, 2803, 2805, 11887, 15750, 15754, 15756, 31421, 31280, 31276, 7232, 20269, 20325, 2375, 31200, 31472, 26182, 33593, 18041, 26186, 26187, 3289, 38369, 26175, 26179, 3674, 9175, 5771, 5356, 29485, 20544, 302, 29483, 39022, 16349, 16351, 2351, 26482, 5927, 22987, 22668, 1787, 6990, 22311, 35199, 35210, 22349, 22390, 12409, 19508, 34091, 32411, 34090, 27993, 25066, 28630, 38248, 17970, 6062, 33751, 33750, 12632, 5920, 35189, 10168, 22926, 5336, 31949, 5912, 5910, 5909, 18798, 18796, 25308, 26997, 34101, 2921, 12064, 34102, 5496, 34109, 5338, 5339, 5340, 5341, 5342, 5343, 5344, 5345, 5346, 5347, 5348, 5349, 5350, 25362, 25367, 5351, 25193, 6098, 36536, 29957]
exec:2.4217848777770996
clustering:kmeans
num_cluster:8
iteration:3
load:0.14755582809448242
path:[33717, 33369, 8249, 6496, 13673, 33716, 6522, 35551, 35553, 35550, 10861, 10838, 10863, 24052, 24010, 10846, 10859, 24026, 24075, 24083, 24066, 24004, 6495, 30283, 24033, 30221, 30189, 24006, 30206, 24090, 30197, 30098, 24009, 24087, 30249, 30113, 267, 30205, 30255, 30172, 24037, 24019, 24001, 24078, 24077, 24069, 30167, 30199, 13516, 30143, 9635, 19312, 26433, 31004, 25614, 25613, 33084, 33089, 21603, 25612, 7110, 23464, 21634, 34974, 26432, 33026, 23303, 25596, 31831, 31832, 9503, 9194, 13853, 9213, 8643, 2820, 6746, 25092, 25092, 21835, 9993, 9997, 10001, 15381, 15380, 15378, 15373, 15364, 15358, 4732, 29381, 29380, 4735, 4743, 24027, 2777, 2776, 30575, 15559, 15527, 15533, 15604, 15561, 38546, 22110, 35106, 33035, 30310, 10313, 10305, 22119, 29908, 30320, 18102, 26214, 35398, 6268, 3032, 37764, 26588, 37773, 26165, 14165, 30345, 19957, 26612, 34541, 14620, 8376, 18310, 8377, 5397, 19359, 4795, 4787, 36454, 36462, 20500, 10169, 10211, 10198, 29994, 20477, 10163, 19563, 21310, 6994, 21298, 19576, 6995, 16340, 14403, 8624, 33272, 33282, 6081, 5886, 25308, 26997, 34101, 2921, 12064, 34102, 5496, 34109, 5338, 5339, 5340, 5341, 5342, 5343, 5344, 5345, 5346, 5347, 5348, 5349, 5350, 25362, 25367, 5351, 25193, 6098, 36536, 29957]
exec:1.8977789878845215
clustering:kmeans
num_cluster:1
iteration:4
load:0.4726991653442383
path:[21958, 21971, 21951, 22076, 25889, 21917, 15413, 22003, 22029, 19333, 3862, 25923, 5829, 5827, 2354, 2353, 11563, 5819, 5816, 4200, 5812, 18768, 3471, 29357, 29359, 416, 38408, 38272, 34287, 38423, 38430, 619, 20907, 28096, 32701, 467, 458, 487, 30420, 468, 483, 476]
exec:0.020727157592773438
path:[21958, 21971, 21951, 22076, 25889, 21917, 15413, 22003, 22029, 19333, 3862, 25923, 5829, 5827, 2354, 2353, 11563, 5819, 5816, 4200, 5812, 18768, 3471, 29357, 29359, 416, 38408, 38272, 34287, 38423, 38430, 619, 20907, 28096, 32701, 467, 458, 487, 30420, 468, 483, 476]
exec:0.013128995895385742
clustering:kmeans
num_cluster:2
iteration:4
load:0.24199581146240234
path:[21958, 21971, 21951, 22076, 25889, 21917, 15413, 22003, 22029, 19333, 3862, 25923, 5829, 5827, 2354, 2353, 11563, 5819, 5816, 4200, 5812, 18768, 3471, 29357, 29359, 416, 38408, 38272, 34287, 38423, 38430, 619, 20907, 28096, 32701, 467, 458, 487, 30420, 468, 483, 476]
exec:0.017652034759521484
clustering:kmeans
num_cluster:4
iteration:4
load:0.1114959716796875
clustering:kmeans
num_cluster:8
iteration:4
load:0.12822198867797852
path:[21958, 21971, 21951, 22076, 25889, 21917, 15413, 22003, 22029, 19333, 3862, 25923, 5829, 5827, 2354, 2353, 11563, 5819, 5816, 4200, 38587, 6510, 7762, 12780, 10092, 34147, 6342, 37510, 15480, 12598, 7100, 18313, 18318, 36031, 12615, 32516, 12623, 12605, 36770, 12624, 14918, 470, 476]
exec:3.5734639167785645
clustering:kmeans
num_cluster:1
iteration:5
load:0.44040513038635254
path:[8042, 8026, 32848, 3246, 34096, 32849, 31559, 16201, 16160, 33142, 5256, 193, 9046, 22858, 34288, 5272, 38272, 26945, 26944, 6416, 26910, 37557, 29416, 29415, 7699, 12816, 1856, 33111, 1858, 30364, 30350, 3974, 21731, 3983, 27141, 27170, 27165, 27162, 27171, 27178, 3999, 6006, 6004, 6008, 15284, 4001, 10266, 34374, 27133, 3417, 15295, 26229, 26233, 38087, 15292, 24349, 24353, 8100, 8099, 37215, 2962, 2965, 2971, 34530, 8847, 16710, 16707]
exec:0.08546686172485352
path:[8042, 8026, 32848, 3246, 34096, 32849, 31559, 16201, 16160, 33142, 5256, 193, 9046, 22858, 34288, 5272, 38272, 26945, 26944, 6416, 26910, 37557, 29416, 29415, 7699, 12816, 1856, 33111, 1858, 30364, 30350, 3974, 21731, 3983, 27141, 27170, 27165, 27162, 27171, 27178, 3999, 6006, 6004, 6008, 15284, 4001, 10266, 34374, 27133, 3417, 15295, 26229, 26233, 38087, 15292, 24349, 24353, 8100, 8099, 37215, 2962, 2965, 2971, 34530, 8847, 16710, 16707]
exec:0.04601097106933594
clustering:kmeans
num_cluster:2
iteration:5
load:0.22996807098388672
clustering:kmeans
num_cluster:4
iteration:5
load:0.10739994049072266
path:[8042, 8026, 32848, 3246, 34096, 32849, 31559, 16201, 16160, 33142, 5256, 193, 9046, 22858, 34288, 5272, 38272, 26945, 26944, 6416, 26910, 37557, 29416, 29415, 7699, 12816, 1856, 33111, 1858, 30364, 30350, 3974, 21731, 3983, 27141, 27170, 27165, 27162, 27171, 27178, 3999, 6006, 6004, 6008, 15284, 4001, 10266, 34374, 27133, 3417, 15295, 26229, 26227, 27183, 38091, 14218, 2352, 24353, 8100, 8099, 37215, 2962, 2965, 2971, 34530, 8847, 16710, 16707]
exec:2.317744016647339
clustering:kmeans
num_cluster:8
iteration:5
load:0.1479940414428711
path:[8042, 8033, 8047, 8029, 19110, 19115, 19112, 34098, 3463, 10321, 26787, 18106, 18730, 25496, 18289, 25643, 26516, 19083, 1375, 15457, 34691, 34685, 34681, 2931, 34684, 26236, 36215, 38080, 38083, 10721, 36780, 36771, 36760, 16291, 14333, 28771, 10723, 33048, 34442, 8847, 16710, 16707]
exec:5.248094081878662
clustering:kmeans
num_cluster:1
iteration:6
load:0.4056229591369629
path:[7191, 7226, 7212, 31006, 16874, 16873, 16871, 25612, 7110, 23464, 21634, 34974, 26432, 33026, 23303, 25596, 31831, 31832, 9503, 9194, 13853, 9213, 8643, 2820, 6746, 25092, 21835, 9993, 9997, 22332, 21295, 3820, 3819, 13581, 1406, 1405, 1404, 1403, 27163, 10463, 20903, 37365, 624, 623, 30697, 31049, 28025, 32153, 32151, 32204, 19546, 32567, 19538, 6793, 26324, 31259, 10470, 10469, 33768, 10727, 10730, 28849, 37533, 24167, 24171, 16310, 37535, 37536, 18085, 23811, 5071, 23809, 19699, 19692, 19695, 19689, 19685, 19679, 19625, 37549, 19766, 37553, 20912, 20908, 6499, 26937, 33133, 26928, 34287, 38272, 5272, 5271, 27231, 24830, 33775, 281, 30593, 3480, 3484, 10318, 10319, 10321, 26787, 18106, 18730, 16339, 18746, 18199, 18201, 36984, 8113, 5773, 7519, 35957, 23503, 9012, 24750, 34551, 26502, 30063, 8018, 5049, 23565, 30022, 1132, 4545, 319, 4506, 5679, 4436, 22952, 19163, 22963, 18603, 18607, 2082, 3501, 23825, 3531, 9460, 27694, 27716, 30138, 27737, 27112, 26772, 2519, 5362, 2711, 38155, 38173, 6072, 5243, 13690, 5262, 6528, 6907, 6908, 6525, 7878, 35999, 16740, 37698, 2312, 16743, 22181, 16755, 2306, 16759, 14761, 2368, 11807, 11881, 14760, 2512, 17230, 18502, 18528, 18510, 31794, 31797, 31798, 31789, 2356, 33532, 17392, 33542, 3537, 3506, 13233]
exec:0.3039519786834717
clustering:kmeans
num_cluster:2
iteration:6
load:0.27486181259155273
path:[7191, 7226, 7212, 31006, 16874, 16873, 16871, 25612, 7110, 23464, 21634, 34974, 26432, 33026, 23303, 25596, 31831, 31832, 9503, 9194, 13853, 9213, 8643, 2820, 6746, 25092, 21835, 9993, 9997, 22332, 21295, 3820, 3819, 13581, 1406, 5689, 14645, 26126, 14644, 11645, 11644, 14642, 3163, 3174, 3160, 28771, 10723, 33048, 3365, 15289, 2962, 37215, 8099, 8100, 24353, 2352, 14218, 38091, 27183, 26227, 38786, 3417, 27133, 27132, 15296, 9107, 23552, 10252, 17268, 31461, 31453, 31465, 27268, 31430, 31184, 20387, 14544, 14565, 14534, 14545, 38297, 5278, 36131, 5208, 13255, 34279, 13126, 13117, 25439, 13144, 37686, 27113, 23501, 23499, 35957, 23503, 9012, 24750, 34551, 26502, 30063, 8018, 5049, 23565, 30022, 1132, 4545, 319, 4506, 5679, 4436, 22952, 19163, 22963, 18603, 18607, 2082, 3501, 23825, 3531, 9460, 27694, 27716, 30138, 27737, 27112, 26772, 2519, 5362, 2711, 38155, 38173, 6072, 5243, 13690, 5262, 6528, 6907, 6908, 6525, 7878, 35999, 16740, 37698, 2312, 16743, 22181, 16755, 2306, 16759, 14761, 2368, 11807, 11881, 14760, 2512, 17230, 18502, 18528, 18510, 31794, 31797, 31798, 31789, 2356, 33532, 17392, 33542, 3537, 3506, 13233]
exec:7.915688991546631
clustering:kmeans
num_cluster:4
iteration:6
load:0.1256880760192871
path:[7191, 7226, 7212, 31006, 16874, 16873, 16871, 25612, 7110, 23464, 21634, 34974, 26432, 33026, 23303, 25596, 31831, 31832, 9503, 9194, 13853, 9213, 8643, 2820, 6746, 25092, 21835, 9993, 9997, 22332, 21295, 3820, 3819, 13581, 1406, 1405, 1404, 1403, 27163, 10463, 20903, 37365, 37365, 624, 623, 30697, 31049, 28025, 32153, 32151, 32204, 30667, 7749, 12776, 12766, 12765, 7741, 7739, 24505, 24519, 7188, 9262, 35803, 14037, 14300, 14315, 35851, 35806, 35848, 14307, 35807, 9835, 9873, 35808, 35810, 32676, 2800, 30064, 2797, 11668, 2802, 2803, 2805, 11887, 15750, 15754, 15756, 31421, 31280, 31276, 7232, 20269, 20325, 2375, 31200, 31472, 26182, 33593, 18041, 26186, 26187, 3289, 38369, 29486, 9167, 9168, 9171, 9215, 8719, 8720, 35932, 13199, 37261, 35899, 5576, 30051, 30027, 30013, 30033, 29412, 29413, 1418, 1414, 7248, 851, 34312, 9660, 2336, 4406, 38619, 38615, 38620, 38618, 35843, 35845, 35846, 35857, 35856, 35855, 35868, 35869, 35871, 18805, 18812, 16377, 34270, 16378, 16808, 13037, 32527, 33734, 32529, 13631, 16407, 32532, 32545, 34123, 2081, 9366, 22963, 18603, 18607, 2082, 3501, 23825, 3531, 9460, 27694, 27716, 30138, 27737, 27112, 26772, 2519, 5362, 2711, 38155, 38173, 6072, 5243, 13690, 5262, 6528, 6907, 6908, 6525, 7878, 35999, 16740, 37698, 2312, 16743, 22181, 16755, 2306, 16759, 14761, 2368, 11807, 11881, 14760, 2512, 17230, 18502, 18528, 18510, 31794, 31797, 31798, 31789, 2356, 33532, 17392, 33542, 3537, 3506, 13233]
exec:3.6800780296325684
clustering:kmeans
num_cluster:8
iteration:6
load:0.1250782012939453
path:[7191, 7226, 7212, 31006, 16874, 16873, 16871, 25612, 7110, 23464, 21634, 34974, 26432, 33026, 23303, 25596, 31831, 31832, 9503, 9194, 13853, 9213, 8643, 2820, 6746, 25092, 25092, 21835, 9993, 9997, 22332, 21295, 3820, 24398, 32075, 26542, 24581, 7244, 20235, 37488, 17384, 14325, 32168, 34554, 34406, 34399, 34398, 34417, 34809, 11618, 11630, 36450, 11614, 19413, 11621, 36456, 11609, 11624, 22793, 22746, 32800, 9978, 13679, 14727, 25132, 7384, 7383, 31491, 15453, 15454, 15456, 1377, 14235, 13766, 15457, 1375, 1375, 1374, 23428, 29204, 23845, 29211, 14919, 7405, 22327, 11678, 11672, 11668, 2802, 2803, 2805, 11887, 15750, 15754, 15756, 31421, 31280, 31276, 7232, 20269, 20325, 2375, 31200, 31472, 26182, 33593, 18041, 26186, 26187, 3289, 38369, 26175, 26179, 3674, 9175, 5771, 5356, 29485, 20544, 302, 26195, 26200, 26197, 2380, 2380, 29093, 26185, 34081, 34072, 20848, 34070, 34066, 12710, 5805, 12409, 22390, 22349, 35210, 35199, 22311, 6990, 1787, 1759, 22667, 22982, 7658, 2351, 3307, 3314, 3315, 3325, 3330, 7505, 29675, 7195, 32618, 29669, 7193, 30037, 30033, 29412, 29413, 1418, 1414, 7248, 868, 6208, 11488, 19884, 8589, 8588, 8590, 38311, 7506, 38315, 2396, 14974, 14966, 14964, 32959, 4450, 4447, 11152, 319, 4506, 5679, 6445, 19205, 3437, 18570, 3436, 29031, 2236, 2224, 1486, 30487, 30475, 1485, 2217, 1482, 10510, 17503, 17435, 17382, 30449, 30455, 30461, 15023, 16584, 36389, 15024, 546, 6991, 15498, 20701, 36786, 2749, 26350, 26348, 11351, 17415, 17226, 805, 18620, 3552, 3532, 3562, 3540, 3556, 3487, 3538, 3535, 3557, 3506, 13233]
exec:1.4920849800109863
clustering:kmeans
num_cluster:1
iteration:7
load:0.37412285804748535
path:[34386, 38457, 34554, 32168, 10988, 10993, 20230, 31829, 32161, 32158, 32155, 32154, 28239, 1336, 2143, 3279, 32153, 32151, 32204, 19546, 32567, 19538, 6793, 26324, 31259, 10470, 10469, 33768, 10727, 10730, 28849, 37533, 24167, 24171, 16310, 37535, 37536, 18085, 23806, 37531, 37527, 4597, 19794, 19791, 19784, 19787, 19782, 19780, 19779, 7696, 7697, 4004, 8293, 29415, 12829, 2404, 15426, 2557, 15425, 19859, 25463, 25479]
exec:0.05720996856689453
clustering:kmeans
num_cluster:2
iteration:7
load:0.19082307815551758
path:[34386, 38457, 34554, 32168, 10988, 10993, 20230, 31829, 32161, 32158, 32155, 32154, 28239, 1336, 2143, 3279, 32153, 32151, 32204, 19546, 32567, 19538, 6793, 26324, 31259, 10470, 10469, 33768, 10727, 10730, 28849, 37533, 24167, 24171, 16310, 37535, 37536, 18085, 23806, 37531, 37527, 4597, 19794, 19791, 19784, 19787, 19782, 19780, 19779, 7696, 7697, 4004, 8293, 29415, 12829, 2404, 15426, 2557, 15425, 19859, 25463, 25479]
exec:0.05833005905151367
clustering:kmeans
num_cluster:4
iteration:7
load:0.0949399471282959
path:[34386, 38457, 34554, 32168, 10988, 10993, 20230, 31829, 32161, 32158, 32155, 32154, 28239, 1336, 2143, 3279, 32153, 32151, 32204, 19546, 32567, 19538, 6793, 26324, 31259, 10470, 10469, 33768, 10727, 10730, 28849, 37533, 24167, 24171, 16310, 37535, 37536, 18085, 23806, 37531, 37527, 4597, 19794, 19791, 19784, 19787, 19782, 19780, 19779, 7696, 7697, 4004, 8293, 29415, 12829, 2404, 15426, 2557, 15425, 19859, 25463, 25479]
exec:0.027809858322143555
clustering:kmeans
num_cluster:8
iteration:7
load:0.1153421401977539
path:[34386, 38457, 34554, 32168, 14325, 17384, 37488, 20235, 7244, 24581, 26542, 32075, 24398, 3820, 21295, 22332, 9997, 30331, 1858, 38282, 19393, 15960, 16011, 16010, 16001, 33151, 16004, 15957, 36537, 33160, 3366, 3369, 32070, 3379, 33153, 16148, 33169, 20261, 1347, 19619, 19648, 8050, 24357, 27271, 31456, 17268, 31461, 23335, 9532, 26353, 23340, 22257, 17554, 17553, 17556, 17613, 17614, 18647, 17681, 3849, 3467, 18649, 18650, 18651, 20466, 10907, 25480, 25485, 28669, 17309, 25482, 25463, 25479]
exec:3.135899066925049
clustering:kmeans
num_cluster:1
iteration:8
load:0.38327717781066895
path:[37252, 11584, 26767, 29989, 14360, 14368, 20846, 19377, 19375, 19373, 671, 664, 676, 8677, 38208, 8667, 13216, 31163, 13241, 20085, 38197, 21376, 28403, 34991, 5933, 5938, 4220, 4221, 26513, 7668, 36000, 7920, 30063, 8018, 5049, 23565, 30022, 1132, 4545, 319, 4506, 5679, 4436, 22952, 19163, 22963, 18603, 18607, 2082, 3501, 23825, 3531, 9460, 27694, 27716, 30138, 27737, 27112, 26772, 2519, 16980, 2520, 2523, 2527, 34094, 34051, 26317, 16589, 26600, 13751, 13664, 7264, 7260, 7259, 6564, 27467, 16572, 9407, 18433, 6459, 26274, 18237, 18286, 30449, 17382, 17435, 17503, 10510, 1482, 1483]
exec:0.22258210182189941
clustering:kmeans
num_cluster:2
iteration:8
load:0.1919538974761963
path:[37252, 11584, 26767, 29989, 14360, 14368, 20846, 19377, 19375, 19373, 671, 664, 676, 8677, 38208, 8667, 13216, 31163, 13241, 20085, 38197, 21376, 28403, 34991, 5933, 5938, 4220, 4221, 26513, 7668, 36000, 7920, 30063, 8018, 5049, 23565, 30022, 1132, 4545, 319, 4506, 5679, 4436, 22952, 19163, 22963, 18603, 18607, 2082, 3501, 23825, 3531, 9460, 27694, 27716, 30138, 27737, 27112, 26772, 2519, 16980, 2520, 2523, 2527, 34094, 34051, 26317, 16589, 26600, 13751, 13664, 7264, 7260, 7259, 6564, 27467, 16572, 9407, 18433, 6459, 26274, 18237, 18286, 30449, 17382, 17435, 17503, 10510, 1482, 1483]
exec:0.049974918365478516
clustering:kmeans
num_cluster:4
iteration:8
load:0.12148809432983398
path:[37252, 26757, 15670, 7827, 7831, 11729, 10314, 19382, 3029, 9481, 38271, 3298, 22322, 22315, 851, 853, 854, 862, 863, 868, 6208, 11488, 19884, 8589, 8588, 8590, 38311, 7506, 38315, 2396, 14974, 14966, 14964, 32959, 4450, 4447, 11152, 319, 4506, 5679, 4436, 22952, 19163, 22963, 18603, 18607, 2082, 3501, 23825, 3531, 9460, 27694, 27716, 30138, 27737, 27112, 26772, 2519, 16980, 2520, 2523, 2527, 34094, 34051, 26317, 16589, 26600, 13751, 13664, 7264, 7260, 7259, 6564, 27467, 16572, 9407, 18433, 6459, 26274, 18237, 18286, 30449, 17382, 17435, 17503, 10510, 1482, 1483]
exec:3.9972739219665527
clustering:kmeans
num_cluster:8
iteration:8
load:0.11401605606079102
path:[37252, 11584, 26767, 29989, 14360, 14368, 20846, 19377, 19375, 19373, 671, 664, 2874, 3025, 2285, 32736, 26523, 9469, 9417, 9417, 1545, 26405, 27930, 15883, 8113, 5773, 346, 343, 339, 27712, 27724, 27721, 11285, 11277, 11296, 34279, 13255, 19951, 19897, 19892, 35963, 18159, 36125, 31118, 31062, 3681, 23540, 5606, 13199, 35932, 8720, 3672, 3651, 36177, 5356, 29485, 20544, 302, 26195, 26200, 26197, 2380, 2380, 29093, 26185, 34081, 34072, 20848, 34070, 34066, 12710, 5805, 12409, 22390, 22349, 35210, 35199, 22311, 6990, 1787, 1759, 22667, 22982, 7658, 2351, 3307, 3314, 3315, 3325, 3330, 7505, 29675, 7195, 32618, 29669, 7193, 30037, 30033, 29412, 29413, 1418, 1414, 7248, 868, 6208, 11488, 19884, 8589, 8588, 8590, 38311, 7506, 38315, 2396, 14974, 14966, 14964, 32959, 4450, 4447, 11152, 319, 4506, 5679, 6445, 19205, 3437, 18570, 3436, 29031, 2236, 2224, 1486, 30487, 30475, 1485, 2217, 1482, 1483]
exec:1.265578031539917
clustering:kmeans
num_cluster:1
iteration:9
load:0.3854258060455322
path:[30190, 30123, 30313, 25614, 25613, 33084, 33089, 21603, 25612, 7110, 23464, 21634, 34974, 26432, 33026, 23303, 25596, 31831, 31832, 9503, 9194, 13853, 9213, 8643, 2820, 6746, 25092, 21835, 9993, 9997, 22332, 21295, 3820, 3819, 13581, 1406, 1405, 1404, 1403, 27163, 10463, 20903, 37365, 624, 623, 30697, 31049, 28025, 32153, 32151, 32204, 19546, 32567, 19538, 6793, 26324, 31259, 10470, 10469, 33768, 10727, 10730, 28849, 37533, 24167, 24171, 16310, 37535, 37536, 18085, 23811, 5071, 23809, 19699, 19692, 19695, 19689, 19685, 19679, 19625, 37549, 19766, 37553, 20912, 20908, 6499, 26937, 33133, 26928, 34287, 38272, 5272, 5271, 27231, 24830, 33775, 281, 30593, 3480, 3484, 10318, 10319, 10321, 26787, 18106, 18730, 16339, 18746, 18199, 18201, 36984, 8113, 5773, 7519, 35957, 23503, 9012, 24750, 34551, 26502, 30063, 8018, 5049, 23565, 30022, 1132, 4545, 319, 4506, 5679, 4436, 22952, 19163, 22963, 18603, 18607, 2082, 3501, 23825, 3531, 9460, 27694, 27716, 30138, 27737, 35874, 27688, 38140, 2710, 13702, 5265, 13946, 13953, 18030, 23651, 13959, 13958, 31050, 23246, 16739, 17709, 17708, 17707, 17541, 17539, 17538, 17413, 6819, 6814, 6805, 2471, 13270, 36887, 13271, 10299, 10289, 18168, 1875, 1877, 3998, 3959, 4000, 4063, 37127, 37123]
exec:0.28292107582092285
clustering:kmeans
num_cluster:2
iteration:9
load:0.1887950897216797
path:[30190, 30123, 30313, 25614, 25613, 33084, 33089, 21603, 25612, 7110, 23464, 21634, 34974, 26432, 33026, 23303, 25596, 31831, 31832, 9503, 9194, 13853, 9213, 8643, 2820, 6746, 25092, 21835, 9993, 9997, 22332, 21295, 3820, 3819, 13581, 1406, 5689, 14645, 26126, 14644, 11645, 11644, 14642, 3163, 3174, 3160, 28771, 10723, 33048, 3365, 15289, 2962, 37215, 8099, 8100, 24353, 2352, 14218, 38091, 27183, 26227, 38786, 3417, 27133, 27132, 15296, 9107, 23552, 10252, 17268, 31461, 31453, 31465, 27268, 31430, 31184, 20387, 14544, 14565, 14534, 14545, 38297, 5278, 36131, 5208, 13255, 34279, 13126, 13117, 25439, 13144, 37686, 27113, 23501, 23499, 35957, 23503, 9012, 24750, 34551, 26502, 30063, 8018, 5049, 23565, 30022, 1132, 4545, 319, 4506, 5679, 4436, 22952, 19163, 22963, 18603, 18607, 2082, 3501, 23825, 3531, 9460, 27694, 27716, 30138, 27737, 35874, 27688, 38140, 2710, 13702, 5265, 13946, 13953, 18030, 23651, 13959, 13958, 31050, 23246, 16739, 17709, 17708, 17707, 17541, 17539, 17538, 17413, 6819, 6814, 6805, 2471, 13270, 36887, 13271, 10299, 10289, 18168, 1875, 1877, 3998, 3959, 4000, 4063, 37127, 37123]
exec:6.27695894241333
clustering:kmeans
num_cluster:4
iteration:9
load:0.1859738826751709
path:[30190, 30123, 30313, 25614, 25613, 33084, 33089, 21603, 25612, 7110, 23464, 21634, 34974, 26432, 33026, 23303, 25596, 31831, 31832, 9503, 9194, 13853, 9213, 8643, 2820, 6746, 25092, 21835, 9993, 9997, 22332, 21295, 3820, 3819, 13581, 1406, 1405, 1404, 1403, 27163, 10463, 20903, 37365, 37365, 624, 623, 30697, 31049, 28025, 32153, 32151, 32204, 30667, 7749, 12776, 12766, 12765, 7741, 7739, 24505, 24519, 7188, 9262, 35803, 14037, 14300, 14315, 35851, 35806, 35848, 14307, 35807, 9835, 9873, 35808, 35810, 32676, 2800, 30064, 2797, 11668, 2802, 2803, 2805, 11887, 15750, 15754, 15756, 31421, 31280, 31276, 7232, 20269, 20325, 2375, 31200, 31472, 26182, 33593, 18041, 26186, 26187, 3289, 38369, 29486, 9167, 9168, 9171, 9215, 8719, 8720, 35932, 13199, 37261, 35899, 5576, 30051, 30027, 30013, 30033, 29412, 29413, 1418, 1414, 7248, 851, 34312, 9660, 2336, 4406, 38619, 38615, 38620, 38618, 35843, 35845, 35846, 35857, 35856, 35855, 35868, 35869, 35871, 18805, 18812, 16377, 34270, 16378, 16808, 13037, 32527, 33734, 32529, 13631, 16407, 32532, 32545, 34123, 2081, 9366, 22963, 18603, 18607, 2082, 3501, 23825, 3531, 9460, 27694, 27716, 30138, 27737, 35874, 27688, 38140, 2710, 13702, 5265, 13946, 13953, 18030, 23651, 13959, 13958, 31050, 23246, 16739, 17709, 17708, 17707, 17541, 17539, 17538, 17413, 6819, 6814, 6805, 2471, 13270, 36887, 13271, 10299, 10289, 18168, 1875, 1877, 3998, 3959, 4000, 4063, 37127, 37123]
exec:3.386561870574951
clustering:kmeans
num_cluster:8
iteration:9
load:0.12615299224853516
path:[30190, 30123, 30313, 25614, 25613, 33084, 33089, 21603, 25612, 7110, 23464, 21634, 34974, 26432, 33026, 23303, 25596, 31831, 31832, 9503, 9194, 13853, 9213, 8643, 2820, 6746, 25092, 25092, 21835, 9993, 9997, 22332, 21295, 3820, 24398, 32075, 26542, 24581, 7244, 20235, 37488, 17384, 14325, 32168, 34554, 34406, 34399, 34398, 34417, 34809, 11618, 11630, 36450, 11614, 19413, 11621, 36456, 11609, 11624, 22793, 22746, 32800, 9978, 13679, 14727, 25132, 7384, 7383, 31491, 15453, 15454, 15456, 1377, 14235, 13766, 15457, 1375, 1375, 1374, 23428, 29204, 23845, 29211, 14919, 7405, 22327, 11678, 11672, 11668, 2802, 2803, 2805, 11887, 15750, 15754, 15756, 31421, 31280, 31276, 7232, 20269, 20325, 2375, 31200, 31472, 26182, 33593, 18041, 26186, 26187, 3289, 38369, 26175, 26179, 3674, 9175, 5771, 5356, 29485, 20544, 302, 26195, 26200, 26197, 2380, 2380, 29093, 26185, 34081, 34072, 20848, 34070, 34066, 12710, 5805, 12409, 22390, 22349, 35210, 35199, 22311, 6990, 1787, 1759, 22667, 22982, 7658, 2351, 3307, 3314, 3315, 3325, 3330, 7505, 29675, 7195, 32618, 29669, 7193, 30037, 30033, 29412, 29413, 1418, 1414, 7248, 868, 6208, 11488, 19884, 8589, 8588, 8590, 38311, 7506, 38315, 2396, 14974, 14966, 14964, 32959, 4450, 4447, 11152, 319, 4506, 5679, 6445, 19205, 3437, 18570, 3436, 29031, 2236, 2224, 1486, 30487, 30475, 1485, 2217, 1482, 10510, 17503, 17435, 17382, 30449, 30455, 30461, 15023, 16584, 36389, 15024, 546, 6991, 15498, 20701, 34432, 34441, 21556, 13582, 21562, 37954, 11740, 10290, 10294, 10289, 18168, 1875, 1877, 3998, 3959, 4000, 4063, 37127, 37123]
exec:1.248521089553833
clustering:agglomerative
num_cluster:1
iteration:0
load:0.5161499977111816
path:[12675, 12679, 12684, 23451, 37734, 7704, 7702, 32999, 32975, 7700, 3395, 2404, 12829, 29415, 29416, 37557, 26938, 26937, 33133, 12597, 31536, 9654, 9541, 38302, 26313, 36799, 36795, 9655, 20692, 25839, 9658, 12598, 22938, 31528, 24226, 34189, 20953, 6688, 6677, 6678, 6682, 6683, 6685, 1560, 9180, 38348, 9147, 38347, 32241, 31472, 31200, 2375, 20325, 20280, 20321, 31274, 31271, 31268, 38136, 37758, 37757, 17715, 6312, 38127, 6299, 6285, 6337, 6291, 6303]
exec:0.06450390815734863
clustering:agglomerative
num_cluster:2
iteration:0
load:0.44893598556518555
path:[12675, 12679, 12684, 23451, 37734, 7704, 37733, 25506, 28734, 25504, 15423, 28684, 3845, 26657, 26652, 4212, 4198, 4200, 5812, 18768, 3471, 38430, 619, 20907, 28096, 32701, 32690, 18377, 27822, 10457, 36765, 36764, 36763, 22125, 9296, 24991, 4648, 16183, 13938, 9307, 16162, 9311, 9310, 16192, 16439, 19567, 37406, 9145, 19568, 9148, 9147, 38347, 32241, 31472, 31200, 2375, 20325, 20280, 20321, 31274, 31271, 31268, 38136, 37758, 37757, 17715, 6312, 38127, 6299, 6285, 6337, 6291, 6303]
exec:11.207560062408447
clustering:agglomerative
num_cluster:4
iteration:0
load:0.25852012634277344
path:[12675, 12679, 12684, 23451, 37734, 7704, 37733, 25506, 28734, 25504, 15423, 28684, 3845, 26657, 26652, 4212, 4198, 4200, 5812, 18768, 3471, 38430, 619, 20907, 28096, 32701, 32690, 18377, 27822, 10457, 36765, 36764, 36763, 22125, 9296, 24991, 4648, 16183, 13938, 9307, 16162, 9311, 9310, 16192, 16439, 19567, 37406, 9145, 19568, 9148, 9147, 38347, 32241, 31472, 31200, 2375, 20325, 20280, 20321, 31274, 31271, 31268, 38136, 37758, 37757, 17715, 6312, 38127, 6299, 6285, 6337, 6291, 6303]
exec:2.3400230407714844
clustering:agglomerative
num_cluster:8
iteration:0
load:0.13790106773376465
path:[12675, 12679, 12684, 23451, 37734, 7704, 37733, 25506, 28734, 25504, 15423, 28684, 3845, 26657, 26652, 4212, 4198, 4200, 5812, 18768, 3471, 38430, 619, 20907, 28096, 32701, 32690, 18377, 27822, 10457, 36765, 36764, 36763, 22125, 9296, 24991, 4648, 16183, 13938, 9307, 16162, 9311, 9310, 16192, 16439, 19567, 37406, 9145, 19568, 9148, 9147, 38347, 32241, 31472, 31200, 2375, 20325, 20280, 20321, 31274, 31271, 31268, 38136, 37758, 37757, 17715, 6312, 38127, 6299, 6285, 6337, 6291, 6303]
exec:4.0216569900512695
clustering:agglomerative
num_cluster:1
iteration:1
load:0.37906503677368164
path:[20586, 20579, 20582, 20566, 20562, 38565, 17822, 37607, 1897, 31774, 4167, 4158, 4155, 28313, 28296, 7615, 7617, 11670, 11665, 11654]
exec:0.0024747848510742188
path:[20586, 20579, 20582, 20566, 20562, 38565, 17822, 37607, 1897, 31774, 4167, 4158, 4155, 28313, 28296, 7615, 7617, 11670, 11665, 11654]
exec:0.0024640560150146484
clustering:agglomerative
num_cluster:2
iteration:1
load:0.22818994522094727
clustering:agglomerative
num_cluster:4
iteration:1
load:0.2037029266357422
path:[20586, 20579, 20582, 20566, 20562, 38565, 17822, 37607, 1897, 31774, 4167, 4158, 4155, 28313, 28296, 7615, 7617, 11670, 11665, 11654]
exec:0.002524852752685547
clustering:agglomerative
num_cluster:8
iteration:1
load:0.1343398094177246
path:[20586, 20579, 20582, 20566, 20562, 38565, 17822, 37607, 1897, 31774, 4167, 4158, 4155, 28313, 28296, 7615, 7617, 11670, 11665, 11654]
exec:0.002534151077270508
clustering:agglomerative
num_cluster:1
iteration:2
load:0.37865114212036133
path:[7815, 7837, 20866, 20867, 20864, 25135, 25108, 34088, 25132, 7384, 8699, 12169, 12012, 12080, 12118, 12039, 12152, 27129, 29433, 34244, 29443, 8337, 29441, 24176, 20361, 8125, 19552, 30630, 24842, 25435, 21249, 8690, 8691, 36034, 36035, 2379, 491, 2398, 604, 36487, 28198, 28396, 7218, 38029, 39133, 8004, 39066, 19057, 39069, 8925, 9025, 20199, 8961, 39120, 10401, 9340, 16889, 7768, 37190, 7784, 37196, 37211, 5381, 5382, 37214, 6118, 7753, 7786, 18925, 6432, 7782, 17294, 28845, 26299, 37798, 25912, 35546, 22330, 23861, 23799, 23798, 20851, 20850, 10503, 10504, 340, 20841, 20842, 34468, 5527, 17154, 5115, 5117, 5110, 5168, 36718, 4896, 28604, 33221, 25237, 36663, 36661, 15000, 2996, 36067, 3455, 3108, 3116, 3109]
exec:0.21665501594543457
clustering:agglomerative
num_cluster:2
iteration:2
load:0.2512509822845459
path:[7815, 7837, 20866, 20867, 20864, 25135, 25108, 34088, 25132, 7384, 7383, 31491, 15453, 15454, 15456, 1377, 14235, 13766, 23557, 10855, 20371, 23849, 29211, 14919, 7405, 22327, 11678, 11672, 11668, 38430, 619, 20907, 28096, 32701, 32690, 18377, 27822, 22870, 10458, 4655, 4650, 15874, 16153, 16194, 22127, 22434, 15986, 16405, 29791, 5577, 20006, 16919, 5605, 16925, 24841, 995, 18878, 1768, 1764, 35911, 8719, 3660, 3649, 3677, 36176, 5771, 38355, 5953, 32950, 20309, 20282, 4354, 5944, 17496, 5332, 32431, 5934, 12191, 12188, 12632, 5920, 35189, 10168, 22926, 5336, 31949, 5912, 5910, 5909, 18798, 18796, 25308, 26997, 34101, 2921, 12064, 34102, 5496, 34109, 5338, 5339, 5340, 5341, 5342, 5343, 5344, 5345, 5346, 5347, 5348, 5349, 5350, 25362, 25367, 5351, 25193, 6098, 36536, 29957, 16482, 13193, 16484, 13947, 13952, 13957, 30000, 15716, 4780, 2280, 4751, 4742, 24111, 10153, 125, 126, 9534, 17357, 2286, 20841, 20842, 34468, 5527, 17154, 5115, 5117, 5110, 5168, 36718, 4896, 28604, 33221, 25237, 36663, 36661, 15000, 2996, 36067, 3455, 3108, 3116, 3109]
exec:8.811291933059692
clustering:agglomerative
num_cluster:4
iteration:2
load:0.24025297164916992
path:[7815, 7837, 20866, 20867, 20864, 25135, 25108, 34088, 25132, 7384, 7383, 31491, 15453, 15454, 15456, 1377, 14235, 13766, 23557, 10855, 20371, 23849, 29211, 14919, 7405, 22327, 11678, 11672, 190, 27870, 30352, 27870, 30354, 7929, 29121, 29276, 23487, 8946, 6739, 30356, 28933, 7208, 7218, 38029, 39133, 8004, 39066, 19057, 39069, 8925, 9025, 20199, 8961, 39120, 10401, 9340, 16889, 7768, 37190, 7784, 37196, 37211, 5381, 5382, 37214, 6118, 7753, 7786, 18925, 6432, 7782, 17294, 28845, 26299, 37798, 25912, 35546, 22330, 23861, 23799, 23798, 20851, 20850, 10503, 10504, 340, 20841, 20842, 34468, 5527, 17154, 5115, 5117, 5110, 5168, 36718, 4896, 28604, 33221, 25237, 36663, 36661, 15000, 2996, 36067, 3455, 3108, 3116, 3109]
exec:0.5559420585632324
clustering:agglomerative
num_cluster:8
iteration:2
load:0.13872599601745605
path:[7815, 7837, 20866, 20867, 20864, 25135, 25108, 34088, 25132, 7384, 7383, 31491, 15453, 15454, 15456, 27340, 24133, 11773, 18967, 190, 27870, 27870, 30354, 7929, 29121, 29276, 23487, 8946, 6739, 30356, 28933, 7208, 7218, 38029, 39133, 8004, 39066, 19057, 39069, 8925, 9025, 20199, 8961, 39120, 10401, 9340, 16889, 7768, 37190, 7756, 6104, 6105, 37211, 5381, 5382, 37214, 6118, 7753, 7786, 18925, 6432, 7782, 17294, 28845, 26299, 37798, 25912, 35546, 22330, 23861, 23799, 23798, 20851, 20850, 10503, 10504, 340, 20841, 20842, 34468, 5527, 17154, 5115, 5117, 5110, 5168, 36718, 4896, 28604, 33221, 25237, 36663, 36661, 15000, 2996, 36067, 3455, 3108, 3116, 3109]
exec:2.2245287895202637
clustering:agglomerative
num_cluster:1
iteration:3
load:0.426800012588501
path:[9145, 19568, 9148, 9147, 38347, 32241, 31472, 26182, 33593, 18041, 26186, 26187, 3289, 38369, 29486, 9167, 9168, 9171, 9215, 8719, 8720, 35932, 13199, 37261, 35899, 5576, 30051, 30027, 30013, 30033, 29412, 29413, 1418, 1414, 7248, 868, 6208, 11488, 19884, 8589, 8588, 8590, 38311, 7506, 38315, 2396, 14974, 14966, 14964, 32959, 4450, 4447, 11152, 319, 4506, 5679, 4436, 22952, 5931, 8412, 2086, 34123, 32545, 32532, 16407, 32870, 35149]
exec:0.242048978805542
clustering:agglomerative
num_cluster:2
iteration:3
load:0.27510905265808105
path:[9145, 19568, 9148, 9147, 38347, 32241, 31472, 26182, 33593, 18041, 26186, 26187, 3289, 38369, 29486, 9167, 9168, 9171, 9215, 8719, 8720, 35932, 13199, 37261, 35899, 5576, 30051, 30027, 30013, 30033, 29412, 29413, 1418, 1414, 7248, 868, 6208, 11488, 19884, 8589, 8588, 8590, 38311, 7506, 38315, 2396, 14974, 14966, 14964, 32959, 4450, 4447, 11152, 319, 4506, 5679, 4436, 22952, 5931, 8412, 2086, 34123, 32545, 32532, 16407, 32870, 35149]
exec:0.03903388977050781
path:[9145, 19568, 9148, 9147, 38347, 32241, 31472, 26182, 33593, 18041, 26186, 26187, 3289, 38369, 29486, 9167, 9168, 9171, 9215, 8719, 8720, 35932, 13199, 37261, 35899, 5576, 30051, 30027, 30013, 30033, 29412, 29413, 1418, 1414, 7248, 868, 6208, 11488, 19884, 8589, 8588, 8590, 38311, 7506, 38315, 2396, 14974, 14966, 14964, 32959, 4450, 4447, 11152, 319, 4506, 5679, 4436, 22952, 5931, 8412, 2086, 34123, 32545, 32532, 16407, 32870, 35149]
exec:0.02644801139831543
clustering:agglomerative
num_cluster:4
iteration:3
load:0.2913200855255127
clustering:agglomerative
num_cluster:8
iteration:3
load:0.1504521369934082
path:[9145, 19568, 38348, 9182, 9181, 6685, 6683, 6682, 6678, 6677, 7248, 851, 34515, 34505, 34502, 35962, 16621, 23431, 11396, 16333, 278, 33676, 33651, 36636, 33685, 34128, 16347, 35221, 35220, 1773, 1759, 22667, 22982, 7658, 2351, 16351, 16349, 16375, 34312, 9660, 2336, 4406, 38619, 38615, 38620, 38618, 35843, 35845, 35846, 35857, 35856, 35855, 35868, 35869, 35871, 18805, 18812, 16377, 34270, 16378, 16808, 13037, 32527, 33734, 32529, 13631, 16407, 32870, 35149]
exec:2.026998996734619
clustering:agglomerative
num_cluster:1
iteration:4
load:0.394146203994751
path:[34504, 20500, 10169, 20487, 27996, 20316, 27993, 34090, 32411, 32407, 6755, 32398, 32943, 5358, 3656, 38359, 5356, 36177, 3651, 3672, 8720, 35932, 13199, 37261, 35899, 5576, 30051, 30027, 30013, 30033, 29412, 29413, 1418, 1414, 7248, 868, 6208, 11488, 19884, 8589, 8588, 8590, 38311, 7506, 38315, 2396, 14974, 14966, 14964, 32959, 4450, 4447, 11152, 319, 4506, 5679, 4436, 22952, 19163, 22963, 18603, 18607, 2082, 3501, 23825, 3531, 9460, 27694, 27716, 30138, 27737, 27112, 26772, 2519, 5362, 2711, 38155, 38173, 6072, 5243, 13690, 5262, 6528, 6907, 6908, 6525, 7878, 35999, 16740, 37698, 2312, 16743, 22181, 2606, 8670, 11816, 29742, 17411, 1652, 1572, 1659, 1615, 1616]
exec:0.22812795639038086
clustering:agglomerative
num_cluster:2
iteration:4
load:0.2305161952972412
path:[34504, 20500, 10169, 20487, 27996, 20316, 27993, 34090, 32411, 32407, 6755, 32398, 32943, 5358, 3656, 38359, 5356, 36177, 3651, 3672, 8720, 35932, 13199, 37261, 35899, 5576, 30051, 30027, 30013, 30033, 29412, 29413, 1418, 1414, 7248, 868, 6208, 11488, 19884, 8589, 8588, 8590, 38311, 7506, 38315, 2396, 14974, 14966, 14964, 32959, 4450, 4447, 11152, 319, 4506, 5679, 4436, 22952, 19163, 22963, 18603, 18607, 2082, 3501, 23825, 3531, 9460, 27694, 27716, 30138, 27737, 27112, 26772, 2519, 5362, 2711, 38155, 38173, 6072, 5243, 13690, 5262, 6528, 6907, 6908, 6525, 7878, 35999, 16740, 37698, 2312, 16743, 22181, 2606, 8670, 11816, 29742, 17411, 1652, 1572, 1659, 1615, 1616]
exec:0.07407498359680176
clustering:agglomerative
num_cluster:4
iteration:4
load:0.23021507263183594
path:[34504, 20500, 10169, 20487, 27996, 20316, 20316, 27993, 34090, 32411, 32407, 6755, 32398, 32943, 5358, 3656, 38359, 5356, 36177, 3651, 3672, 8720, 35932, 13199, 37261, 35899, 5576, 30051, 30027, 30013, 30033, 29412, 29413, 1418, 1414, 7248, 868, 6208, 11488, 19884, 8589, 8588, 8590, 38311, 7506, 38315, 2396, 14974, 14966, 14964, 32959, 4450, 4447, 11152, 319, 4506, 5679, 4436, 22952, 19163, 22963, 18603, 18607, 2082, 3501, 23825, 3531, 9460, 27700, 30449, 30455, 30461, 15023, 16584, 36389, 15024, 546, 6991, 15498, 20701, 34432, 10422, 8671, 21095, 2235, 2233, 17518, 17508, 11209, 2306, 16755, 8670, 11816, 29742, 17411, 1652, 1572, 1659, 1615, 1616]
exec:0.540010929107666
clustering:agglomerative
num_cluster:8
iteration:4
load:0.16384100914001465
path:[34504, 20500, 10169, 20487, 27996, 20316, 20316, 27993, 34090, 32411, 32407, 6755, 32398, 32943, 5358, 3656, 38359, 5356, 36177, 3651, 3672, 8720, 35932, 13199, 37261, 35899, 5576, 30051, 30027, 30013, 30033, 29412, 29413, 1418, 1414, 7248, 868, 6208, 11488, 19884, 8589, 8588, 8590, 38311, 7506, 38315, 2396, 14974, 14966, 14964, 32959, 4450, 4447, 11152, 319, 4506, 5679, 4436, 22952, 19163, 22963, 18603, 18607, 2082, 3501, 23825, 3531, 9460, 27700, 30449, 30455, 30461, 15023, 16584, 36389, 15024, 546, 6991, 15498, 20701, 34432, 10422, 8671, 21095, 2235, 2233, 17518, 17508, 11209, 2306, 16755, 8670, 11816, 29742, 17411, 1652, 1572, 1659, 1615, 1616]
exec:1.2437288761138916
clustering:agglomerative
num_cluster:1
iteration:5
load:0.42274999618530273
path:[29025, 29021, 1518, 28997, 1563, 29008, 1505, 29012, 1503, 34050, 34053, 20968, 24092, 2302, 20956, 2805, 2803, 2802, 11668, 2797, 30064, 2800, 32676, 35810, 35808, 9873, 9835, 35807, 14307, 35848, 35806, 35851, 14315, 14300, 14037, 35803, 9262, 7188, 24519, 24505, 7739, 7741, 12765, 12766, 12776, 7749, 30667, 7015, 35132, 32153, 28025, 31049, 30697, 623, 624, 37365, 20903, 10463, 27163, 1403, 1404, 1405, 1406, 5689, 1106, 1115, 1117, 30798, 34218, 34204, 34197, 34213, 9985, 33931, 36409, 11263, 36410, 8261, 26412, 5867, 31521, 36411, 34928, 795, 27007, 33051, 20696, 36414, 15838, 15837, 13365, 13369, 34433, 26655, 34487, 34486, 13787, 13795, 13774, 13768, 13791, 13833]
exec:0.21967005729675293
clustering:agglomerative
num_cluster:2
iteration:5
load:0.28015708923339844
path:[29025, 29021, 1518, 28997, 1563, 29008, 1505, 29012, 1503, 34050, 34053, 20968, 38924, 10700, 10682, 10702, 10678, 10590, 7593, 23973, 873, 37633, 11003, 29652, 22508, 23531, 13244, 5528, 34473, 31518, 5526, 14082, 14041, 14004, 14015, 14081, 12407, 9246, 9282, 7184, 7186, 28093, 38226, 28095, 38227, 29379, 12765, 12766, 12776, 7749, 30667, 7015, 35132, 32153, 28025, 31049, 30697, 623, 624, 37365, 20903, 10463, 27163, 1403, 1404, 1405, 1406, 5689, 1106, 1115, 1117, 30798, 34218, 34204, 34197, 34213, 9985, 33931, 36409, 11263, 36410, 8261, 26412, 5867, 31521, 36411, 34928, 795, 27007, 33051, 20696, 36414, 15838, 15837, 13365, 13369, 34433, 26655, 34487, 34486, 13787, 13795, 13774, 13768, 13791, 13833]
exec:5.51258397102356
clustering:agglomerative
num_cluster:4
iteration:5
load:0.20569682121276855
path:[29025, 29021, 1518, 28997, 1563, 29008, 1505, 29012, 1503, 34050, 34053, 20968, 38924, 10700, 10682, 10702, 10678, 10590, 7593, 23973, 873, 37633, 11003, 29652, 22508, 23531, 13244, 5528, 34473, 31518, 5526, 14082, 14041, 14004, 14015, 14081, 12407, 9246, 9282, 7184, 7186, 28093, 38226, 28095, 38227, 29379, 12765, 12766, 12776, 7749, 30667, 7015, 35132, 32153, 28025, 31049, 30697, 623, 624, 37365, 20903, 10463, 27163, 1403, 1404, 1405, 1406, 5689, 1106, 1115, 1117, 30798, 34218, 34204, 34197, 34213, 9985, 33931, 36409, 11263, 36410, 8261, 26412, 5867, 31521, 36411, 34928, 795, 27007, 33051, 20696, 36414, 15838, 15837, 13365, 13369, 34433, 26655, 34487, 34486, 13787, 13795, 13774, 13768, 13791, 13833]
exec:5.581971883773804
clustering:agglomerative
num_cluster:8
iteration:5
load:0.1349658966064453
path:[29025, 29021, 1518, 28997, 1563, 29008, 1505, 29012, 1503, 34050, 34053, 21020, 16494, 13606, 34071, 37695, 618, 618, 23940, 38423, 34287, 26928, 33133, 26937, 26910, 37557, 29416, 29415, 7699, 12816, 1856, 33111, 1858, 30364, 30350, 3974, 21731, 3983, 27141, 27170, 27165, 27162, 1859, 309, 10453, 10452, 7865, 21130, 21131, 32412, 23553, 23552, 10252, 17268, 31456, 27271, 24357, 8050, 19648, 13540, 15574, 15596, 12735, 15613, 12734, 12733, 13162, 15646, 16052, 15578, 15584, 15567, 15569, 5129, 1387, 27960, 13077, 13073, 12602, 13072, 8842, 3126, 8843, 8844, 8845, 4825, 4810, 7740, 36896, 15328, 15326, 20597, 5882, 28002, 24710, 24680, 24700, 24722, 28004, 24221, 24254, 24284, 29717, 3285, 1062, 34712, 38849, 34744, 26644, 1084, 34677, 23728, 1049, 34641, 34286, 34491, 34493, 34489, 10484, 13795, 13774, 13768, 13791, 13833]
exec:1.8279390335083008
clustering:agglomerative
num_cluster:1
iteration:6
load:0.3873300552368164
path:[31940, 23652, 31939, 31937, 31934, 31931, 10310, 10241, 15291, 21691, 33047, 26506, 26664, 32491, 455, 477, 471, 27870, 190, 16483, 493, 494, 495, 2759, 520, 7208, 7218, 38029, 39133, 8004, 39066, 19057, 39069, 7566, 39078, 11924]
exec:0.01776909828186035
clustering:agglomerative
num_cluster:2
iteration:6
load:0.28150415420532227
path:[31940, 23652, 31939, 31937, 31934, 31931, 10310, 10241, 15291, 21691, 33047, 26506, 26664, 32491, 455, 477, 471, 27870, 30354, 7929, 29121, 29276, 23487, 8946, 6739, 30356, 28933, 7208, 7218, 38029, 39133, 8004, 39066, 19057, 39069, 7566, 39078, 11924]
exec:0.015549898147583008
path:[31940, 23652, 31939, 31937, 31934, 31931, 10310, 10241, 15291, 21691, 33047, 26506, 26664, 32491, 455, 477, 471, 27870, 30354, 7929, 29121, 29276, 23487, 8946, 6739, 30356, 28933, 7208, 7218, 38029, 39133, 8004, 39066, 19057, 39069, 7566, 39078, 11924]
exec:0.007370948791503906
clustering:agglomerative
num_cluster:4
iteration:6
load:0.2488870620727539
path:[31940, 23652, 31939, 31937, 31934, 31931, 10310, 10241, 15291, 21691, 33047, 26506, 26664, 32491, 455, 477, 471, 27870, 30354, 7929, 29121, 29276, 23487, 8946, 6739, 30356, 28933, 7208, 7218, 38029, 39133, 8004, 39066, 19057, 39069, 7566, 39078, 11924]
exec:0.007691144943237305
clustering:agglomerative
num_cluster:8
iteration:6
load:0.15935301780700684
clustering:agglomerative
num_cluster:1
iteration:7
load:0.4533121585845947
path:[14409, 14411, 14410, 4008, 1856, 33111, 1858, 30364, 30350, 3974, 18709, 18706, 2405, 2263, 32784]
exec:0.0029540061950683594
path:[14409, 14411, 14410, 4008, 1856, 33111, 1858, 30364, 30350, 3974, 18709, 18706, 2405, 2263, 32784]
exec:0.002629995346069336
clustering:agglomerative
num_cluster:2
iteration:7
load:0.2311849594116211
clustering:agglomerative
num_cluster:4
iteration:7
load:0.20278501510620117
path:[14409, 14411, 14410, 4008, 1856, 33111, 1858, 30364, 30350, 3974, 18709, 18706, 2405, 2263, 32784]
exec:0.0025949478149414062
clustering:agglomerative
num_cluster:8
iteration:7
load:0.16060400009155273
path:[14409, 14411, 14410, 4008, 1856, 33111, 1858, 30364, 30350, 3974, 18709, 18706, 2405, 2263, 32784]
exec:0.003064870834350586
clustering:agglomerative
num_cluster:1
iteration:8
load:0.4126091003417969
path:[38411, 16993, 16982, 17350, 13043, 17351, 17354, 13745, 17818, 17819, 17823, 35147, 8868, 19586, 13529, 4879, 26230, 26233, 26229, 15295, 3417, 27133, 27132, 15296, 9107, 23552, 10252, 17268, 31461, 31453, 31465, 27268, 31430, 31184, 20387, 14544, 14565, 14534, 14545, 14546, 25507, 21500, 6563, 5595, 25499, 33021, 741, 26779, 26778, 26780, 26638, 26757, 15670, 7827, 7831, 11729, 10314, 19382, 3029, 9481, 25434, 16080, 16068, 7237, 13210, 13203, 13212, 13213, 20084, 20085, 38197, 21376, 28403, 34991, 5933, 5938, 4220, 4221, 26513, 7668, 36000, 7920, 30063, 8018, 5049, 23565, 30022, 1132, 4545, 319, 4506, 5679, 4436, 22952, 5931, 8412, 2086, 34123, 32545, 32532, 16407, 13631, 32826, 32820, 32803, 12448, 12759, 12453, 5308, 12455, 12470, 12474, 16605, 12482, 16609, 3668, 17580, 34987, 5305, 5307, 28269, 38006, 38008, 27868, 38049, 38046]
exec:0.23571205139160156
clustering:agglomerative
num_cluster:2
iteration:8
load:0.22950410842895508
path:[38411, 16993, 16982, 17350, 13043, 17351, 17354, 13745, 17818, 17819, 17823, 35147, 8868, 19586, 13529, 4879, 26230, 26233, 26229, 15295, 3417, 27133, 27132, 9059, 10265, 15284, 6008, 6004, 6006, 3999, 27178, 27171, 27162, 27165, 27170, 27141, 3983, 21731, 3974, 30350, 30364, 1858, 33111, 1856, 12816, 7699, 29415, 29416, 37557, 26938, 26937, 33133, 26928, 23934, 38423, 38430, 20918, 5271, 27231, 24830, 33775, 281, 30593, 3480, 3484, 10318, 10319, 10321, 26787, 18106, 18730, 16339, 18746, 18199, 18201, 36984, 8113, 5773, 7519, 35957, 23503, 9012, 24750, 34551, 26502, 30063, 8018, 5049, 23565, 30022, 1132, 4545, 319, 4506, 5679, 4436, 22952, 5931, 8412, 2086, 34123, 32545, 32532, 16407, 13631, 32826, 32820, 32803, 12448, 12759, 12453, 5308, 12455, 12470, 12474, 16605, 12482, 16609, 3668, 17580, 34987, 5305, 5307, 28269, 38006, 38008, 27868, 38049, 38046]
exec:8.059514045715332
clustering:agglomerative
num_cluster:4
iteration:8
load:0.2592658996582031
path:[38411, 16993, 33831, 33832, 33829, 38637, 8257, 16024, 768, 5863, 11234, 32904, 8261, 36410, 11263, 36409, 33931, 9985, 34213, 34197, 34204, 34218, 30798, 1117, 1115, 1106, 5689, 1406, 13581, 3819, 3820, 24398, 32075, 26542, 24581, 7244, 20235, 37488, 17384, 14325, 32168, 34554, 38457, 38456, 32251, 2017, 2022, 34418, 32283, 38532, 30087, 30104, 30102, 31028, 29473, 36963, 29438, 29442, 12038, 21397, 29433, 34244, 29443, 8337, 29441, 24176, 20361, 8125, 19552, 30630, 24842, 25435, 21249, 8690, 8691, 36034, 36035, 2379, 491, 2398, 604, 618, 37695, 27694, 9460, 3531, 23825, 3501, 2082, 18607, 18603, 22963, 9366, 2081, 34123, 32545, 32532, 16407, 13631, 32826, 32820, 32803, 12448, 12759, 12453, 5308, 12455, 12470, 12474, 16605, 12482, 16609, 3668, 17580, 34987, 5305, 5307, 28269, 38006, 38008, 27868, 38049, 38046]
exec:2.206395149230957
clustering:agglomerative
num_cluster:8
iteration:8
load:0.13573312759399414
path:[38411, 16993, 16982, 17350, 13043, 17351, 17354, 13745, 17818, 17819, 17823, 17823, 35147, 8868, 19586, 13529, 4879, 26230, 26233, 26229, 15295, 3417, 27133, 27132, 9059, 10265, 15284, 6008, 6004, 6006, 3999, 27178, 27171, 27162, 27165, 27170, 27141, 3983, 21731, 3974, 30350, 30364, 1858, 33111, 1856, 12816, 7699, 29415, 29416, 37557, 26938, 26937, 33133, 26928, 23934, 38423, 23940, 618, 37695, 37695, 619, 20907, 28096, 32701, 32690, 18377, 27822, 22870, 10458, 4655, 4650, 15874, 16153, 16194, 22127, 22434, 15986, 16405, 29791, 6345, 16918, 10459, 16923, 5597, 5592, 27871, 5599, 5606, 13199, 37261, 35899, 5576, 30051, 30027, 30013, 30033, 29412, 29413, 1418, 1414, 7248, 851, 34515, 34505, 34502, 35962, 16621, 23431, 11396, 16333, 278, 33676, 33651, 36636, 33685, 34128, 16347, 35221, 35220, 1773, 1759, 22667, 22982, 7658, 2351, 16351, 16349, 16375, 34312, 9660, 2336, 38617, 6873, 6854, 38628, 2666, 38649, 2670, 38762, 35471, 11598, 11600, 4384, 35824, 35834, 35831, 35829, 4404, 20456, 18214, 20461, 38514, 7891, 20463, 38010, 4741, 4750, 21726, 34986, 21780, 20468, 17551, 38041, 38040, 38047, 38046]
exec:1.2800300121307373
clustering:agglomerative
num_cluster:1
iteration:9
load:0.393049955368042
path:[26343, 26351, 30087, 30104, 30102, 31028, 29473, 36963, 29438, 29442, 12038, 21397, 29433, 34244, 29443, 8337, 29441, 24176, 20361, 3871, 2005, 7650, 19717, 29103, 14923, 39137, 2819, 17786, 22923, 37155, 2850, 2852, 2854, 34086, 34087, 34092, 32441, 5934, 5363, 32430, 5326, 17475, 4355, 20346, 20298, 32943, 5358, 3656, 38359, 5356, 36177, 3651, 3672, 8720, 35932, 13199, 37261, 35899, 5576, 30051, 30027, 30013, 30033, 29412, 29413, 1418, 1414, 7248, 868, 6208, 11488, 19884, 8589, 8588, 8590, 38311, 7506, 38315, 2396, 14974, 14966, 14964, 32959, 4450, 4447, 11152, 319, 4506, 5679, 4436, 22952, 19163, 22963, 18603, 18607, 2082, 3501, 23825, 3531, 9460, 27694, 27716, 30138, 2517, 2712, 30140, 32055, 38150, 27698, 33143, 35873, 38142, 23037, 38148, 23176, 23217, 13704, 35310, 21446, 32833, 32873, 35320]
exec:0.2355959415435791
clustering:agglomerative
num_cluster:2
iteration:9
load:0.2831230163574219
path:[26343, 26351, 30087, 30104, 30102, 31028, 29473, 36963, 29438, 29442, 12038, 21397, 29433, 34244, 29443, 8337, 29441, 24176, 20361, 3871, 2005, 7650, 19717, 29103, 14923, 39137, 2819, 28723, 26817, 26819, 6410, 190, 27870, 20928, 3725, 21996, 5383, 5389, 5390, 11270, 18722, 18730, 16339, 18746, 18199, 18201, 36984, 8113, 5773, 7519, 35957, 23503, 9012, 24750, 34551, 26502, 30063, 8018, 5049, 23565, 30022, 1132, 4545, 319, 4506, 5679, 4436, 22952, 19163, 22963, 18603, 18607, 2082, 3501, 23825, 3531, 9460, 27694, 27716, 30138, 2517, 2712, 30140, 32055, 38150, 27698, 33143, 35873, 38142, 23037, 38148, 23176, 23217, 13704, 35310, 21446, 32833, 32873, 35320]
exec:8.588449001312256
clustering:agglomerative
num_cluster:4
iteration:9
load:0.20628905296325684
path:[26343, 26351, 30087, 30104, 30102, 31028, 29473, 36963, 29438, 29442, 12038, 21397, 29433, 34244, 29443, 8337, 29441, 24176, 20361, 3871, 2005, 7650, 19717, 29103, 14923, 39137, 2819, 28723, 26817, 26819, 6410, 618, 37695, 37695, 619, 38430, 21141, 14775, 14776, 5273, 5272, 5271, 27231, 24830, 33775, 281, 30593, 3480, 3484, 10318, 10319, 10321, 26787, 18106, 18730, 16339, 18746, 18199, 18201, 36984, 8113, 5773, 7519, 35957, 23503, 9012, 24750, 34551, 26502, 30063, 8018, 5049, 23565, 30022, 1132, 4545, 319, 4506, 5679, 4436, 22952, 19163, 22963, 18603, 18607, 2082, 3501, 23825, 3531, 9460, 27700, 30449, 18286, 18237, 26274, 6459, 18433, 9407, 16572, 27467, 6564, 7259, 7260, 7264, 13220, 16577, 26600, 16589, 26317, 34051, 34094, 2527, 2523, 2520, 38155, 2711, 5268, 5259, 13946, 13953, 35364, 23013, 35360, 35357, 35349, 35350, 35342, 35338, 36011, 13704, 35310, 21446, 32833, 32873, 35320]
exec:0.5271251201629639
clustering:agglomerative
num_cluster:8
iteration:9
load:0.15604281425476074
path:[26343, 26351, 30087, 30104, 30102, 31028, 29473, 36963, 29438, 29442, 12038, 21397, 29433, 34244, 29443, 8337, 29441, 24176, 20361, 3871, 2005, 7650, 19717, 29103, 14923, 39137, 2819, 17786, 22923, 22923, 4907, 4911, 4914, 18544, 13606, 34071, 21092, 6177, 6180, 6183, 19834, 38247, 4211, 4213, 4214, 4349, 17489, 20342, 20309, 32950, 5953, 38355, 5771, 5356, 36177, 3651, 3672, 8720, 35932, 13199, 37261, 35899, 5576, 30051, 30027, 30013, 30033, 29412, 29413, 1418, 1414, 7248, 868, 6208, 11488, 19884, 8589, 8588, 8590, 38311, 7506, 38315, 2396, 14974, 14966, 14964, 32959, 4450, 4447, 11152, 319, 4506, 5679, 4436, 22952, 19163, 22963, 18603, 18607, 2082, 3501, 23825, 3531, 9460, 27700, 30449, 18286, 18237, 26274, 6459, 18433, 9407, 16572, 27467, 6564, 7259, 7260, 7264, 13220, 16577, 26600, 16589, 26317, 34051, 34094, 2527, 2523, 2520, 38155, 2711, 5268, 5259, 13946, 13953, 35364, 23013, 35360, 35357, 35349, 35350, 35342, 35338, 36011, 13704, 35310, 21446, 32833, 32873, 35320]
exec:2.582932949066162
