clustering:kmeans
num_cluster:1
iteration:0
load:0.42818498611450195
path:[13660, 29790, 17205, 1039, 1032, 19678, 36934, 2624, 16721, 6856, 6819, 17413, 17538, 17539, 17541, 17707, 17708, 17709, 16739, 23246, 31050, 13958, 13959, 23651, 18030, 13953, 13946, 5265, 13702, 2710, 36017, 17064, 35874, 2517, 2516, 30136, 27700, 9460, 3531, 23825, 3501, 2082, 18607, 18603, 22963, 19163, 22952, 4436, 5679, 4506, 319, 4545, 1132, 30022, 23565, 5049, 8018, 30063, 7920, 36000, 7668, 26513, 4221, 4220, 5938, 5933, 34991, 28403, 21376, 38197, 29919, 20084, 13213, 13212, 13203, 13202, 7237, 16068, 16080, 25434, 9481, 3029, 19382, 10314, 11729, 7831, 7827, 15670, 26757, 26638, 26780, 26778, 26779, 741, 33021, 25499, 5595, 6563, 21500, 25507, 14546, 14545, 14534, 14565, 14544, 20387, 31184, 27266, 31459, 27264, 27271, 31456, 17268, 10252, 23552, 9107, 9093, 25663, 14348, 14346, 15295, 26229, 26233, 26230, 4879, 13529, 19586, 8868, 35147, 17823, 17819, 6321]
exec:0.23427700996398926
clustering:kmeans
num_cluster:2
iteration:0
load:0.2320101261138916
path:[13660, 29790, 17205, 1039, 1032, 19678, 36934, 2624, 16721, 6856, 6819, 17413, 17538, 17539, 17541, 17707, 17708, 17709, 16739, 23246, 31050, 13958, 13959, 23651, 18030, 13953, 13946, 5265, 13702, 2710, 36017, 17064, 35874, 2517, 2516, 30136, 27700, 9460, 3531, 23825, 3501, 2082, 18607, 18603, 22963, 19163, 22952, 4436, 5679, 4506, 319, 4545, 1132, 30022, 23565, 5049, 8018, 30063, 26502, 34551, 24750, 9012, 23503, 35957, 7519, 5773, 8113, 36984, 18201, 18199, 18746, 16339, 5375, 14756, 5235, 38292, 26930, 5238, 5236, 26934, 14771, 5247, 16161, 16160, 33142, 5256, 193, 9046, 22858, 34288, 5272, 38272, 26945, 26944, 6416, 26910, 37557, 29416, 29415, 7699, 12816, 1856, 33111, 1858, 30364, 30350, 3974, 21731, 3983, 27141, 27170, 27165, 27162, 27171, 27178, 3999, 6006, 6004, 6008, 15284, 4001, 10266, 34374, 27133, 3417, 15295, 26229, 26233, 26230, 4879, 13529, 19586, 8868, 35147, 17823, 17819, 6321]
exec:12.703166961669922
clustering:kmeans
num_cluster:4
iteration:0
load:0.10491609573364258
path:[13660, 29790, 17205, 1039, 1032, 19678, 36934, 2624, 16721, 6856, 6819, 17413, 17538, 17539, 17541, 17707, 17708, 17709, 16739, 23246, 31050, 13958, 13959, 23651, 18030, 13953, 13946, 5265, 13702, 2710, 36017, 17064, 35874, 2517, 2516, 30136, 27700, 9460, 3531, 23825, 3501, 2082, 18607, 18603, 22963, 19163, 22952, 4436, 5679, 4506, 319, 4545, 1132, 30022, 23565, 5049, 8018, 30063, 26502, 34551, 24750, 9012, 23503, 23503, 35957, 7519, 5773, 8113, 36984, 18201, 18199, 18746, 16339, 18730, 18106, 26787, 10321, 10319, 10318, 3484, 3480, 30593, 281, 33775, 15626, 27841, 5271, 5272, 38272, 34287, 26928, 33133, 26937, 6499, 6498, 37555, 37553, 19766, 37549, 19625, 19679, 19685, 19689, 19695, 19692, 19699, 23809, 5071, 23811, 18085, 37536, 18087, 16310, 24171, 24167, 37533, 28849, 10730, 10727, 7996, 19862, 21375, 32085, 26324, 6793, 19538, 9134, 28970, 28977, 5281, 11699, 11539, 11540, 12017, 22940, 12019, 9483, 37372, 37380, 1398, 1400, 1401, 5327, 35119, 35094, 35127, 15530, 15616, 8908, 38548, 8891, 8921, 8924, 8960, 10488, 28458, 28201, 28199, 28464, 28526, 29129, 29760, 32971, 29756, 32972, 20228, 27803, 27062, 27804, 7337, 3268, 37212, 37087, 7380, 37070, 10026, 36002, 36958, 22326, 22325, 15378, 36350, 21303, 3820, 3819, 13581, 1406, 5689, 1106, 1115, 1117, 30798, 34218, 34204, 34197, 34213, 9985, 33931, 36409, 11263, 36410, 8261, 32904, 11234, 5863, 768, 16024, 8257, 38633, 13715, 13745, 17818, 17819, 6321]
exec:1.6293768882751465
clustering:kmeans
num_cluster:8
iteration:0
load:0.11348104476928711
path:[13660, 29790, 17205, 1039, 1032, 19678, 36934, 2624, 16721, 6856, 6819, 17413, 17538, 17539, 17541, 17707, 17708, 17709, 16739, 23246, 31050, 13958, 13959, 23651, 18030, 13953, 13946, 5265, 13702, 2710, 36017, 17064, 35874, 2517, 2516, 30136, 27700, 9460, 3531, 23825, 3501, 2082, 18607, 18603, 22963, 9366, 9366, 2081, 34123, 32545, 32532, 16407, 13631, 32529, 33734, 32527, 13037, 16808, 16378, 34270, 16377, 20844, 18806, 22363, 16020, 22374, 16088, 25216, 25213, 16607, 15857, 18809, 16354, 27979, 16352, 35945, 4406, 2336, 9660, 34312, 35605, 6989, 28853, 8014, 26482, 5927, 22987, 22668, 1787, 6990, 22311, 35199, 35210, 22349, 22390, 12409, 5805, 12710, 34066, 34070, 20848, 34072, 34081, 26185, 29093, 2380, 26197, 26197, 26200, 29483, 302, 20544, 29485, 5356, 5771, 9175, 3674, 26179, 26175, 38369, 3289, 26187, 26186, 18041, 33593, 26182, 31472, 31200, 2375, 20325, 20269, 7232, 31276, 31280, 31421, 15756, 15754, 15750, 11887, 2805, 2803, 2802, 11668, 11672, 11678, 22327, 7405, 14919, 29211, 23845, 29204, 23428, 1374, 1375, 15457, 34691, 34685, 34681, 2931, 34684, 26236, 36214, 21062, 4882, 4881, 4880, 4879, 13529, 19586, 8868, 35147, 17823, 17819, 6321]
exec:3.872473955154419
clustering:kmeans
num_cluster:1
iteration:1
load:0.40409088134765625
path:[25645, 35729, 6321, 17819, 17818, 13745, 13715, 13717, 28069, 16024, 16045, 5887, 5835, 5849, 5868, 5851, 26849, 27006, 27005, 26848, 27007, 33051, 20696, 36414, 15838, 15837, 13365, 13369, 34433, 26655, 34487, 34493, 34491, 13824, 1060, 31721, 36415, 20420, 20436, 20451, 20412, 20411, 14440, 14419, 14433, 10611, 36486, 10622, 10598, 10617, 10619, 34113, 21155, 26578, 10217, 31860, 31877, 10417, 32473]
exec:0.04818105697631836
clustering:kmeans
num_cluster:2
iteration:1
load:0.18873906135559082
path:[25645, 35729, 6321, 17819, 17818, 13745, 13715, 13717, 28069, 16024, 16045, 5887, 5835, 5849, 5868, 5851, 26849, 27006, 27005, 26848, 27007, 33051, 20696, 36414, 15838, 15837, 13365, 13369, 34433, 26655, 34487, 34493, 34491, 13824, 1060, 31721, 36415, 20420, 20436, 20451, 20412, 20411, 14440, 14419, 14433, 10611, 36486, 10622, 10598, 10617, 10619, 34113, 21155, 26578, 10217, 31860, 31877, 10417, 32473]
exec:0.045948028564453125
path:[25645, 35729, 6321, 17819, 17818, 13745, 13715, 13717, 28069, 16024, 16045, 5887, 5835, 5849, 5868, 5851, 26849, 27006, 27005, 26848, 27007, 33051, 20696, 36414, 15838, 15837, 13365, 13369, 34433, 26655, 34487, 34493, 34491, 13824, 1060, 31721, 36415, 20420, 20436, 20451, 20412, 20411, 14440, 14419, 14433, 10611, 36486, 10622, 10598, 10617, 10619, 34113, 21155, 26578, 10217, 31860, 31877, 10417, 32473]
exec:0.016509056091308594
clustering:kmeans
num_cluster:4
iteration:1
load:0.09588098526000977
clustering:kmeans
num_cluster:8
iteration:1
load:0.1343979835510254
path:[25645, 35729, 33607, 33809, 33805, 13043, 33807, 265, 13045, 38429, 13047, 34619, 34689, 34585, 16067, 6746, 2820, 8643, 9213, 13853, 9194, 9503, 31832, 31831, 25596, 23303, 33026, 26432, 34974, 21634, 25644, 30994, 31656, 21573, 20862, 21585, 7573, 25673, 25670, 25675, 25668, 32052, 21372, 21383, 34808, 33463, 33476, 33448, 33465, 33483, 28027, 34113, 21155, 26578, 10217, 31860, 31877, 10417, 32473]
exec:3.2678768634796143
clustering:kmeans
num_cluster:1
iteration:2
load:0.4169321060180664
path:[13911, 20686, 16652, 29806, 22673, 10591, 9232, 5605, 16925, 24841, 995, 18878, 1768, 1764, 35911, 8719, 3660, 3649, 3677, 36176, 5771, 38355, 5953, 32950, 20309, 20282, 4354, 5944, 17496, 5332, 32431, 5934, 32441, 12190, 12187, 32450, 38007, 14213, 3628, 25471, 15291, 21691, 33047, 26506, 26664, 32491, 455, 1690, 19616, 448, 469, 3181, 451, 452, 19203, 31901, 31777, 31775, 31773, 3201, 11129, 7007, 16336, 11085, 16328, 2323, 20198, 8961, 39120, 10401, 6709, 32534, 30887, 31963, 31962, 31965, 31971]
exec:0.19105291366577148
path:[13911, 20686, 16652, 29806, 22673, 10591, 9232, 5605, 16925, 24841, 995, 18878, 1768, 1764, 35911, 8719, 3660, 3649, 3677, 36176, 5771, 38355, 5953, 32950, 20309, 20282, 4354, 5944, 17496, 5332, 32431, 5934, 32441, 12190, 12187, 32450, 38007, 14213, 3628, 25471, 15291, 21691, 33047, 26506, 26664, 32491, 455, 1690, 19616, 448, 469, 3181, 451, 452, 19203, 31901, 31777, 31775, 31773, 3201, 11129, 7007, 16336, 11085, 16328, 2323, 20198, 8961, 39120, 10401, 6709, 32534, 30887, 31963, 31962, 31965, 31971]
exec:0.059329986572265625
clustering:kmeans
num_cluster:2
iteration:2
load:0.22977519035339355
clustering:kmeans
num_cluster:4
iteration:2
load:0.10510587692260742
path:[13911, 20686, 16652, 29806, 22673, 10591, 9232, 5605, 16925, 24841, 995, 18878, 1768, 1764, 35911, 8719, 3660, 3649, 3677, 36176, 5771, 38355, 5953, 39022, 16349, 16351, 2351, 26482, 5927, 22987, 22668, 1787, 6990, 22311, 35199, 35210, 22349, 22390, 12409, 19508, 34091, 32411, 34090, 27993, 25066, 28630, 38248, 17970, 6062, 33751, 33750, 12632, 32450, 38007, 14213, 3628, 25471, 15291, 21691, 33047, 26506, 26664, 32491, 455, 1690, 19616, 448, 469, 3181, 451, 452, 19203, 31901, 31777, 31775, 31773, 3201, 11129, 7007, 16336, 11085, 16328, 2323, 20198, 8961, 39120, 10401, 6709, 32534, 30887, 31963, 31962, 31965, 31971]
exec:2.4527299404144287
clustering:kmeans
num_cluster:8
iteration:2
load:0.11359119415283203
path:[13911, 20686, 16652, 29806, 22673, 10591, 9232, 5605, 16925, 24841, 995, 18878, 1768, 30939, 13199, 37261, 35899, 5576, 30051, 30027, 30013, 3887, 7650, 36454, 36436, 20499, 20487, 5817, 5814, 36876, 25067, 25066, 28630, 38248, 17970, 6062, 33751, 33750, 12632, 32450, 38007, 14213, 3628, 25471, 15291, 21691, 33047, 26506, 26664, 32491, 455, 1690, 19616, 448, 469, 3181, 451, 452, 19203, 31901, 31777, 31775, 31773, 3201, 11129, 7007, 16336, 11085, 16328, 2323, 20198, 8961, 39120, 10401, 6709, 32534, 30887, 31963, 31962, 31965, 31971]
exec:2.6431479454040527
clustering:kmeans
num_cluster:1
iteration:3
load:0.421558141708374
path:[4997, 4994, 4992, 4977, 26684, 4989, 4990, 26673, 25611, 30852, 5534, 5524, 7288, 30944, 1380, 30946, 30947, 6622, 13215, 13216, 8667, 38208, 8677, 676, 658, 671, 19373, 19375, 19377, 20846, 14368, 14360, 29989, 26767, 26757, 26638, 26780, 26778, 26779, 741, 33021, 25499, 5595, 6563, 21500, 25507, 14546, 14545, 14534, 14565, 14544, 20387, 31184, 27266, 31459, 27264, 27271, 31456, 17268, 10252, 23552, 9107, 9093, 25663, 14348, 14346, 15295, 26229, 26233, 26230, 4879, 13529, 19586, 8868, 35147, 17823, 17819, 17818, 13745, 13715, 38633, 8257, 38637, 33829, 33832, 33830, 36118]
exec:0.30474090576171875
clustering:kmeans
num_cluster:2
iteration:3
load:0.2584209442138672
path:[4997, 4994, 4992, 4977, 4986, 4984, 4973, 4998, 26703, 32725, 4970, 32727, 7269, 7268, 35958, 35957, 7519, 5773, 8113, 36984, 18201, 18199, 18746, 16339, 5375, 14756, 5235, 38292, 26930, 5238, 5236, 26934, 14771, 5247, 16161, 16160, 33142, 5256, 193, 9046, 22858, 34288, 5272, 38272, 26945, 26944, 6416, 26910, 37557, 29416, 29415, 7699, 12816, 1856, 33111, 1858, 30364, 30350, 3974, 21731, 3983, 27141, 27170, 27165, 27162, 27171, 27178, 3999, 6006, 6004, 6008, 15284, 4001, 10266, 34374, 27133, 3417, 15295, 26229, 26233, 26230, 4879, 13529, 19586, 8868, 35147, 17823, 17819, 17818, 13745, 13715, 38633, 8257, 38637, 33829, 33832, 33830, 36118]
exec:12.346851110458374
clustering:kmeans
num_cluster:4
iteration:3
load:0.09558606147766113
path:[4997, 4994, 4992, 4977, 4986, 4984, 1401, 5327, 35119, 35094, 35127, 15530, 15616, 8908, 38548, 8891, 8921, 8924, 8960, 10488, 28458, 28201, 28199, 28464, 28526, 29129, 29760, 32971, 29756, 32972, 20228, 27803, 27062, 27804, 7337, 3268, 37212, 37087, 7380, 37070, 10026, 36002, 36958, 22326, 22325, 15378, 36350, 21303, 3820, 3819, 13581, 1406, 5689, 1106, 1115, 1117, 30798, 34218, 34204, 34197, 34213, 9985, 33931, 36409, 11263, 36410, 8261, 32904, 11234, 5863, 768, 16024, 8257, 38637, 33829, 33832, 33830, 36118]
exec:2.3207380771636963
clustering:kmeans
num_cluster:8
iteration:3
load:0.13502097129821777
path:[4997, 4994, 4992, 4977, 4986, 4984, 4973, 4998, 26703, 32725, 4970, 32727, 7269, 7268, 35958, 35957, 7519, 5773, 8113, 15883, 27930, 26405, 1545, 9417, 9469, 9469, 26523, 32736, 2285, 3025, 2874, 664, 671, 19373, 19375, 19377, 20846, 14368, 14360, 29989, 26767, 26757, 26638, 26780, 26778, 26779, 741, 33021, 25499, 5595, 6563, 21500, 25507, 14546, 14545, 14534, 14565, 14544, 20387, 11938, 13687, 20126, 15407, 7627, 16131, 5310, 16135, 16774, 8247, 8246, 33354, 31602, 7257, 7267, 7243, 1958, 1957, 1938, 6967, 6976, 6940, 497, 38422, 38428, 257, 38419, 36080, 36051, 36071, 30429, 36118]
exec:3.086749792098999
clustering:kmeans
num_cluster:1
iteration:4
load:0.4178791046142578
path:[37139, 37126, 37128, 17287, 37111, 1872, 316, 16810, 1863, 1873, 1871, 1861, 1875, 18168, 10289, 10299, 13271, 36887, 13270, 2471, 6805, 6814, 6819, 17413, 17538, 17539, 17541, 17707, 17708, 17709, 16739, 23246, 31050, 13958, 13959, 23651, 18030, 13953, 13946, 5265, 13702, 2710, 36017, 17064, 35874, 2517, 2516, 30136, 27700, 9460, 3531, 23825, 3501, 2082, 18607, 18603, 22963, 19163, 22952, 4436, 5679, 4506, 319, 11152, 4447, 4450, 32959, 14964, 14966, 14974, 2396, 38315, 7506, 38311, 8590, 8588, 8589, 19884, 11488, 6208, 868, 7248, 1414, 1418, 29413, 29412, 30033, 30013, 30027, 30051, 5576, 35899, 37265, 31639, 35932, 8720, 3672, 3651, 36177, 36176, 5771, 38355, 5953, 32950, 20309, 20282, 4354, 5944, 17496, 5332, 32431, 5934, 12191, 12188, 12632, 5920, 35189, 10168, 22926, 5336, 31949, 5912, 5910, 5909, 18798, 18796, 25308, 26997, 34101, 2921, 12064, 34102, 5496, 34109, 5338, 5339, 5340, 5341, 5342, 5343, 5344, 5345, 5346, 5347, 5348, 5349, 5350, 25362, 25367, 5351, 25193, 6098, 36536, 29957, 16482, 13193, 16484, 13947, 13952, 13957, 31021, 31023, 9057, 9908, 30428, 27655, 1881, 27673, 9933, 8917, 7003, 36838, 28563, 28564]
exec:0.28414392471313477
clustering:kmeans
num_cluster:2
iteration:4
load:0.1895279884338379
path:[37139, 37126, 37128, 17287, 37111, 1872, 316, 16810, 1863, 1873, 1871, 1861, 1875, 18168, 10289, 10299, 13271, 36887, 13270, 2471, 6805, 6814, 6819, 17413, 17538, 17539, 17541, 17707, 17708, 17709, 16739, 23246, 31050, 13958, 13959, 23651, 18030, 13953, 13946, 5265, 13702, 2710, 36017, 17064, 35874, 2517, 2516, 30136, 27700, 9460, 3531, 23825, 3501, 2082, 18607, 18603, 22963, 19163, 22952, 4436, 5679, 4506, 319, 11152, 4447, 4450, 32959, 14964, 14966, 14974, 2396, 38315, 7506, 38311, 8590, 8588, 8589, 19884, 11488, 6208, 868, 7248, 1414, 1418, 29413, 29412, 30033, 30013, 1167, 27227, 31288, 31290, 31289, 31293, 31295, 12673, 14263, 14264, 16472, 16474, 35623, 29929, 36183, 36205, 35042, 36364, 5823, 5824, 16691, 10385, 5729, 31713, 21334, 34109, 5338, 5339, 5340, 5341, 5342, 5343, 5344, 5345, 5346, 5347, 5348, 5349, 5350, 25362, 25367, 5351, 25193, 6098, 36536, 29957, 16482, 13193, 16484, 13947, 13952, 13957, 31021, 31023, 9057, 9908, 30428, 27655, 1881, 27673, 9933, 8917, 7003, 36838, 28563, 28564]
exec:12.064505100250244
clustering:kmeans
num_cluster:4
iteration:4
load:0.1062321662902832
path:[37139, 37126, 37128, 17287, 37111, 1872, 316, 16810, 1863, 1873, 1871, 1861, 1875, 18168, 10289, 10294, 10290, 11740, 37954, 21562, 13582, 21556, 34441, 34432, 20701, 15498, 6991, 546, 15024, 36389, 30435, 30460, 30461, 30455, 30449, 17382, 17435, 17503, 10510, 1482, 2217, 1485, 30475, 30487, 1486, 2239, 2236, 29031, 29223, 6553, 29210, 29039, 23524, 30454, 34212, 34918, 36417, 310, 427, 38816, 38814, 38811, 38798, 38809, 6989, 28853, 8014, 26482, 5927, 22987, 22668, 1787, 6990, 22311, 35199, 35210, 22349, 22390, 12409, 19508, 34091, 32411, 34090, 27993, 25066, 28630, 38248, 17970, 6062, 33751, 33750, 12632, 5920, 35189, 10168, 22926, 5336, 31949, 5912, 5910, 5909, 18798, 18796, 25308, 26997, 34101, 2921, 12064, 34102, 5496, 34109, 5338, 5339, 5340, 5341, 5342, 5343, 5344, 5345, 5346, 5347, 5348, 5349, 5350, 25362, 25367, 5351, 25193, 6098, 36536, 29957, 16482, 13193, 16484, 13947, 13952, 13957, 31021, 31023, 9057, 9908, 30428, 27655, 1881, 27673, 9933, 8917, 7003, 36838, 28563, 28564]
exec:1.8276259899139404
clustering:kmeans
num_cluster:8
iteration:4
load:0.11374211311340332
path:[37139, 37126, 37128, 17287, 37111, 1872, 316, 16810, 1863, 1873, 1871, 1861, 1875, 18168, 10289, 10294, 10290, 11740, 37954, 21562, 13582, 21556, 34441, 34432, 20701, 15498, 6991, 546, 15024, 36389, 30435, 30460, 30461, 30455, 30449, 17382, 17435, 17503, 17520, 17504, 17521, 8024, 3436, 18570, 18570, 3437, 19205, 6445, 5679, 4506, 319, 11152, 4447, 4450, 32959, 14964, 14966, 14974, 2396, 38315, 7506, 38311, 8590, 8588, 8589, 19884, 11488, 6208, 868, 7248, 1414, 1418, 29413, 29412, 30033, 30037, 7193, 29669, 32618, 7195, 29675, 7505, 3330, 3325, 3315, 3314, 3307, 2351, 7658, 22982, 22667, 1759, 1773, 35220, 35221, 16347, 34128, 33685, 36636, 33651, 33676, 278, 16333, 11396, 23431, 16621, 35962, 34502, 18802, 20479, 20479, 20474, 20477, 10163, 19563, 21310, 6994, 21298, 19576, 6995, 16340, 14403, 8624, 33272, 33282, 6081, 5886, 25308, 26997, 34101, 2921, 12064, 34102, 5496, 34109, 5338, 5339, 5340, 5341, 5342, 5343, 5344, 5345, 5346, 5347, 5348, 5349, 5350, 25362, 25367, 5351, 25193, 6098, 36536, 30722, 10042, 29982, 26023, 26061, 25211, 37219, 7771, 7796, 7778, 7788, 34059, 34060, 9861, 30000, 13957, 31021, 31023, 9057, 9908, 30428, 27655, 1881, 27673, 9933, 8917, 7003, 36838, 28563, 28564]
exec:0.5729320049285889
clustering:kmeans
num_cluster:1
iteration:5
load:0.37927794456481934
path:[10903, 12479, 12570, 12473, 8373, 12505, 12520, 12572, 9123, 12464, 9122, 12519, 9118, 12540, 11208, 37013, 29153, 14065, 14050, 29155, 6282, 8239, 7990, 5277, 5243, 13690, 5262, 5240, 5258, 2499, 36659, 17260, 17251, 17295, 31074, 27010, 31087, 354, 26974, 18002, 4219, 11945, 28370, 28322, 7747, 22752, 22817]
exec:0.021537065505981445
clustering:kmeans
num_cluster:2
iteration:5
load:0.19060993194580078
path:[10903, 12479, 12570, 12473, 8373, 12505, 12520, 12572, 9123, 12464, 9122, 12519, 9118, 12540, 11208, 37013, 29153, 14065, 14050, 29155, 6282, 8239, 7990, 5277, 5243, 13690, 5262, 5240, 5258, 2499, 36659, 17260, 17251, 17295, 31074, 27010, 31087, 354, 26974, 18002, 4219, 11945, 28370, 28322, 7747, 22752, 22817]
exec:0.021635055541992188
path:[10903, 12479, 12570, 12473, 8373, 12505, 12520, 12572, 9123, 12464, 9122, 12519, 9118, 12540, 11208, 37013, 29153, 14065, 14050, 29155, 6282, 8239, 7990, 5277, 5243, 13690, 5262, 5240, 5258, 2499, 36659, 17260, 17251, 17295, 31074, 27010, 31087, 354, 26974, 18002, 4219, 11945, 28370, 28322, 7747, 22752, 22817]
exec:0.019329071044921875
clustering:kmeans
num_cluster:4
iteration:5
load:0.11033296585083008
path:[10903, 12479, 12570, 12473, 8373, 12505, 12520, 12572, 9123, 12464, 9122, 12519, 9118, 12540, 11208, 37013, 29153, 14065, 14050, 29155, 6282, 8239, 7990, 5277, 5243, 13690, 5262, 5240, 5258, 2499, 36659, 17260, 17251, 17295, 31074, 27010, 31087, 354, 26974, 18002, 4219, 11945, 28370, 28322, 7747, 22752, 22817]
exec:0.017549991607666016
clustering:kmeans
num_cluster:8
iteration:5
load:0.1810460090637207
clustering:kmeans
num_cluster:1
iteration:6
load:0.4328010082244873
path:[7049, 4487, 7032, 7052, 5495, 8127, 18002, 26974, 354, 31087, 27010, 31074, 17295, 17251, 17260, 36659, 2499, 36658, 5240, 5262, 13690, 5243, 6072, 2527, 2523, 2520, 16980, 2519, 26772, 27112, 27737, 30138, 27716, 27694, 9460, 3531, 23825, 3501, 2082, 18607, 18603, 22963, 19163, 22952, 4436, 5679, 4506, 319, 4545, 1132, 30022, 23565, 5049, 8018, 30063, 26502, 34551, 24750, 9012, 23503, 35957, 7519, 5773, 346, 343, 339, 27712, 27724, 27721, 5199, 5290, 30513, 5235, 38292, 26930, 5238, 5254, 14772, 5251, 16205, 16158, 2210, 27601, 32828, 32859, 16203, 22891, 16153, 5566, 9291, 5590, 20900, 9297, 9298, 9299, 9300]
exec:0.0703420639038086
clustering:kmeans
num_cluster:2
iteration:6
load:0.19187712669372559
path:[7049, 4487, 7032, 7052, 5495, 8127, 18002, 26974, 354, 31087, 27010, 31074, 17295, 17251, 17260, 36659, 2499, 36658, 5240, 5262, 13690, 5243, 6072, 2527, 2523, 2520, 16980, 2519, 26772, 27112, 27737, 30138, 27716, 27694, 9460, 3531, 23825, 3501, 2082, 18607, 18603, 22963, 19163, 22952, 4436, 5679, 4506, 319, 4545, 1132, 30022, 23565, 5049, 8018, 30063, 26502, 34551, 24750, 9012, 23503, 35957, 7519, 5773, 8113, 36984, 18201, 18199, 18746, 16339, 5375, 14756, 5235, 38292, 26930, 5238, 5254, 14772, 5251, 16205, 16158, 2210, 27601, 32828, 32859, 16203, 22891, 16153, 5566, 9291, 5590, 20900, 9297, 9298, 9299, 9300]
exec:12.47969388961792
clustering:kmeans
num_cluster:4
iteration:6
load:0.09544706344604492
path:[7049, 4487, 7032, 7052, 5495, 8127, 17951, 17954, 8115, 18252, 11833, 20034, 11837, 18378, 11838, 24590, 18370, 18369, 18371, 18271, 6459, 26274, 18237, 18286, 30449, 17382, 17435, 17503, 10510, 1482, 2217, 1485, 30475, 30487, 1486, 2239, 2236, 29031, 29223, 6553, 29210, 29039, 23524, 30454, 34212, 34918, 36417, 851, 7248, 38786, 3417, 27133, 27132, 9059, 10265, 15284, 6008, 6004, 6006, 3999, 27178, 27171, 27162, 27165, 27170, 27141, 3983, 21731, 3974, 30350, 30364, 1858, 33111, 1856, 12816, 7699, 29415, 29416, 37557, 26938, 26937, 33133, 26928, 23934, 38423, 38430, 619, 20907, 28096, 32701, 32690, 18377, 27822, 10457, 36765, 36764, 36763, 22125, 9296, 24991, 4648, 16183, 13938, 9307, 9306, 20167, 9300]
exec:7.634051084518433
clustering:kmeans
num_cluster:8
iteration:6
load:0.1136021614074707
path:[7049, 4487, 7032, 7052, 5495, 8127, 17951, 17954, 8115, 18252, 11833, 20034, 11837, 18378, 11838, 24590, 18370, 18369, 18371, 18271, 6459, 26274, 18237, 18286, 30449, 17382, 17435, 17503, 17520, 17504, 17521, 8024, 3436, 18570, 18570, 3437, 19205, 6445, 5679, 4506, 319, 11152, 4447, 4450, 32959, 14964, 14966, 14974, 2396, 38315, 7506, 38311, 8590, 8588, 8589, 19884, 11488, 6208, 868, 7248, 1414, 1418, 29413, 29412, 30033, 30037, 7193, 29669, 32618, 7195, 29675, 7505, 3330, 3325, 3315, 3314, 3307, 2351, 26482, 5927, 22987, 22668, 1787, 6990, 22311, 35199, 35210, 22349, 22390, 12409, 5805, 12710, 34066, 34070, 20848, 34072, 34081, 26185, 29093, 2380, 26197, 38587, 6510, 7762, 12780, 10092, 34147, 6342, 37510, 15480, 12598, 7100, 18313, 18318, 36031, 12615, 16, 30425, 6370, 33342, 20768, 12613, 12622, 20773, 13901, 13892, 13923, 24989, 16183, 13938, 9307, 9306, 20167, 9300]
exec:2.2597081661224365
clustering:kmeans
num_cluster:1
iteration:7
load:0.3910539150238037
path:[12303, 35249, 35191, 12231, 12309, 35235, 13708, 5233, 13702, 2710, 36017, 17064, 35874, 2517, 2516, 30136, 27700, 9460, 3531, 23825, 3501, 2082, 18607, 18603, 22963, 19163, 22952, 4436, 5679, 4506, 319, 4545, 1132, 30022, 23565, 5049, 8018, 30063, 26502, 34551, 24750, 9012, 23503, 35957, 7519, 5773, 8113, 36984, 18201, 18199, 18746, 16339, 18730, 18106, 26787, 10321, 10319, 10318, 3484, 3480, 30593, 281, 33775, 15626, 27841, 5271, 5272, 38272, 34287, 26928, 33133, 26937, 6499, 6498, 37555, 37553, 19766, 37549, 19625, 19679, 19685, 19689, 19695, 19692, 19699, 23809, 5071, 23811, 18085, 37536, 18087, 16310, 24171, 24167, 37533, 28849, 10730, 10727, 7996, 19862, 21375, 32085, 26324, 6793, 19538, 32567, 19546, 32204, 32151, 32153, 28025, 31049, 30697, 623, 624, 37365, 20903, 10463, 27163, 1403, 1404, 1405, 13580, 13581, 3819, 3820, 21295, 22332, 9997, 10001, 15381, 10022, 10033]
exec:0.2528359889984131
clustering:kmeans
num_cluster:2
iteration:7
load:0.1904139518737793
path:[12303, 35249, 35191, 12231, 12309, 35235, 13708, 5233, 13702, 2710, 36017, 17064, 35874, 2517, 2516, 30136, 27700, 9460, 3531, 23825, 3501, 2082, 18607, 18603, 22963, 19163, 22952, 4436, 5679, 4506, 319, 4545, 1132, 30022, 23565, 5049, 8018, 30063, 26502, 34551, 24750, 9012, 23503, 35957, 7519, 5773, 8113, 36984, 18201, 18199, 18746, 16339, 5375, 14756, 5235, 38292, 26930, 5238, 5254, 14772, 5251, 16205, 16158, 26926, 14769, 14766, 14777, 27229, 14776, 5273, 14774, 34287, 26928, 33133, 26937, 6499, 6498, 37555, 37553, 19766, 37549, 19625, 19679, 19685, 19689, 19695, 19692, 19699, 23809, 5071, 23811, 18085, 37536, 18087, 16310, 24171, 24167, 37533, 28849, 10730, 10727, 7996, 19862, 21375, 32085, 26324, 6793, 19538, 32567, 19546, 32204, 32151, 32153, 28025, 31049, 30697, 623, 624, 37365, 20903, 10463, 27163, 1403, 1404, 1405, 13580, 13581, 3819, 3820, 21295, 22332, 9997, 10001, 15381, 10022, 10033]
exec:12.324216842651367
clustering:kmeans
num_cluster:4
iteration:7
load:0.09529495239257812
path:[12303, 35249, 35191, 12231, 12309, 35235, 13708, 5233, 13702, 2710, 36017, 17064, 35874, 2517, 2516, 30136, 27700, 9460, 3531, 23825, 3501, 2082, 18607, 18603, 22963, 19163, 22952, 4436, 5679, 4506, 319, 4545, 1132, 30022, 23565, 5049, 8018, 30063, 26502, 34551, 24750, 9012, 23503, 23503, 35957, 7519, 5773, 8113, 36984, 18201, 18199, 18746, 16339, 18730, 18106, 26787, 10321, 10319, 10318, 3484, 3480, 30593, 281, 33775, 15626, 27841, 5271, 5272, 38272, 34287, 26928, 33133, 26937, 6499, 6498, 37555, 37553, 19766, 37549, 19625, 19679, 19685, 19689, 19695, 19692, 19699, 23809, 5071, 23811, 18085, 37536, 18087, 16310, 24171, 24167, 37533, 28849, 10730, 10727, 7996, 19862, 21375, 32085, 26324, 6793, 19538, 9134, 28970, 28977, 5281, 11699, 11539, 11540, 12017, 22940, 12019, 9483, 37372, 37380, 1398, 1400, 1401, 5327, 35119, 35094, 35127, 15530, 15616, 8908, 38548, 8891, 8921, 8924, 8960, 10488, 28458, 28201, 28199, 28464, 28526, 29129, 29760, 32971, 29756, 32972, 20228, 27803, 27062, 27804, 7337, 3268, 37212, 37087, 7380, 37070, 10026, 36002, 36958, 22326, 16493, 10022, 10033]
exec:2.0659170150756836
clustering:kmeans
num_cluster:8
iteration:7
load:0.11385178565979004
path:[12303, 35249, 35191, 12231, 12309, 35235, 13708, 5233, 13702, 2710, 36017, 17064, 35874, 2517, 2516, 30136, 27700, 9460, 3531, 23825, 3501, 2082, 18607, 18603, 22963, 9366, 9366, 2081, 34123, 32545, 32532, 16407, 13631, 32529, 33734, 32527, 13037, 16808, 16378, 34270, 16377, 20844, 18806, 22363, 16020, 22374, 16088, 25216, 25213, 16607, 15857, 18809, 16354, 27979, 16352, 35945, 4406, 2336, 9660, 34312, 35605, 6989, 28853, 8014, 26482, 5927, 22987, 22668, 1787, 6990, 22311, 35199, 35210, 22349, 22390, 12409, 5805, 12710, 34066, 34070, 20848, 34072, 34081, 26185, 29093, 2380, 26197, 26197, 26200, 29483, 302, 20544, 29485, 5356, 5771, 9175, 3674, 26179, 26175, 38369, 3289, 26187, 26186, 18041, 33593, 26182, 31472, 31200, 2375, 20325, 20269, 7232, 31276, 31280, 31421, 15756, 15754, 15750, 11887, 2805, 2803, 2802, 11668, 11672, 11678, 22327, 7405, 14919, 29211, 23845, 29204, 23428, 1374, 1375, 15457, 34691, 34685, 34681, 2931, 34684, 26236, 36215, 36773, 16479, 5828, 5846, 36216, 2646, 38327, 38324, 2651, 2650, 3163, 14642, 11647, 26240, 14644, 26126, 14645, 5689, 1406, 13581, 3819, 3820, 21295, 22332, 9997, 10001, 15381, 10022, 10033]
exec:3.241809129714966
clustering:kmeans
num_cluster:1
iteration:8
load:0.3849461078643799
path:[19263, 22086, 19258, 19255, 22090, 19260, 22094, 4013, 4011, 16781, 2057, 16782, 3954, 3977, 3998, 1877, 1875, 18168, 10289, 10299, 13271, 36887, 13270, 2471, 6805, 6814, 6819, 17413, 17538, 17539, 17541, 17707, 17708, 17709, 16739, 23246, 31050, 13958, 13959, 23651, 18030, 13953, 13946, 5265, 13702, 2710, 36017, 17064, 35874, 2517, 2516, 30136, 27700, 9460, 3531, 23825, 3501, 2082, 18607, 18603, 22963, 19163, 22952, 4436, 5679, 4506, 319, 4545, 1132, 30022, 23565, 5049, 8018, 30063, 7920, 36000, 7668, 26513, 4221, 4220, 5938, 5933, 34991, 28403, 21376, 38197, 29919, 20084, 13213, 13212, 13203, 13202, 7237, 16068, 16080, 25434, 9481, 3029, 19382, 10314, 11729, 7831, 7827, 15670, 26757, 26638, 26780, 26778, 26779, 741, 33021, 25499, 5595, 6563, 21500, 25507, 14546, 14545, 14534, 14565, 14544, 20387, 11938, 13687, 20126, 15407, 7627, 16131, 5310, 16135, 16774, 8247, 8246, 33354, 31602, 7257, 7267, 7243, 1958, 1957, 1938, 6967, 6976, 6940, 497, 824, 19071, 19072]
exec:0.23539400100708008
clustering:kmeans
num_cluster:2
iteration:8
load:0.1894059181213379
path:[19263, 22086, 19258, 19255, 22090, 19260, 22094, 4013, 4011, 16781, 2057, 16782, 3954, 3977, 3998, 1877, 1875, 18168, 10289, 10299, 13271, 36887, 13270, 2471, 6805, 6814, 6819, 17413, 17538, 17539, 17541, 17707, 17708, 17709, 16739, 23246, 31050, 13958, 13959, 23651, 18030, 13953, 13946, 5265, 13702, 2710, 36017, 17064, 35874, 2517, 2516, 30136, 27700, 9460, 3531, 23825, 3501, 2082, 18607, 18603, 22963, 19163, 22952, 4436, 5679, 4506, 319, 4545, 1132, 30022, 23565, 5049, 8018, 30063, 26502, 34551, 24750, 9012, 23503, 35957, 7519, 5773, 8113, 36984, 18201, 18199, 18746, 16339, 5375, 14756, 5235, 38292, 26930, 5238, 5236, 26934, 14771, 5247, 16161, 16160, 33142, 5256, 193, 9046, 22858, 34288, 5272, 38272, 26945, 26944, 6416, 26910, 37557, 29416, 29415, 7699, 12816, 1856, 33111, 1858, 30364, 30350, 3974, 21731, 3983, 27141, 27170, 27165, 27162, 1859, 309, 10453, 10452, 7865, 21130, 21131, 32412, 23553, 23552, 10252, 17268, 31456, 27271, 24357, 8050, 19648, 13540, 15574, 15596, 12735, 37727, 35205, 3166, 10355, 10357, 6331, 16780, 16775, 6334, 6336, 14531, 33684, 6343, 19064, 19072]
exec:12.039945125579834
clustering:kmeans
num_cluster:4
iteration:8
load:0.1150510311126709
path:[19263, 22086, 19258, 19255, 22090, 19260, 22094, 4013, 4011, 16781, 2057, 16782, 3954, 3977, 3998, 1877, 1875, 18168, 10289, 10294, 10290, 11740, 37954, 21562, 13582, 21556, 34441, 34432, 20701, 15498, 6991, 546, 15024, 36389, 30435, 30460, 30461, 30455, 30449, 17382, 17435, 17503, 10510, 1482, 2217, 1485, 30475, 30487, 1486, 2239, 2236, 29031, 29223, 6553, 29210, 29039, 23524, 30454, 34212, 34918, 36417, 851, 7248, 7248, 1414, 1418, 29413, 29412, 30033, 30013, 30027, 30051, 5576, 35899, 37265, 31639, 35932, 35911, 8719, 9215, 9171, 9168, 3287, 29486, 4771, 26174, 26187, 26186, 18041, 33593, 26182, 31472, 31200, 2375, 20325, 20269, 7232, 31276, 31280, 31421, 15756, 15754, 15750, 11887, 2805, 2803, 2802, 11668, 2797, 30064, 2800, 32676, 35810, 35808, 9873, 9835, 35807, 14307, 35848, 35806, 35851, 14315, 14300, 14037, 35803, 9262, 7188, 24519, 24505, 7739, 7741, 12765, 12766, 12776, 7749, 30667, 7015, 35132, 32153, 28025, 31049, 30697, 623, 624, 37365, 27164, 1397, 37380, 1398, 1400, 1401, 5327, 35119, 35094, 35127, 15530, 15616, 8908, 38548, 8891, 8921, 8924, 8960, 10488, 28458, 28201, 28199, 28464, 28526, 29129, 29760, 32971, 29756, 32972, 20228, 27803, 27062, 27804, 7337, 3268, 37212, 37087, 7380, 37070, 10026, 36002, 36958, 22326, 22325, 15378, 36350, 21303, 3820, 3819, 13581, 1406, 5689, 1106, 1115, 1117, 30798, 34218, 34204, 34197, 34213, 9985, 33931, 36409, 11263, 36410, 8261, 32904, 11234, 5863, 768, 16024, 8257, 38637, 33829, 33832, 33830, 36118, 30429, 36071, 20609, 36060, 14810, 36075, 14833, 20603, 18143, 18144, 7740, 36896, 15328, 22004, 29577, 29578, 29574, 29573, 19833, 2023, 2024, 27026, 27031, 5861, 7549, 7546, 7544, 1387, 5129, 15569, 35156, 35158, 16058, 6334, 6336, 14531, 33684, 6343, 19064, 19072]
exec:1.6076850891113281
clustering:kmeans
num_cluster:8
iteration:8
load:0.11434698104858398
path:[19263, 22086, 19258, 19255, 22090, 19260, 22094, 4013, 4011, 16781, 2057, 16782, 3954, 3977, 3998, 1877, 1875, 18168, 10289, 10294, 10290, 11740, 37954, 21562, 13582, 21556, 34441, 34432, 20701, 15498, 6991, 546, 15024, 36389, 30435, 30460, 30461, 30455, 30449, 17382, 17435, 17503, 17520, 17504, 17521, 8024, 3436, 18570, 18570, 3437, 19205, 6445, 5679, 4506, 319, 11152, 4447, 4450, 32959, 14964, 14966, 14974, 2396, 38315, 7506, 38311, 8590, 8588, 8589, 19884, 11488, 6208, 868, 7248, 1414, 1418, 29413, 29412, 30033, 30037, 7193, 29669, 32618, 7195, 29675, 7505, 3330, 3325, 3315, 3314, 3307, 2351, 26482, 5927, 22987, 22668, 1787, 6990, 22311, 35199, 35210, 22349, 22390, 12409, 5805, 12710, 34066, 34070, 20848, 34072, 34081, 26185, 29093, 2380, 26197, 26197, 26200, 29483, 302, 20544, 29485, 5356, 36177, 3651, 3672, 8720, 35932, 13199, 5606, 5599, 27871, 5592, 5597, 16923, 10459, 16918, 6345, 29791, 16405, 15986, 22434, 22127, 16194, 16153, 15874, 4650, 4655, 10458, 22870, 27822, 18377, 32690, 32701, 28096, 20907, 619, 38430, 38423, 34287, 38272, 26945, 26944, 25664, 37821, 27421, 21436, 21483, 21490, 108, 27258, 96, 97, 28581, 38282, 19393, 15960, 16011, 16010, 16001, 33151, 16004, 15957, 36537, 33160, 3366, 3369, 32070, 3379, 33153, 16148, 33169, 20261, 1347, 19619, 13540, 15574, 15596, 12735, 37727, 35205, 3166, 10355, 10357, 6331, 16780, 16775, 6334, 6336, 14531, 33684, 6343, 19064, 19072]
exec:0.7723350524902344
clustering:kmeans
num_cluster:1
iteration:9
load:0.39013099670410156
path:[7517, 7519, 5773, 8113, 15883, 27930, 26405, 1545, 9417, 9469, 26523, 32736, 2285, 3025, 2874, 664, 8676, 8680, 8681, 21551, 8673, 8679, 9353, 26708, 38568, 38566, 38565, 17822, 37607, 1897, 31774, 4167, 4158, 4155, 28313, 28296, 7615, 7617, 3884, 3885, 36584, 36577]
exec:0.026534080505371094
clustering:kmeans
num_cluster:2
iteration:9
load:0.23043608665466309
path:[7517, 7519, 5773, 8113, 36984, 18201, 18199, 18746, 16339, 5375, 14756, 5235, 38292, 26930, 5238, 5236, 26934, 14771, 5247, 16161, 16160, 33142, 5256, 193, 9046, 22858, 27231, 5271, 27841, 15626, 20917, 29359, 29357, 3471, 18768, 5812, 4200, 5816, 5819, 11563, 2353, 9866, 25064, 26687, 26690, 3858, 22010, 15419, 22012, 22075, 9871, 31579, 38036, 9869, 25210, 14801, 5393, 25204, 25010, 22714, 5395, 34524, 12822, 22484, 22481, 7686, 12641, 11588, 36572, 36577]
exec:11.900316953659058
path:[7517, 7519, 5773, 8113, 15883, 27930, 26405, 1545, 10301, 27142, 19083, 9469, 26523, 32736, 2285, 3025, 2874, 664, 8676, 8680, 8681, 21551, 8673, 8679, 9353, 26708, 38568, 38566, 38565, 17822, 37607, 1897, 31774, 4167, 4158, 4155, 28313, 28296, 7615, 7617, 3884, 3885, 36584, 36577]
exec:0.020431995391845703
clustering:kmeans
num_cluster:4
iteration:9
load:0.09638690948486328
clustering:kmeans
num_cluster:8
iteration:9
load:0.11306500434875488
path:[7517, 7519, 5773, 8113, 15883, 27930, 26405, 1545, 9417, 9469, 38282, 19393, 15960, 16011, 16010, 16001, 33151, 16004, 15957, 36537, 33160, 3366, 3369, 32070, 3379, 33153, 16148, 33169, 20261, 1347, 19619, 19648, 8050, 8030, 18564, 29399, 11939, 11938, 20387, 14544, 36598, 20913, 36596, 706, 36591, 8316, 3885, 36584, 36577]
exec:2.7338359355926514
clustering:agglomerative
num_cluster:1
iteration:0
load:0.4203310012817383
path:[666, 16787, 19319, 16789, 17281, 16791, 4063, 4000, 3959, 3998, 1877, 1875, 18168, 10289, 10299, 13271, 36887, 13270, 2471, 6805, 6814, 6819, 17413, 17538, 17539, 17541, 17707, 17708, 17709, 16739, 23246, 31050, 13958, 13959, 23651, 18030, 13953, 13946, 5265, 13702, 2710, 36017, 17064, 35874, 2517, 2516, 30136, 27700, 9460, 3531, 23825, 3501, 2082, 18607, 18603, 22963, 19163, 22952, 4436, 5679, 4506, 319, 11152, 4447, 4450, 32959, 14964, 14966, 14974, 2396, 38315, 7506, 38311, 8590, 8588, 8589, 19884, 11488, 6208, 868, 7248, 1414, 1418, 29413, 29412, 30033, 30013, 30027, 30051, 5576, 35899, 37265, 31639, 35932, 8720, 3672, 3651, 36177, 36176, 5771, 38355, 5953, 32950, 20309, 20282, 4354, 5944, 17496, 5332, 32431, 5934, 32441, 34092, 34087, 34086, 2854, 2852, 2850, 37155, 22923, 17786, 2819, 39137, 14923, 29103, 19717, 7650, 2005, 3871, 3869, 21978, 20366, 11577, 24164, 29440, 29436, 27129, 12152, 38268, 29434, 36996, 37353, 37334, 37340, 37314, 37366]
exec:0.24391698837280273
clustering:agglomerative
num_cluster:2
iteration:0
load:0.2777080535888672
path:[666, 16787, 19319, 16789, 17281, 16791, 4063, 4000, 3959, 3998, 1877, 1875, 18168, 10289, 10294, 10290, 11740, 37954, 21562, 13582, 21556, 34441, 34432, 20701, 15498, 6991, 546, 15024, 36389, 30435, 30460, 30461, 30455, 30449, 27870, 190, 38924, 10700, 10682, 10702, 10678, 10590, 7593, 23973, 873, 37633, 11003, 29652, 22508, 23531, 13244, 9828, 13246, 27571, 27207, 14268, 13252, 25705, 35808, 35810, 32676, 19852, 2790, 9788, 2789, 31309, 14733, 22514, 18940, 16266, 21546, 13059, 11782, 11773, 24133, 27340, 15456, 15454, 15453, 7392, 7383, 7384, 8699, 12169, 12012, 12063, 12094, 12184, 38268, 29434, 36996, 37353, 37334, 37340, 37314, 37366]
exec:5.7681591510772705
clustering:agglomerative
num_cluster:4
iteration:0
load:0.20206189155578613
path:[666, 16787, 19319, 16789, 17281, 16791, 4063, 4000, 3959, 3998, 1877, 1875, 18168, 10289, 10294, 10290, 11740, 37954, 21562, 13582, 21556, 34441, 34432, 20701, 15498, 6991, 546, 15024, 36389, 30435, 30460, 30461, 30455, 30449, 27700, 9460, 9460, 3531, 23825, 3501, 2082, 18607, 18603, 22963, 19163, 22952, 4436, 5679, 4506, 319, 4545, 1132, 30022, 23565, 5049, 8018, 30063, 26502, 34551, 24750, 9012, 23503, 35957, 7519, 5773, 8113, 36984, 18201, 18199, 18746, 16339, 18730, 18106, 26787, 10321, 10319, 10318, 3484, 3480, 30593, 281, 33775, 15626, 27841, 5271, 5272, 5273, 14776, 14775, 21141, 38430, 619, 37695, 618, 38924, 10700, 10682, 10702, 10678, 10590, 7593, 23973, 873, 37633, 11003, 29652, 22508, 23531, 13244, 9828, 13246, 27571, 27207, 14268, 13252, 25705, 35808, 35810, 32676, 19852, 2790, 9788, 2789, 31309, 14733, 22514, 18940, 16266, 21546, 13059, 11782, 11773, 24133, 27340, 15456, 15454, 15453, 7392, 7383, 7384, 8699, 12169, 12012, 12063, 12094, 12184, 38268, 29434, 36996, 37353, 37334, 37340, 37314, 37366]
exec:5.367509841918945
clustering:agglomerative
num_cluster:8
iteration:0
load:0.1342620849609375
path:[666, 16787, 19319, 16789, 17281, 16791, 4063, 4000, 3959, 3998, 1877, 1875, 18168, 10289, 10294, 10290, 11740, 37954, 21562, 13582, 21556, 34441, 34432, 20701, 15498, 6991, 546, 15024, 36389, 30435, 30460, 30461, 30455, 30449, 27700, 9460, 9460, 3531, 23825, 3501, 2082, 18607, 18603, 22963, 19163, 22952, 4436, 5679, 4506, 319, 11152, 4447, 4450, 32959, 14964, 14966, 14974, 2396, 38315, 7506, 38311, 8590, 8588, 8589, 19884, 11488, 6208, 868, 7248, 1414, 1418, 29413, 29412, 30033, 30013, 30027, 30051, 5576, 35899, 37265, 31639, 35932, 35911, 8719, 9215, 9171, 9168, 3287, 29486, 4771, 26174, 26187, 26186, 18041, 33593, 26182, 31472, 31200, 2375, 20325, 20269, 7232, 31276, 31280, 31421, 15756, 15754, 15750, 11887, 2805, 20956, 2302, 2304, 14904, 38087, 15292, 24349, 24353, 8100, 8099, 37215, 2962, 15289, 3365, 33048, 10723, 28771, 3160, 3174, 3163, 14642, 11647, 26240, 14644, 26126, 14645, 5689, 1406, 13581, 3819, 3820, 24398, 32075, 26542, 24581, 7244, 20235, 37488, 17384, 14325, 32168, 34554, 38457, 38456, 32251, 2017, 2022, 34418, 32283, 38532, 30087, 30104, 30102, 31028, 29473, 36963, 36964, 37300, 37340, 37314, 37366]
exec:1.5222959518432617
clustering:agglomerative
num_cluster:1
iteration:1
load:0.4645218849182129
path:[2534, 2539, 2591, 2536, 2595, 6434, 2550, 2594, 23246, 31050, 13958, 13959, 23651, 18030, 13953, 13946, 5265, 13702, 2710, 36017, 17064, 35874, 2517, 2516, 30136, 27700, 9460, 3531, 23825, 3501, 2082, 18607, 18603, 22963, 19163, 22952, 4436, 5679, 4506, 319, 4545, 1132, 30022, 23565, 5049, 8018, 30063, 7920, 36000, 7668, 26513, 4221, 4220, 5938, 5933, 34991, 28403, 21376, 38197, 20085, 13241, 31163, 13216, 8667, 38208, 8677, 676, 664, 8676, 8680, 8681, 21551, 8673, 8679, 9353, 26277, 11547, 11549, 3337, 3334, 5811]
exec:0.054579973220825195
clustering:agglomerative
num_cluster:2
iteration:1
load:0.22902584075927734
path:[2534, 2598, 17591, 17592, 16722, 6347, 6348, 6339, 17700, 17671, 17706, 17538, 17413, 17534, 17560, 17410, 17518, 2233, 2235, 21095, 8671, 34441, 34432, 20701, 15498, 6991, 546, 15024, 36389, 30435, 30460, 30461, 30455, 30449, 27870, 190, 38924, 21016, 24386, 6512, 24388, 20958, 20955, 15479, 20953, 34189, 24226, 31528, 22938, 12598, 9658, 25839, 20692, 9655, 36795, 36799, 26313, 38302, 9541, 9654, 31536, 12597, 26318, 37258, 25664, 37819, 17729, 14186, 1843, 1842, 38249, 30751, 22052, 20965, 13088, 2814, 5812, 4200, 5816, 5819, 11563, 2353, 2354, 5827, 5829, 25923, 26699, 26700, 26287, 26702, 3332, 3334, 5811]
exec:5.7494261264801025
clustering:agglomerative
num_cluster:4
iteration:1
load:0.2030949592590332
path:[2534, 2539, 2591, 2536, 2595, 6434, 2550, 2594, 23246, 31050, 13958, 13959, 23651, 18030, 13953, 13946, 5265, 13702, 2710, 36017, 17064, 35874, 2517, 30138, 27716, 27716, 27694, 9460, 3531, 23825, 3501, 2082, 18607, 18603, 22963, 19163, 22952, 4436, 5679, 4506, 319, 4545, 1132, 30022, 23565, 5049, 8018, 30063, 26502, 34551, 24750, 9012, 23503, 35957, 7519, 5773, 8113, 36984, 18201, 18199, 18746, 16339, 18730, 18106, 26787, 10321, 10319, 10318, 3484, 3480, 30593, 281, 33775, 15626, 27841, 5271, 5272, 5273, 14776, 14775, 21141, 38430, 619, 37695, 618, 38924, 21016, 24386, 6512, 24388, 20958, 20955, 15479, 20953, 34189, 24226, 31528, 22938, 12598, 9658, 25839, 20692, 9655, 36795, 36799, 26313, 38302, 9541, 9654, 31536, 12597, 26318, 37258, 25664, 37819, 17729, 14186, 1843, 1842, 38249, 30751, 22052, 20965, 13088, 2814, 5812, 4200, 5816, 5819, 11563, 2353, 2354, 5827, 5829, 25923, 26699, 26700, 26287, 26702, 3332, 3334, 5811]
exec:5.404408931732178
clustering:agglomerative
num_cluster:8
iteration:1
load:0.18792104721069336
path:[2534, 2539, 2591, 2536, 2595, 6434, 2550, 2594, 23246, 31050, 13958, 13959, 23651, 18030, 13953, 13946, 5265, 13702, 2710, 36017, 17064, 35874, 2517, 30138, 27716, 27716, 27694, 9460, 3531, 23825, 3501, 2082, 18607, 18603, 22963, 19163, 22952, 4436, 5679, 4506, 319, 4545, 1132, 30022, 23565, 5049, 8018, 30063, 26502, 34551, 24750, 9012, 23503, 35957, 7519, 5773, 8113, 36984, 18201, 18199, 18746, 16339, 18730, 18106, 26787, 10321, 10319, 10318, 3484, 3480, 30593, 281, 33775, 15626, 27841, 5271, 5272, 5273, 14776, 14775, 21141, 38430, 619, 37695, 618, 38924, 21016, 24386, 6512, 24388, 20958, 20955, 15479, 20953, 34189, 24226, 31528, 22938, 12598, 9658, 25839, 20692, 9655, 36795, 36799, 26313, 38302, 9541, 9654, 31536, 12597, 26318, 37258, 25664, 37819, 17729, 14186, 1843, 1842, 38249, 30751, 22052, 20965, 13088, 2814, 5812, 4200, 5816, 5819, 11563, 2353, 2354, 5827, 5829, 25923, 26699, 26700, 26287, 26702, 3332, 3334, 5811]
exec:4.049509048461914
clustering:agglomerative
num_cluster:1
iteration:2
load:0.38901400566101074
path:[4234, 4232, 21751, 3875, 3868, 21732, 12375, 12377, 12362, 12289, 5174, 5170, 12228, 8235, 8238, 5184, 12357, 25678, 38442, 2326, 9005, 23492, 33352, 19055, 13883, 2690, 14944, 39133, 38029, 7218, 28396, 28198, 36487, 604, 2398, 491, 2379, 36035, 36034, 8691, 8690, 21249, 25435, 24842, 30630, 19552, 8125, 20361, 24176, 29492, 29437, 24164, 29440, 29436, 21901, 2891, 2882]
exec:0.02122187614440918
clustering:agglomerative
num_cluster:2
iteration:2
load:0.2581908702850342
path:[4234, 4232, 21751, 3875, 3868, 21732, 12375, 12377, 12362, 12289, 5174, 5170, 12228, 8235, 8238, 5184, 12357, 25678, 38442, 2326, 9005, 23492, 33352, 19055, 13883, 2690, 14944, 39133, 38029, 7218, 28396, 28198, 36487, 604, 38924, 10700, 10682, 10702, 10678, 10590, 7593, 23973, 873, 37633, 11003, 29652, 22508, 23531, 13244, 9828, 13246, 27571, 27207, 14268, 13252, 25705, 35808, 35810, 32676, 19852, 2790, 9788, 2789, 31309, 14733, 22514, 18940, 16266, 21546, 13059, 11782, 11773, 24133, 27340, 15456, 15454, 15453, 7392, 7383, 33622, 8696, 31051, 31493, 10038, 27126, 2914, 12085, 2903, 2906, 2902, 2882]
exec:5.44913911819458
clustering:agglomerative
num_cluster:4
iteration:2
load:0.22501206398010254
path:[4234, 4232, 21751, 3875, 3868, 21732, 12375, 12377, 12362, 12289, 5174, 5170, 12228, 8235, 8238, 5184, 12357, 25678, 38442, 2326, 9005, 23492, 33352, 19055, 13883, 2690, 14944, 39133, 38029, 7218, 28396, 28198, 36487, 604, 38924, 10700, 10682, 10702, 10678, 10590, 7593, 23973, 873, 37633, 11003, 29652, 22508, 23531, 13244, 9828, 13246, 27571, 27207, 14268, 13252, 25705, 35808, 35810, 32676, 19852, 2790, 9788, 2789, 31309, 14733, 22514, 18940, 16266, 21546, 13059, 11782, 11773, 24133, 27340, 15456, 15454, 15453, 7392, 7383, 33622, 8696, 31051, 31493, 10038, 27126, 2914, 12085, 2903, 2906, 2902, 2882]
exec:7.046152114868164
clustering:agglomerative
num_cluster:8
iteration:2
load:0.15679311752319336
path:[4234, 4232, 21751, 27870, 190, 38087, 15292, 24349, 24353, 8100, 8099, 37215, 2962, 15289, 3365, 33048, 10723, 28771, 3160, 3174, 3163, 14642, 11647, 26240, 14644, 26126, 14645, 5689, 1406, 13581, 3819, 3820, 24398, 32075, 26542, 24581, 7244, 20235, 37488, 17384, 14325, 32168, 34554, 38457, 38456, 32251, 2017, 2022, 34418, 32283, 38532, 30087, 30104, 30102, 31028, 29473, 36963, 36996, 29434, 38268, 12152, 27129, 29436, 21901, 2891, 2882]
exec:2.5447449684143066
clustering:agglomerative
num_cluster:1
iteration:3
load:0.3929011821746826
path:[12898, 12879, 757, 2418, 2313, 2312, 37698, 16740, 35999, 7878, 6525, 6908, 6907, 6528, 5262, 13690, 5243, 6072, 2527, 2523, 2520, 16980, 2519, 26772, 27112, 27737, 30138, 27716, 27694, 9460, 3531, 23825, 3501, 2082, 18607, 18603, 22963, 19163, 22952, 4436, 5679, 4506, 319, 4545, 1132, 30022, 23565, 5049, 8018, 30063, 26502, 34551, 24750, 9012, 23503, 35957, 7519, 5773, 8113, 36984, 18201, 18199, 18746, 16339, 18730, 18106, 26787, 10321, 10319, 10318, 3484, 3480, 30593, 281, 33775, 15626, 27841, 5271, 5272, 38272, 26945, 26944, 6416, 26910, 37557, 29416, 29415, 8293, 4004, 7697, 7696, 19779, 19780, 19782, 19787, 19784, 19791, 19794, 19809, 19797]
exec:0.1821460723876953
clustering:agglomerative
num_cluster:2
iteration:3
load:0.24817585945129395
path:[12898, 12879, 757, 2418, 16743, 22181, 16755, 2306, 11209, 17508, 17518, 2233, 2235, 21095, 8671, 34441, 34432, 20701, 15498, 6991, 546, 15024, 36389, 30435, 30460, 30461, 30455, 30449, 27870, 190, 38924, 21016, 24386, 6512, 24388, 20958, 20955, 15479, 20953, 34189, 24226, 31528, 22938, 12598, 15480, 37510, 6342, 10461, 33389, 36969, 38500, 37547, 7192, 19685, 19628, 4595, 19778, 7694, 25062, 19780, 19782, 19787, 19784, 19791, 19794, 19809, 19797]
exec:5.732667922973633
clustering:agglomerative
num_cluster:4
iteration:3
load:0.20667600631713867
path:[12898, 12879, 757, 2418, 2313, 2312, 37698, 16740, 35999, 7878, 6525, 6908, 6907, 6528, 5262, 13690, 34069, 34094, 34051, 26317, 16589, 37854, 4708, 27700, 9460, 9460, 3531, 23825, 3501, 2082, 18607, 18603, 22963, 19163, 22952, 4436, 5679, 4506, 319, 4545, 1132, 30022, 23565, 5049, 8018, 30063, 26502, 34551, 24750, 9012, 23503, 35957, 7519, 5773, 8113, 36984, 18201, 18199, 18746, 16339, 18730, 18106, 26787, 10321, 10319, 10318, 3484, 3480, 30593, 281, 33775, 15626, 27841, 5271, 5272, 5273, 14776, 14775, 21141, 38430, 619, 37695, 618, 38924, 21016, 24386, 6512, 24388, 20958, 20955, 15479, 20953, 34189, 24226, 31528, 22938, 12598, 15480, 37510, 6342, 10461, 33389, 36969, 38500, 37547, 7192, 19685, 19628, 4595, 19778, 7694, 25062, 19780, 19782, 19787, 19784, 19791, 19794, 19809, 19797]
exec:5.5102150440216064
clustering:agglomerative
num_cluster:8
iteration:3
load:0.1572868824005127
path:[12898, 12879, 757, 2418, 2313, 2312, 37698, 16740, 35999, 7878, 6525, 6908, 6907, 6528, 5262, 13690, 34069, 34094, 34051, 26317, 16589, 37854, 4708, 27700, 9460, 9460, 3531, 23825, 3501, 2082, 18607, 18603, 22963, 19163, 22952, 4436, 5679, 4506, 319, 4545, 1132, 30022, 23565, 5049, 8018, 30063, 26502, 34551, 24750, 9012, 23503, 35957, 7519, 5773, 8113, 36984, 18201, 18199, 18746, 16339, 18730, 18106, 26787, 10321, 10319, 10318, 3484, 3480, 30593, 281, 33775, 15626, 27841, 5271, 5272, 5273, 14776, 14775, 21141, 38430, 619, 37695, 618, 38924, 21016, 24386, 6512, 24388, 20958, 20955, 15479, 20953, 34189, 24226, 31528, 22938, 12598, 15480, 37510, 6342, 10461, 33389, 36969, 38500, 37547, 7192, 19685, 19628, 4595, 19778, 7694, 25062, 19780, 19782, 19787, 19784, 19791, 19794, 19809, 19797]
exec:3.8923799991607666
clustering:agglomerative
num_cluster:1
iteration:4
load:0.40088486671447754
path:[15901, 15897, 16106, 15922, 16093, 15906, 38485, 15921, 32082, 32141, 26618, 20012, 38494, 23036, 17299, 13718, 13664, 13751, 13201, 26316, 26317, 34051, 34094, 2527, 2523, 2520, 16980, 2519, 26772, 27112, 27737, 30138, 27716, 27694, 9460, 3531, 23825, 3501, 2082, 18607, 18603, 22963, 19163, 22952, 4436, 5679, 4506, 319, 4545, 1132, 30022, 23565, 5049, 8018, 30063, 7920, 36000, 7668, 26513, 4221, 4220, 5938, 5933, 34991, 28403, 21376, 38197, 29919, 20084, 13213, 13212, 13203, 13202, 7237, 16068, 16080, 25434, 9481, 3029, 19382, 10314, 11729, 7831, 7827, 15670, 26757, 26638, 26780, 26778, 26779, 741, 33021, 25499, 5595, 6563, 21500, 25507, 14546, 14545, 14534, 14565, 14544, 20387, 11938, 11939, 29399, 18564, 8030, 8050, 19648, 13540, 15574, 15596, 12735, 15613, 12734, 12733, 13162, 15646, 16052, 15578, 15584, 15567, 15569, 5129, 1387, 7544, 7546, 7549, 5861, 27031, 27026, 2024, 5874, 24725, 24718]
exec:0.2487030029296875
clustering:agglomerative
num_cluster:2
iteration:4
load:0.23004722595214844
path:[15901, 15897, 16105, 15895, 15916, 38477, 30500, 30499, 32149, 23057, 23058, 20004, 32480, 32479, 32470, 32469, 32467, 24730, 24592, 16572, 9407, 18433, 6459, 26274, 18237, 18286, 30449, 27870, 190, 38924, 21016, 24386, 6512, 24388, 20958, 20955, 15479, 20953, 34189, 24226, 31528, 22938, 12598, 15480, 37510, 6342, 10461, 33389, 36969, 38500, 37547, 7192, 19685, 19628, 4595, 19778, 7694, 25062, 19780, 19782, 19787, 19784, 19791, 19794, 435, 27814, 15663, 17385, 27179, 27141, 27170, 27165, 27162, 1859, 309, 10453, 10452, 7865, 21130, 21131, 32412, 23553, 23552, 10252, 17268, 31456, 27271, 24357, 8050, 19648, 13540, 15574, 15596, 12735, 15613, 12734, 12733, 13162, 15646, 16052, 15578, 15584, 15567, 15569, 5129, 1387, 7544, 7546, 7549, 5861, 27031, 27026, 2024, 5874, 24725, 24718]
exec:5.792678117752075
clustering:agglomerative
num_cluster:4
iteration:4
load:0.20297908782958984
path:[15901, 15897, 16106, 15922, 16093, 15906, 38485, 15921, 32082, 32141, 26618, 20012, 38494, 23036, 17299, 13718, 13664, 13751, 26600, 16589, 37854, 4708, 27700, 9460, 9460, 3531, 23825, 3501, 2082, 18607, 18603, 22963, 19163, 22952, 4436, 5679, 4506, 319, 4545, 1132, 30022, 23565, 5049, 8018, 30063, 26502, 34551, 24750, 9012, 23503, 35957, 7519, 5773, 8113, 36984, 18201, 18199, 18746, 16339, 18730, 18106, 26787, 10321, 10319, 10318, 3484, 3480, 30593, 281, 33775, 15626, 27841, 5271, 5272, 5273, 14776, 14775, 21141, 38430, 619, 37695, 618, 38924, 21016, 24386, 6512, 24388, 20958, 20955, 15479, 20953, 34189, 24226, 31528, 22938, 12598, 15480, 37510, 6342, 10461, 33389, 36969, 38500, 37547, 7192, 19685, 19628, 4595, 19778, 7694, 25062, 19780, 19782, 19787, 19784, 19791, 19794, 435, 27814, 15663, 17385, 27179, 27141, 27170, 27165, 27162, 1859, 309, 10453, 10452, 7865, 21130, 21131, 32412, 23553, 23552, 10252, 17268, 31456, 27271, 24357, 8050, 19648, 13540, 15574, 15596, 12735, 15613, 12734, 12733, 13162, 15646, 16052, 15578, 15584, 15567, 15569, 5129, 1387, 7544, 7546, 7549, 5861, 27031, 27026, 2024, 5874, 24725, 24718]
exec:5.545129060745239
clustering:agglomerative
num_cluster:8
iteration:4
load:0.1725919246673584
path:[15901, 15897, 16106, 15922, 16093, 15906, 38485, 15921, 32082, 32141, 26618, 20012, 38494, 23036, 17299, 13718, 13664, 13751, 26600, 16589, 37854, 4708, 27700, 9460, 9460, 3531, 23825, 3501, 2082, 18607, 18603, 22963, 19163, 22952, 4436, 5679, 4506, 319, 4545, 1132, 30022, 23565, 5049, 8018, 30063, 26502, 34551, 24750, 9012, 23503, 35957, 7519, 5773, 8113, 36984, 18201, 18199, 18746, 16339, 18730, 18106, 26787, 10321, 10319, 10318, 3484, 3480, 30593, 281, 33775, 15626, 27841, 5271, 5272, 5273, 14776, 14775, 21141, 38430, 619, 37695, 618, 618, 23940, 38423, 34287, 26928, 33133, 26937, 26910, 37557, 29416, 29415, 7699, 12816, 1856, 33111, 1858, 30364, 30350, 3974, 21731, 3983, 27141, 27170, 27165, 27162, 1859, 309, 10453, 10452, 7865, 21130, 21131, 32412, 23553, 23552, 10252, 17268, 31456, 27271, 24357, 8050, 19648, 13540, 15574, 15596, 12735, 15613, 12734, 12733, 13162, 15646, 16052, 15578, 15584, 15567, 15569, 5129, 1387, 27960, 13077, 13073, 12602, 13072, 8842, 3126, 8843, 8844, 8845, 4825, 4810, 7740, 36896, 15328, 22004, 29577, 29578, 29574, 29573, 19833, 2023, 24792, 5874, 24725, 24718]
exec:0.862083911895752
clustering:agglomerative
num_cluster:1
iteration:5
load:0.42334890365600586
path:[22301, 22281, 22299, 22287, 22291, 22288, 22292, 22304, 941, 20853, 22270, 11584, 26767, 29989, 14360, 14368, 20846, 19377, 19375, 19373, 671, 664, 2874, 3025, 2285, 32736, 26523, 9469, 9417, 1545, 26405, 27930, 15883, 8113, 5773, 346, 343, 339, 27712, 27724, 27721, 11285, 11277, 11296, 34279, 13255, 19951, 19897, 19892, 35963, 18159, 36125, 31118, 31062, 3681, 23540, 5606, 13199, 35932, 8720, 3672, 3651, 36177, 36176, 5771, 38355, 5953, 32950, 20309, 20282, 4354, 5944, 17496, 5332, 32431, 5934, 32441, 12190, 12187, 32450, 38007, 14213, 3628, 25471, 15291, 21691, 33047, 26506, 26664, 32491, 455, 1690, 19616, 448, 469, 3181, 451, 439, 31903, 446, 459, 35900, 35905, 8508, 8374, 8511, 8527, 8514, 8516, 8515]
exec:0.26927995681762695
clustering:agglomerative
num_cluster:2
iteration:5
load:0.23042798042297363
path:[22301, 22281, 22299, 22287, 22291, 22288, 22292, 22304, 941, 20853, 22270, 11584, 26767, 29989, 19378, 19379, 19380, 19381, 19382, 3029, 9481, 25434, 16080, 16068, 7237, 38430, 619, 20907, 28096, 32701, 32690, 18377, 27822, 22870, 10458, 4655, 4650, 15874, 16153, 16194, 22127, 22434, 15986, 16405, 29791, 5577, 20006, 16919, 5605, 16925, 24841, 995, 18878, 1768, 1764, 35911, 8719, 3660, 3649, 3677, 36176, 5771, 38355, 5953, 32950, 20309, 20282, 4354, 5944, 17496, 5332, 32431, 5934, 32441, 12190, 12187, 32450, 38007, 14213, 3628, 25471, 15291, 21691, 33047, 26506, 26664, 32491, 455, 1690, 19616, 448, 469, 3181, 451, 439, 31903, 446, 459, 35900, 35905, 8508, 8374, 8511, 8527, 8514, 8516, 8515]
exec:8.20859408378601
clustering:agglomerative
num_cluster:4
iteration:5
load:0.20379090309143066
path:[22301, 22281, 22299, 22287, 22291, 22288, 22292, 22304, 941, 20853, 22270, 11584, 26767, 29989, 19378, 19379, 19380, 19381, 19382, 3029, 9481, 25434, 16080, 16068, 190, 27870, 30352, 10522, 471, 477, 455, 1690, 19616, 448, 469, 3181, 451, 439, 31903, 446, 459, 35900, 35905, 8508, 8374, 8511, 8527, 8514, 8516, 8515]
exec:0.5716760158538818
clustering:agglomerative
num_cluster:8
iteration:5
load:0.13420987129211426
path:[22301, 22281, 22299, 22287, 22291, 22288, 22292, 22304, 941, 20853, 22270, 11584, 26767, 29989, 14360, 14368, 20846, 19377, 19375, 19373, 671, 664, 2874, 3025, 2285, 32736, 26523, 9469, 9417, 9417, 1545, 26405, 27930, 15883, 8113, 5773, 346, 343, 339, 27712, 27724, 27721, 11285, 11277, 11296, 34279, 13255, 19951, 19897, 19892, 35963, 18159, 36125, 31118, 31062, 3681, 23540, 5606, 13199, 35932, 8720, 3672, 3651, 36177, 36176, 5771, 38355, 5953, 32950, 20309, 20282, 17489, 4349, 4214, 4213, 4211, 38247, 19834, 6183, 6180, 6177, 21092, 34071, 13606, 18544, 4914, 4911, 4907, 22923, 37155, 2850, 37196, 7784, 37190, 7768, 16889, 9340, 10401, 39120, 8961, 20198, 2323, 2322, 2327, 35867, 35870, 10398, 35879, 35880, 35893, 35888, 35892, 35895, 35902, 35900, 35905, 8508, 8374, 8511, 8527, 8514, 8516, 8515]
exec:2.283884048461914
clustering:agglomerative
num_cluster:1
iteration:6
load:0.3937239646911621
path:[32261, 17868, 34428, 26137, 32991, 6489, 32976, 32982, 33007, 33000, 34704, 5867, 5842, 16039, 16030, 5837, 5863, 768, 27042, 27015, 27051, 28413, 27485, 2931, 34684, 26236, 26237, 35558, 7710, 7712, 7714, 7737, 38785, 38786, 3417, 27133, 27132, 15296, 9107, 23552, 10252, 17268, 31461, 31453, 31465, 27268, 31430, 31184, 20387, 14544, 14565, 14534, 14545, 14546, 25507, 21500, 6563, 5595, 25499, 33021, 741, 26779, 26778, 26780, 26638, 26757, 15670, 7827, 7831, 11729, 10314, 19382, 3029, 9481, 25434, 16080, 16068, 7237, 13210, 13203, 13212, 13213, 20084, 20085, 38197, 21376, 28403, 34991, 5933, 5938, 4220, 4221, 26513, 7668, 36000, 7920, 30063, 8018, 5049, 23565, 30022, 1132, 4545, 319, 4506, 5679, 4436, 22952, 19163, 22963, 18603, 18607, 2082, 3501, 23825, 3531, 9460, 27694, 27716, 30138, 27737, 27112, 26772, 2519, 16980, 2520, 2523, 2527, 34094, 34051, 26317, 16589, 26600, 16577, 26314, 13133, 13139, 13135, 13054, 4722, 4691, 13070]
exec:0.24077701568603516
clustering:agglomerative
num_cluster:2
iteration:6
load:0.3193690776824951
path:[32261, 17868, 33012, 36050, 19424, 35576, 24369, 33377, 35003, 7738, 2820, 6746, 25092, 21835, 9993, 9997, 22332, 21295, 3820, 24398, 32075, 26542, 24581, 7244, 20235, 37488, 17384, 14325, 32168, 34554, 38457, 38456, 32251, 2017, 2022, 34418, 32283, 38532, 30087, 30104, 30102, 31028, 29473, 36963, 29438, 29442, 12038, 21397, 29433, 34244, 29443, 8337, 29441, 24176, 20361, 3871, 2005, 7650, 19717, 29103, 14923, 39137, 2819, 28723, 26817, 26819, 6410, 190, 27870, 20928, 3725, 21996, 5383, 5389, 5390, 11270, 18722, 18730, 16339, 18746, 18199, 18201, 36984, 8113, 5773, 7519, 35957, 23503, 9012, 24750, 34551, 26502, 30063, 8018, 5049, 23565, 30022, 1132, 4545, 319, 4506, 5679, 4436, 22952, 19163, 22963, 18603, 18607, 2082, 3501, 23825, 3531, 9460, 27694, 27716, 30138, 27737, 27112, 26772, 2519, 16980, 2520, 2523, 2527, 34094, 34051, 26317, 16589, 26600, 16577, 26314, 13133, 13139, 13135, 13054, 4722, 4691, 13070]
exec:8.606557846069336
clustering:agglomerative
num_cluster:4
iteration:6
load:0.20392704010009766
path:[32261, 17868, 34428, 26137, 32991, 6489, 32976, 32982, 33007, 33000, 34704, 5867, 5842, 16039, 16030, 5837, 5863, 768, 27042, 27015, 27051, 28413, 27485, 2931, 34684, 26236, 26237, 35558, 32716, 32718, 817, 809, 32722, 12219, 13875, 26146, 12218, 4001, 15284, 6008, 6004, 6006, 3999, 27178, 27171, 27162, 27165, 27170, 27141, 3983, 21731, 3974, 30350, 30364, 1858, 33111, 1856, 12816, 7699, 29415, 29416, 37557, 26910, 6416, 26944, 26945, 38272, 5272, 5272, 5271, 27231, 24830, 33775, 281, 30593, 3480, 3484, 10318, 10319, 10321, 26787, 18106, 18730, 16339, 18746, 18199, 18201, 36984, 8113, 5773, 7519, 35957, 23503, 9012, 24750, 34551, 26502, 30063, 8018, 5049, 23565, 30022, 1132, 4545, 319, 4506, 5679, 4436, 22952, 19163, 22963, 18603, 18607, 2082, 3501, 23825, 3531, 9460, 27700, 30449, 18286, 18237, 26274, 6459, 18433, 9407, 4937, 7256, 5511, 24564, 24574, 24734, 13214, 13129, 4717, 4712, 13054, 4722, 4691, 13070]
exec:0.5199649333953857
clustering:agglomerative
num_cluster:8
iteration:6
load:0.13432788848876953
path:[32261, 17868, 34428, 26137, 32991, 6489, 32976, 32982, 33007, 33000, 34704, 5867, 5842, 16039, 16030, 5837, 5863, 768, 27042, 27015, 27051, 28413, 27485, 2931, 34684, 26236, 26237, 35558, 35558, 32716, 32718, 817, 809, 32722, 12219, 13875, 26146, 12218, 4001, 15284, 6008, 6004, 6006, 3999, 27178, 27171, 27162, 27165, 27170, 27141, 3983, 21731, 3974, 30350, 30364, 1858, 33111, 1856, 12816, 7699, 29415, 29416, 37557, 26938, 26937, 33133, 26928, 23934, 38423, 23940, 618, 37695, 37695, 619, 38430, 21141, 14775, 14776, 5273, 5272, 5271, 27231, 24830, 33775, 281, 30593, 3480, 3484, 10318, 10319, 10321, 26787, 18106, 18730, 16339, 18746, 18199, 18201, 36984, 8113, 5773, 7519, 35957, 23503, 9012, 24750, 34551, 26502, 30063, 8018, 5049, 23565, 30022, 1132, 4545, 319, 4506, 5679, 4436, 22952, 19163, 22963, 18603, 18607, 2082, 3501, 23825, 3531, 9460, 27700, 30449, 18286, 18237, 26274, 6459, 18433, 9407, 4937, 7256, 5511, 24564, 24574, 24734, 13214, 13129, 4717, 4712, 13054, 4722, 4691, 13070]
exec:1.4273900985717773
clustering:agglomerative
num_cluster:1
iteration:7
load:0.42870116233825684
path:[8670, 2606, 22181, 16743, 2312, 37698, 16740, 35999, 7878, 6525, 6908, 6907, 6528, 5262, 13690, 5243, 6072, 2527, 2523, 2520, 16980, 2519, 26772, 27112, 27737, 30138, 27716, 27694, 9460, 3531, 23825, 3501, 2082, 18607, 18603, 22963, 19163, 22952, 4436, 5679, 4506, 319, 11152, 4447, 4450, 32959, 14964, 14966, 14974, 2396, 38315, 7506, 38311, 8590, 8588, 8589, 19884, 11488, 6208, 868, 7248, 1414, 1418, 29413, 29412, 30033, 30013, 30027, 30051, 5576, 35899, 37265, 31639, 35932, 8720, 3672, 3651, 36177, 36176, 5771, 38355, 5953, 32950, 20309, 20282, 4354, 5944, 17496, 5332, 32431, 5934, 32441, 12190, 12187, 32450, 38007, 14213, 3628, 25471, 15291, 21691, 33047, 26506, 26664, 32491, 455, 1690, 19616, 448, 469, 3181, 451, 452, 31902, 25665, 444, 27108, 35895, 30359, 30361, 35009]
exec:0.27848100662231445
clustering:agglomerative
num_cluster:2
iteration:7
load:0.2430131435394287
path:[8670, 2606, 22181, 16743, 2312, 37698, 16740, 35999, 7878, 6525, 6908, 6907, 6528, 5262, 13690, 5243, 6072, 2527, 2523, 2520, 16980, 2519, 26772, 27112, 27737, 30138, 27716, 27694, 9460, 3531, 23825, 3501, 2082, 18607, 18603, 22963, 19163, 22952, 4436, 5679, 4506, 319, 11152, 4447, 4450, 32959, 14964, 14966, 14974, 2396, 38315, 7506, 38311, 8590, 8588, 8589, 19884, 11488, 6208, 868, 7248, 1414, 1418, 29413, 29412, 30033, 30013, 30027, 30051, 5576, 35899, 37265, 31639, 35932, 8720, 3672, 3651, 36177, 36176, 5771, 38355, 5953, 32950, 20309, 20282, 4354, 5944, 17496, 5332, 32431, 5934, 32441, 12190, 12187, 32450, 38007, 14213, 3628, 25471, 15291, 21691, 33047, 26506, 26664, 32491, 455, 1690, 19616, 448, 469, 3181, 451, 452, 31902, 25665, 444, 27108, 35895, 30359, 30361, 35009]
exec:0.08039021492004395
clustering:agglomerative
num_cluster:4
iteration:7
load:0.25801992416381836
path:[8670, 2606, 22181, 16743, 2312, 37698, 16740, 35999, 7878, 6525, 6908, 6907, 6528, 5262, 13690, 34069, 34094, 34051, 26317, 16589, 37854, 4708, 27700, 9460, 9460, 3531, 23825, 3501, 2082, 18607, 18603, 22963, 19163, 22952, 4436, 5679, 4506, 319, 11152, 4447, 4450, 32959, 14964, 14966, 14974, 2396, 38315, 7506, 38311, 8590, 8588, 8589, 19884, 11488, 6208, 868, 7248, 1414, 1418, 29413, 29412, 30033, 30013, 30027, 30051, 5576, 35899, 37265, 31639, 35932, 8720, 3672, 3651, 36177, 36176, 5771, 38355, 5953, 32950, 20309, 20282, 17489, 4349, 4214, 4213, 4211, 38247, 19834, 6183, 6180, 6177, 21092, 34071, 13606, 18544, 4914, 4911, 4907, 22923, 37155, 2850, 23802, 23805, 30352, 27870, 445, 466, 1721, 450, 443, 464, 456, 19202, 452, 31902, 25665, 444, 27108, 35895, 30359, 30361, 35009]
exec:0.25415682792663574
clustering:agglomerative
num_cluster:8
iteration:7
load:0.138930082321167
path:[8670, 2606, 22181, 16743, 2312, 37698, 16740, 35999, 7878, 6525, 6908, 6907, 6528, 5262, 13690, 34069, 34094, 34051, 26317, 16589, 37854, 4708, 27700, 9460, 9460, 3531, 23825, 3501, 2082, 18607, 18603, 22963, 19163, 22952, 4436, 5679, 4506, 319, 11152, 4447, 4450, 32959, 14964, 14966, 14974, 2396, 38315, 7506, 38311, 8590, 8588, 8589, 19884, 11488, 6208, 868, 7248, 1414, 1418, 29413, 29412, 30033, 30013, 30027, 30051, 5576, 35899, 37265, 31639, 35932, 8720, 3672, 3651, 36177, 36176, 5771, 38355, 5953, 32950, 20309, 20282, 17489, 4349, 4214, 4213, 4211, 38247, 19834, 6183, 6180, 6177, 21092, 34071, 13606, 18544, 4914, 4911, 4907, 22923, 37155, 2850, 37196, 7784, 37190, 7768, 16889, 9340, 10401, 39120, 8961, 20198, 2323, 2322, 2327, 35867, 35870, 10398, 35879, 35880, 35893, 35888, 35892, 35895, 30359, 30361, 35009]
exec:0.29671287536621094
clustering:agglomerative
num_cluster:1
iteration:8
load:0.39514803886413574
path:[24963, 24983, 24981, 24927, 25218, 24946, 19328, 25903, 25921, 25909, 19324, 19337, 19286, 17609, 17605, 17602, 17601, 20732, 17598, 2578, 2560, 2540, 2601, 2595, 6434, 2550, 2594, 23246, 31050, 13958, 13959, 23651, 18030, 13953, 13946, 5265, 13702, 2710, 36017, 17064, 35874, 2517, 2516, 30136, 27700, 9460, 3531, 23825, 3501, 2082, 18607, 18603, 22963, 19163, 22952, 4436, 5679, 4506, 319, 11152, 4447, 4450, 32959, 14964, 14966, 14974, 2396, 38315, 7506, 38311, 8590, 8588, 8589, 19884, 11488, 6208, 868, 7248, 1414, 1418, 29413, 29412, 30033, 30013, 30027, 30051, 5576, 35899, 37265, 31639, 35932, 8720, 3672, 3651, 36177, 36176, 5771, 38355, 5953, 32950, 20309, 20282, 4354, 5944, 17496, 5332, 32431, 5934, 32441, 34092, 34087, 34086, 2854, 2852, 2850, 37155, 22923, 4907, 4906, 4905, 4899, 21044, 11678, 22327, 7405, 29217, 7410, 23837, 20371, 10855, 23557, 13766, 14235, 1377, 15456, 15454, 15453, 7392, 7383, 7384, 25132, 14727, 7374, 37163, 32813, 32847, 32827, 32864, 36744, 36753]
exec:0.24472999572753906
clustering:agglomerative
num_cluster:2
iteration:8
load:0.31917595863342285
path:[24963, 24983, 24981, 24927, 25218, 36950, 36927, 2076, 11771, 11770, 18090, 18168, 10289, 10294, 10290, 11740, 37954, 21562, 13582, 21556, 34441, 34432, 20701, 15498, 6991, 546, 15024, 36389, 30435, 30460, 30461, 30455, 30449, 27870, 190, 38924, 10700, 10682, 10702, 10678, 10590, 7593, 23973, 873, 37633, 11003, 29652, 22508, 23531, 13244, 9828, 13246, 27571, 27207, 14268, 13252, 25705, 35808, 35810, 32676, 19852, 2790, 9788, 2789, 31309, 14733, 22514, 18940, 16266, 21546, 13059, 11782, 11773, 24133, 27340, 15456, 15454, 15453, 7392, 7383, 7384, 25132, 14727, 7374, 37163, 32813, 32847, 32827, 32864, 36744, 36753]
exec:5.128182888031006
clustering:agglomerative
num_cluster:4
iteration:8
load:0.22176098823547363
path:[24963, 24983, 24981, 24927, 25218, 36950, 36927, 2076, 11771, 11770, 18090, 18168, 10289, 10294, 10290, 11740, 37954, 21562, 13582, 21556, 34441, 34432, 20701, 15498, 6991, 546, 15024, 36389, 30435, 30460, 30461, 30455, 30449, 27700, 9460, 9460, 3531, 23825, 3501, 2082, 18607, 18603, 22963, 19163, 22952, 4436, 5679, 4506, 319, 4545, 1132, 30022, 23565, 5049, 8018, 30063, 26502, 34551, 24750, 9012, 23503, 35957, 7519, 5773, 8113, 36984, 18201, 18199, 18746, 16339, 18730, 18106, 26787, 10321, 10319, 10318, 3484, 3480, 30593, 281, 33775, 15626, 27841, 5271, 5272, 5273, 14776, 14775, 21141, 38430, 619, 37695, 618, 38924, 10700, 10682, 10702, 10678, 10590, 7593, 23973, 873, 37633, 11003, 29652, 22508, 23531, 13244, 9828, 13246, 27571, 27207, 14268, 13252, 25705, 35808, 35810, 32676, 19852, 2790, 9788, 2789, 31309, 14733, 22514, 18940, 16266, 21546, 13059, 11782, 11773, 24133, 27340, 15456, 15454, 15453, 7392, 7383, 7384, 25132, 14727, 7374, 37163, 32813, 32847, 32827, 32864, 36744, 36753]
exec:6.013506889343262
clustering:agglomerative
num_cluster:8
iteration:8
load:0.13425898551940918
path:[24963, 24983, 24981, 24927, 25218, 36950, 36927, 2076, 11771, 11770, 18090, 18168, 10289, 10294, 10290, 11740, 37954, 21562, 13582, 21556, 34441, 34432, 20701, 15498, 6991, 546, 15024, 36389, 30435, 30460, 30461, 30455, 30449, 27700, 9460, 9460, 3531, 23825, 3501, 2082, 18607, 18603, 22963, 19163, 22952, 4436, 5679, 4506, 319, 11152, 4447, 4450, 32959, 14964, 14966, 14974, 2396, 38315, 7506, 38311, 8590, 8588, 8589, 19884, 11488, 6208, 868, 7248, 1414, 1418, 29413, 29412, 30033, 30013, 30027, 30051, 5576, 35899, 37265, 31639, 35932, 35911, 8719, 9215, 9171, 9168, 3287, 29486, 4771, 26174, 26187, 26186, 18041, 33593, 26182, 31472, 31200, 2375, 20325, 20269, 7232, 31276, 31280, 31421, 15756, 15754, 15750, 11887, 2805, 20956, 2302, 2304, 14904, 38087, 15292, 24349, 24353, 8100, 8099, 37215, 2962, 15289, 3365, 33048, 10723, 28771, 3160, 3174, 3163, 14642, 11647, 26240, 14644, 26126, 14645, 5689, 1406, 13581, 3819, 3820, 24398, 32075, 26542, 24581, 7244, 20235, 37488, 17384, 14325, 32168, 34554, 34406, 34399, 34398, 34417, 34809, 35308, 556, 35304, 35302, 35313, 35307, 5641, 5715, 5700, 5709, 5704, 32823, 32802, 36752, 36748, 36753]
exec:1.9706790447235107
clustering:agglomerative
num_cluster:1
iteration:9
load:0.5256800651550293
path:[18706, 18709, 3974, 30350, 30364, 1858, 33111, 1856, 12816, 7699, 29415, 29416, 37557, 26938, 26937, 33133, 26928, 23934, 38423, 38430, 619, 20907, 28096, 32701, 32690, 18377, 27822, 22870, 10458, 4655, 4650, 15874, 16153, 16194, 22127, 22434, 15986, 16405, 29791, 6345, 16918, 10459, 16923, 5597, 5592, 27871, 5599, 5606, 13199, 37261, 35899, 5576, 30051, 30027, 30013, 30033, 30037, 7193, 29669, 32618, 7195, 29675, 7505, 12973, 734, 743, 24554, 35393, 35377, 35387, 35391, 24517, 24501, 4136, 4114, 4117, 4118]
exec:0.2507638931274414
clustering:agglomerative
num_cluster:2
iteration:9
load:0.3404819965362549
path:[18706, 18709, 3974, 30350, 30364, 1858, 33111, 1856, 12816, 7699, 29415, 29416, 37557, 26910, 6416, 26944, 26945, 38272, 5272, 38430, 619, 20907, 28096, 32701, 32690, 18377, 27822, 22870, 10458, 4655, 4650, 15874, 16153, 16194, 22127, 22434, 15986, 16405, 29791, 6345, 16918, 10459, 16923, 5597, 5592, 27871, 5599, 5606, 13199, 37261, 35899, 5576, 30051, 30027, 30013, 30033, 30037, 7193, 29669, 32618, 7195, 29675, 7505, 12973, 734, 743, 24554, 35393, 35377, 35387, 35391, 24517, 24501, 4136, 4114, 4117, 4118]
exec:8.657465934753418
clustering:agglomerative
num_cluster:4
iteration:9
load:0.2697429656982422
path:[18706, 18709, 3974, 30350, 30364, 1858, 33111, 1856, 12816, 7699, 29415, 29416, 37557, 26910, 6416, 26944, 26945, 38272, 5272, 38430, 619, 20907, 28096, 32701, 32690, 18377, 27822, 22870, 10458, 4655, 4650, 15874, 16153, 16194, 22127, 22434, 15986, 16405, 29791, 6345, 16918, 10459, 16923, 5597, 5592, 27871, 5599, 5606, 13199, 37261, 35899, 5576, 30051, 30027, 30013, 30033, 30037, 7193, 29669, 32618, 7195, 29675, 7505, 12973, 734, 743, 24554, 35393, 35377, 35387, 35391, 24517, 24501, 4136, 4114, 4117, 4118]
exec:2.328834056854248
clustering:agglomerative
num_cluster:8
iteration:9
load:0.13391780853271484
path:[18706, 18709, 3974, 30350, 30364, 1858, 33111, 1856, 12816, 7699, 29415, 29416, 37557, 26938, 26937, 33133, 26928, 23934, 38423, 38430, 38430, 619, 20907, 28096, 32701, 32690, 18377, 27822, 22870, 10458, 4655, 4650, 15874, 16153, 16194, 22127, 22434, 15986, 16405, 29791, 6345, 16918, 10459, 16923, 5597, 5592, 27871, 5599, 5606, 13199, 37261, 35899, 5576, 30051, 30027, 30013, 30033, 29412, 29413, 1418, 1414, 7248, 851, 34515, 34505, 34502, 35962, 16621, 23431, 11396, 16333, 278, 33676, 33651, 36636, 33685, 34128, 16347, 35221, 35220, 1773, 1759, 22667, 22982, 7658, 2351, 3307, 35394, 35388, 35383, 35391, 24517, 24501, 4136, 4114, 4117, 4118]
exec:2.734673023223877
