clustering:kmeans
num_cluster:1
iteration:0
load:0.40320897102355957
path:[15657, 15612, 15529, 15617, 8983, 38541, 18221, 7031, 9102, 30100, 24423, 30088, 32297, 32295, 32291, 38532, 30087, 30104, 30102, 31028, 29473, 36963, 29438, 29442, 12038, 21397, 29433, 34244, 29443, 8337, 29441, 24176, 20361, 8125, 19552, 30630, 24842, 25435, 21249, 8690, 8691, 36034, 36035, 2379, 491, 2398, 604, 36487, 28198, 28396, 7218, 38029, 39133, 8004, 39066, 19057, 19055, 33352, 23492, 9005, 2326, 38442, 25678, 12357, 5184, 8238, 8235, 12228, 5170, 5174, 12289, 12362, 12377, 12375, 21732]
exec:0.1781291961669922
clustering:kmeans
num_cluster:2
iteration:0
load:0.1917409896850586
path:[15657, 15612, 15529, 15617, 8983, 38541, 18221, 7031, 9102, 30100, 24423, 30088, 32297, 32295, 32291, 38532, 30087, 30104, 30102, 31028, 29473, 36963, 29438, 29442, 12038, 21397, 29433, 34244, 29443, 8337, 29441, 24176, 20361, 8125, 19552, 30630, 24842, 25435, 21249, 8690, 8691, 36034, 36035, 2379, 491, 2398, 604, 36487, 28198, 28396, 7218, 38029, 39133, 8004, 39066, 19057, 19055, 33352, 23492, 9005, 2326, 38442, 25678, 12357, 5184, 8238, 8235, 12228, 5170, 5174, 12289, 12362, 12377, 12375, 21732]
exec:0.15710091590881348
clustering:kmeans
num_cluster:4
iteration:0
load:0.09563612937927246
path:[15657, 14839, 8995, 15545, 15526, 15553, 20789, 7659, 30575, 302, 29483, 39022, 16349, 16351, 2351, 26482, 5927, 22987, 22668, 1787, 6990, 22311, 35199, 35210, 22349, 22390, 12409, 19508, 34091, 32411, 34090, 27993, 25066, 28630, 38248, 17970, 6062, 33751, 33750, 12632, 5920, 35189, 10168, 22926, 5336, 31949, 5912, 5910, 5909, 18798, 18796, 25308, 26997, 34101, 2921, 12064, 34102, 5496, 34109, 5338, 5339, 5340, 5341, 5342, 5343, 5344, 5345, 5346, 5347, 5348, 5349, 5350, 25362, 25367, 5351, 4668, 4669, 289, 21751, 3875, 3868, 21732]
exec:1.7811129093170166
clustering:kmeans
num_cluster:8
iteration:0
load:0.12747502326965332
path:[15657, 14839, 8995, 15545, 15526, 15553, 20789, 30563, 2769, 21800, 9382, 15372, 21078, 23556, 23555, 15358, 15364, 15373, 15378, 15380, 15381, 10001, 4795, 4787, 36454, 36462, 20500, 10169, 10211, 10198, 29994, 20477, 10163, 19563, 21310, 6994, 21298, 19576, 6995, 16340, 14403, 8624, 33272, 33282, 6081, 5886, 25308, 26997, 34101, 2921, 12064, 34102, 5496, 34109, 5338, 5339, 5340, 5341, 5342, 5343, 5344, 5345, 5346, 5347, 5348, 5349, 5350, 25362, 25367, 5351, 4668, 4669, 289, 21751, 3875, 3868, 21732]
exec:2.397541046142578
clustering:kmeans
num_cluster:1
iteration:1
load:0.41782402992248535
path:[23813, 23844, 35278, 33380, 23832, 33379, 23848, 35274, 35876, 23236, 27698, 38150, 32055, 16576, 30132, 27689, 4804, 27735, 27700, 9460, 3531, 23825, 3501, 2082, 18607, 18603, 22963, 19163, 22952, 4436, 5679, 4506, 319, 4545, 1132, 30022, 23565, 5049, 8018, 30063, 7920, 36000, 7668, 26513, 4221, 4220, 5938, 5933, 34991, 28403, 21376, 38197, 20085, 13241, 31163, 13216, 8667, 38208, 8677, 676, 658, 671, 19373, 19375, 19377, 18551, 13218, 14355, 23538, 27233, 27232, 27230, 18217, 22710, 26718, 8450, 8451, 8452, 8454, 14864, 14875, 14870, 14912, 14883]
exec:0.18355822563171387
clustering:kmeans
num_cluster:2
iteration:1
load:0.189162015914917
path:[23813, 23844, 35278, 33380, 23832, 33379, 23848, 35274, 35876, 23236, 27698, 38150, 32055, 16576, 30132, 27689, 4804, 27735, 27700, 9460, 3531, 23825, 3501, 2082, 18607, 18603, 22963, 19163, 22952, 4436, 5679, 4506, 319, 4545, 1132, 30022, 23565, 5049, 8018, 30063, 26502, 34551, 24750, 9012, 23503, 35957, 7519, 5773, 8113, 36984, 18201, 18199, 18746, 16339, 5375, 14756, 5235, 38292, 26930, 5238, 5236, 26934, 14771, 5247, 16161, 16160, 33142, 5256, 193, 9046, 22858, 27231, 5271, 27841, 15626, 20917, 29359, 29357, 3471, 18768, 5812, 4200, 5816, 5819, 11563, 2353, 2354, 5827, 5829, 25923, 26699, 26700, 26287, 26702, 3332, 23426, 23449, 20576, 26708, 8668, 26713, 9676, 7724, 7723, 7727, 7728, 39143, 7599, 15402, 39151, 2, 7, 14864, 14875, 14870, 14912, 14883]
exec:11.971678018569946
clustering:kmeans
num_cluster:4
iteration:1
load:0.0947420597076416
path:[23813, 23844, 35278, 33380, 23832, 33379, 23848, 35274, 35876, 23236, 27698, 38150, 32055, 16576, 30132, 27689, 4804, 27735, 27700, 9460, 3531, 23825, 3501, 2082, 18607, 18603, 22963, 19163, 22952, 4436, 5679, 4506, 319, 4545, 1132, 30022, 23565, 5049, 8018, 30063, 26502, 34551, 24750, 9012, 23503, 38786, 3417, 27133, 27132, 15296, 9107, 23552, 10252, 17268, 31461, 31453, 31465, 27268, 31430, 31184, 20387, 14544, 14565, 14534, 17530, 22079, 14889, 14883]
exec:8.308580160140991
clustering:kmeans
num_cluster:8
iteration:1
load:0.11426210403442383
path:[23813, 23844, 35278, 33380, 23832, 33379, 23848, 35274, 35876, 23236, 27698, 38150, 32055, 16576, 30132, 27689, 4804, 27735, 27700, 9460, 3531, 23825, 3501, 2082, 18607, 18603, 22963, 9366, 9366, 2081, 34123, 32545, 32532, 16407, 13631, 32529, 33734, 32527, 13037, 16808, 16378, 34270, 16377, 20844, 18806, 22363, 16020, 22374, 16088, 25216, 25213, 16607, 15857, 18809, 16354, 27979, 16352, 35945, 4406, 2336, 9660, 34312, 35605, 6989, 28853, 8014, 26482, 5927, 22987, 22668, 1787, 6990, 22311, 35199, 35210, 22349, 22390, 12409, 5805, 12710, 34066, 34070, 20848, 34072, 34081, 26185, 29093, 2380, 26197, 26197, 26200, 29483, 302, 20544, 29485, 5356, 36177, 3651, 3672, 8720, 35932, 13199, 5606, 5599, 27871, 5592, 5597, 16923, 10459, 16918, 6345, 29791, 16405, 15986, 22434, 22127, 16194, 16153, 15874, 4650, 4655, 10458, 22870, 27822, 18377, 32690, 32701, 28096, 20907, 619, 38430, 38423, 34287, 38272, 26945, 26944, 25664, 37821, 27421, 21436, 21483, 21490, 108, 27258, 96, 97, 28581, 38282, 19393, 15960, 16011, 16010, 16001, 33151, 16004, 15957, 36537, 33160, 3366, 3369, 32070, 3379, 33153, 16148, 33169, 20261, 1347, 19619, 19648, 8050, 8030, 18564, 29399, 11939, 11938, 20387, 14544, 14565, 14534, 17530, 22079, 14889, 14883]
exec:1.0033271312713623
clustering:kmeans
num_cluster:1
iteration:2
load:0.4532289505004883
path:[37198, 37200, 37199, 19671, 19673, 19675, 19677, 19679, 19685, 19628, 4595, 19778, 7694, 25062, 19780, 19782, 19787, 19784, 19791, 19794, 435, 27814, 15663, 17385, 27179, 32396, 32397, 8865, 32367, 32358, 32356, 32350, 32506, 150, 148, 161, 151, 163, 162]
exec:0.04417085647583008
path:[37198, 37200, 37199, 19671, 19673, 19675, 19677, 19679, 19685, 19628, 4595, 19778, 7694, 25062, 19780, 19782, 19787, 19784, 19791, 19794, 435, 27814, 15663, 17385, 27179, 32396, 32397, 8865, 32367, 32358, 32356, 32350, 32506, 150, 148, 161, 151, 163, 162]
exec:0.02111506462097168
clustering:kmeans
num_cluster:2
iteration:2
load:0.23545598983764648
clustering:kmeans
num_cluster:4
iteration:2
load:0.1149289608001709
path:[37198, 37200, 37199, 19671, 19673, 19675, 19677, 19679, 19685, 19628, 4595, 19778, 7694, 25062, 19780, 19782, 19787, 19784, 19791, 19794, 435, 27814, 15663, 17385, 27179, 32396, 32397, 8865, 32367, 32358, 32356, 32350, 32506, 150, 148, 161, 151, 163, 162]
exec:0.02334904670715332
clustering:kmeans
num_cluster:8
iteration:2
load:0.13869500160217285
path:[37198, 37200, 37199, 19671, 19673, 19675, 19677, 19679, 37547, 7192, 19685, 19628, 4595, 19778, 7694, 25062, 19780, 19782, 19787, 19784, 19791, 19794, 435, 27814, 15663, 17385, 27179, 32396, 32397, 8865, 32367, 32358, 32356, 32350, 32506, 150, 148, 161, 151, 163, 162]
exec:4.693135976791382
clustering:kmeans
num_cluster:1
iteration:3
load:0.4179210662841797
path:[80, 60, 46, 26765, 26768, 3819, 13581, 1406, 5689, 14645, 26126, 14644, 11645, 11644, 14642, 3163, 3174, 3160, 28771, 10723, 33048, 3365, 15289, 2962, 37215, 8099, 8100, 24353, 2352, 14218, 38091, 27183, 26227, 38786, 3417, 27133, 27132, 15296, 9107, 23552, 10252, 17268, 31456, 27271, 24357, 8050, 19648, 13540, 15574, 15596, 12735, 37727, 10353, 6323, 15595, 15602]
exec:0.04318404197692871
clustering:kmeans
num_cluster:2
iteration:3
load:0.20522785186767578
path:[80, 60, 46, 26765, 26768, 3819, 13581, 1406, 5689, 14645, 26126, 14644, 11645, 11644, 14642, 3163, 3174, 3160, 28771, 10723, 33048, 3365, 15289, 2962, 37215, 8099, 8100, 24353, 2352, 14218, 38091, 27183, 26227, 38786, 3417, 27133, 27132, 15296, 9107, 23552, 10252, 17268, 31456, 27271, 24357, 8050, 19648, 13540, 15574, 15596, 12735, 37727, 10353, 6323, 15595, 15602]
exec:0.042646169662475586
clustering:kmeans
num_cluster:4
iteration:3
load:0.09492897987365723
path:[80, 60, 22331, 22332, 21295, 3820, 24398, 32075, 26542, 24581, 26573, 26538, 38786, 3417, 27133, 27132, 15296, 9107, 23552, 10252, 17268, 31456, 27271, 24357, 8050, 19648, 13540, 15574, 15596, 12735, 37727, 10353, 6323, 15595, 15602]
exec:8.448010921478271
clustering:kmeans
num_cluster:8
iteration:3
load:0.13266706466674805
path:[80, 60, 22331, 22332, 9997, 30331, 1858, 38282, 19393, 15960, 16011, 16010, 16001, 33151, 16004, 15957, 36537, 33160, 3366, 3369, 32070, 3379, 33153, 16148, 33169, 20261, 1347, 19619, 13540, 15574, 15596, 12735, 37727, 10353, 6323, 15595, 15602]
exec:2.70468807220459
clustering:kmeans
num_cluster:1
iteration:4
load:0.4077439308166504
path:[37035, 37009, 37001, 37030, 37027, 36619, 36624, 35060, 36457, 35055, 36429, 36419, 36445, 36422, 36432, 36425, 36469, 20500, 10169, 20487, 27996, 20316, 27993, 34090, 32411, 32407, 6755, 32398, 32943, 5358, 5953, 38355, 9176, 38382, 27626, 33017, 2815, 36100, 36099, 36086, 36078, 19456, 19457, 19449]
exec:0.012600898742675781
path:[37035, 37009, 37001, 37030, 37027, 36619, 36624, 35060, 36457, 35055, 36429, 36419, 36445, 36422, 36432, 36425, 36469, 20500, 10169, 20487, 27996, 20316, 27993, 34090, 32411, 32407, 6755, 32398, 32943, 5358, 5953, 38355, 9176, 38382, 27626, 33017, 2815, 36100, 36099, 36086, 36078, 19456, 19457, 19449]
exec:0.008059978485107422
clustering:kmeans
num_cluster:2
iteration:4
load:0.21633005142211914
clustering:kmeans
num_cluster:4
iteration:4
load:0.09500598907470703
path:[37035, 37009, 37001, 37030, 37027, 36619, 36624, 35060, 36457, 35055, 36429, 36419, 36445, 36422, 36432, 36425, 36469, 20500, 10169, 20487, 27996, 20316, 27993, 34090, 32411, 32407, 6755, 32398, 32943, 5358, 3656, 38786, 3417, 27133, 27132, 9059, 10265, 15284, 6008, 6004, 6006, 3999, 27178, 27171, 27162, 27165, 27170, 27141, 27179, 17385, 15663, 27814, 435, 19794, 19791, 19784, 19787, 19782, 19780, 19779, 19777, 19776, 4595, 19628, 19685, 7192, 7196, 38500, 36969, 33389, 10461, 6342, 37510, 15480, 12598, 22938, 31528, 24226, 34189, 20953, 6688, 6677, 6678, 6682, 6683, 6685, 1560, 9180, 38348, 9147, 38347, 32241, 31472, 26182, 33593, 18041, 26186, 31189, 27298, 31165, 31159, 31158, 27625, 27624, 36089, 186, 181, 172, 177, 1681, 1678, 19449]
exec:7.931242942810059
clustering:kmeans
num_cluster:8
iteration:4
load:0.13425087928771973
path:[37035, 37009, 37001, 37030, 37027, 36619, 36624, 35060, 36457, 35055, 36429, 36419, 36445, 36422, 36432, 36425, 36425, 36469, 20500, 10169, 20487, 5817, 5814, 36876, 25067, 25066, 28630, 38248, 17970, 6062, 5363, 5934, 32441, 34092, 34087, 34086, 2854, 2852, 2850, 37155, 22923, 17786, 2819, 39137, 14923, 29103, 19717, 7650, 3887, 38587, 6510, 7762, 29984, 7764, 31631, 10089, 37515, 38261, 38269, 30831, 6694, 24233, 15479, 6677, 6678, 6682, 6683, 6685, 1560, 9180, 38348, 9147, 38347, 32241, 31472, 26182, 33593, 18041, 26186, 31189, 27298, 31165, 31159, 31158, 27625, 27624, 36089, 186, 181, 172, 177, 1681, 1678, 19449]
exec:2.456413984298706
clustering:kmeans
num_cluster:1
iteration:5
load:0.4181661605834961
path:[2595, 6434, 2550, 2594, 23246, 31050, 13958, 13959, 23651, 18030, 13953, 13946, 5265, 13702, 2710, 36017, 17064, 35874, 2517, 2516, 30136, 27700, 9460, 3531, 23825, 3501, 2082, 18607, 18603, 22963, 19163, 22952, 4436, 5679, 4506, 319, 11152, 4447, 4450, 32959, 14964, 14966, 14974, 2396, 38315, 7506, 38311, 8590, 8588, 8589, 19884, 11488, 6208, 868, 7248, 1414, 1418, 29413, 29412, 30033, 30013, 30027, 30051, 5576, 35899, 37265, 31639, 35932, 35911, 8719, 9215, 9171, 9168, 3287, 29486, 4771, 26174, 26187, 26186, 18041, 33593, 26182, 31472, 31200, 2375, 20325, 20269, 7232, 31276, 31280, 31421, 15756, 15754, 15750, 11887, 2805, 2803, 2802, 11668, 2797, 30064, 16936, 21834, 21841, 14913, 36625, 1947, 1946, 23443, 23440]
exec:0.2611508369445801
clustering:kmeans
num_cluster:2
iteration:5
load:0.1910991668701172
path:[2595, 6434, 2550, 2594, 23246, 31050, 13958, 13959, 23651, 18030, 13953, 13946, 5265, 13702, 2710, 36017, 17064, 35874, 2517, 2516, 30136, 27700, 9460, 3531, 23825, 3501, 2082, 18607, 18603, 22963, 19163, 22952, 4436, 5679, 4506, 319, 11152, 4447, 4450, 32959, 14964, 14966, 14974, 2396, 38315, 7506, 38311, 8590, 8588, 8589, 19884, 11488, 6208, 868, 7248, 1414, 1418, 29413, 29412, 30033, 30013, 1167, 27227, 31288, 31290, 31289, 31293, 31295, 839, 1639, 1602, 12681, 33411, 24093, 20473, 24117, 20474, 20477, 29994, 10198, 10211, 10169, 20487, 27996, 20316, 27993, 25066, 28630, 38248, 17970, 6062, 5363, 5934, 32441, 34092, 34087, 34086, 2854, 2852, 2850, 37155, 22923, 4907, 4906, 4905, 4899, 21044, 11678, 22327, 7405, 14919, 29211, 23845, 29204, 9915, 1939, 1946, 23443, 23440]
exec:12.106689929962158
clustering:kmeans
num_cluster:4
iteration:5
load:0.10787415504455566
path:[2595, 6434, 2550, 2594, 23246, 31050, 13958, 13959, 23651, 18030, 13953, 13946, 5265, 13702, 2710, 36017, 17064, 35874, 2517, 2516, 30136, 27700, 9460, 3531, 23825, 3501, 2082, 18607, 18603, 22963, 19163, 22952, 4436, 5679, 4506, 319, 4545, 1132, 30022, 23565, 5049, 8018, 30063, 26502, 34551, 24750, 9012, 23503, 38786, 3417, 27133, 27132, 9059, 10265, 15284, 6008, 6004, 6006, 3999, 27178, 27171, 27162, 27165, 27170, 27141, 27179, 17385, 15663, 27814, 435, 19794, 19791, 19784, 19787, 19782, 19780, 19779, 19777, 19776, 4595, 19628, 19685, 7192, 7196, 38500, 36969, 33389, 10461, 6342, 34147, 10092, 12780, 7762, 6510, 38587, 9823, 20995, 9872, 7589, 9895, 9841, 9893, 29647, 34471, 5528, 13244, 9828, 13246, 27571, 27574, 22503, 35810, 32676, 2800, 21829, 21834, 21841, 14913, 36625, 1947, 1946, 23443, 23440]
exec:7.821611166000366
clustering:kmeans
num_cluster:8
iteration:5
load:0.11334109306335449
path:[2595, 6434, 2550, 2594, 23246, 31050, 13958, 13959, 23651, 18030, 13953, 13946, 5265, 13702, 2710, 36017, 17064, 35874, 2517, 2516, 30136, 27700, 9460, 3531, 23825, 3501, 2082, 18607, 18603, 22963, 9366, 9366, 2081, 34123, 32545, 32532, 16407, 13631, 32529, 33734, 32527, 13037, 16808, 16378, 34270, 16377, 20844, 18806, 22363, 16020, 22374, 16088, 25216, 25213, 16607, 15857, 18809, 16354, 27979, 16352, 35945, 4406, 2336, 9660, 34312, 35605, 6989, 28853, 8014, 26482, 5927, 22987, 22668, 1787, 6990, 22311, 35199, 35210, 22349, 22390, 12409, 5805, 12710, 34066, 34070, 20848, 34072, 34081, 26185, 29093, 2380, 26197, 38587, 9823, 20995, 20998, 21001, 21005, 902, 901, 875, 873, 37633, 37632, 897, 900, 33839, 16948, 27577, 16949, 35814, 21828, 2800, 21829, 21834, 21841, 14913, 36625, 1947, 1946, 23443, 23440]
exec:2.669854164123535
clustering:kmeans
num_cluster:1
iteration:6
load:0.41800594329833984
path:[8234, 8237, 6166, 30037, 7193, 29669, 32618, 7195, 29675, 7505, 3330, 3325, 3315, 3314, 3307, 2351, 26482, 5927, 22987, 22668, 1787, 6990, 22311, 35199, 35210, 22349, 22390, 12409, 5805, 22333, 22312, 22392, 22338]
exec:0.015001058578491211
clustering:kmeans
num_cluster:2
iteration:6
load:0.19099712371826172
path:[8234, 8237, 6166, 30037, 7193, 29669, 32618, 7195, 29675, 7505, 3330, 3325, 3315, 3314, 3307, 2351, 26482, 5927, 22987, 22668, 1787, 6990, 22311, 35199, 35210, 22349, 22390, 12409, 5805, 22333, 22312, 22392, 22338]
exec:0.008243083953857422
clustering:kmeans
num_cluster:4
iteration:6
load:0.09575510025024414
path:[8234, 8237, 6166, 6166, 7889, 7888, 7917, 7933, 7892, 6164, 6158, 30673, 8945, 1436, 8944, 32051, 9696, 9697, 33518, 20051, 27978, 27953, 4405, 1960, 2336, 38617, 38604, 38606, 38607, 38680, 38657, 38597, 20472, 1651, 1653, 34210, 3216, 3221, 16895, 27121, 37964, 27122, 10943, 3637, 12410, 310, 427, 38816, 38814, 38811, 38798, 38809, 6989, 28853, 8014, 26482, 5927, 22987, 22668, 1787, 6990, 22311, 35199, 35210, 22349, 22390, 12409, 5805, 22333, 22312, 22392, 22338]
exec:0.9301071166992188
clustering:kmeans
num_cluster:8
iteration:6
load:0.1352858543395996
path:[8234, 8237, 6166, 30037, 7193, 29669, 32618, 7195, 29675, 7505, 3330, 3325, 3315, 3314, 3307, 2351, 26482, 5927, 22987, 22668, 1787, 6990, 22311, 35199, 35210, 22349, 22390, 12409, 5805, 22333, 22312, 22392, 22338]
exec:0.0058290958404541016
clustering:kmeans
num_cluster:1
iteration:7
load:0.3965189456939697
path:[2538, 2543, 2550, 2594, 23246, 31050, 13958, 13959, 23651, 18030, 13953, 13946, 5265, 13702, 2710, 36017, 17064, 35874, 2517, 2516, 30136, 27700, 9460, 3531, 23825, 3501, 2082, 18607, 18603, 22963, 19163, 22952, 4436, 5679, 4506, 319, 11152, 4447, 4450, 32959, 14964, 14966, 14974, 2396, 38315, 7506, 38311, 8590, 8588, 8589, 19884, 11488, 6208, 868, 7248, 1414, 1418, 29413, 29412, 30033, 30037, 7193, 29669, 32618, 7195, 29675, 7505, 12973, 734, 731, 427, 310, 12410, 12633, 12411, 12412, 12650, 12674, 12760, 12750, 6402, 13605, 30678, 6412, 29886, 29895, 29900]
exec:0.27028894424438477
clustering:kmeans
num_cluster:2
iteration:7
load:0.19156503677368164
path:[2538, 2543, 2550, 2594, 23246, 31050, 13958, 13959, 23651, 18030, 13953, 13946, 5265, 13702, 2710, 36017, 17064, 35874, 2517, 2516, 30136, 27700, 9460, 3531, 23825, 3501, 2082, 18607, 18603, 22963, 19163, 22952, 4436, 5679, 4506, 319, 11152, 4447, 4450, 32959, 14964, 14966, 14974, 2396, 38315, 7506, 38311, 8590, 8588, 8589, 19884, 11488, 6208, 868, 7248, 1414, 1418, 29413, 29412, 30033, 30037, 7193, 29669, 32618, 7195, 29675, 7505, 12973, 734, 731, 427, 310, 12410, 12633, 12411, 12412, 12650, 12674, 12760, 12750, 6402, 13605, 30678, 6412, 29886, 29895, 29900]
exec:0.05390191078186035
path:[2538, 2543, 2550, 2594, 23246, 31050, 13958, 13959, 23651, 18030, 13953, 13946, 5265, 13702, 2710, 36017, 17064, 35874, 2517, 2516, 30136, 27700, 9460, 3531, 23825, 3501, 2082, 18607, 18603, 22963, 9366, 2081, 34123, 32545, 32532, 16407, 13631, 32529, 33734, 32527, 13037, 16808, 16378, 34270, 16377, 18812, 18805, 35871, 35869, 35868, 35855, 35856, 35857, 35846, 35845, 35843, 38618, 38620, 38615, 38619, 38617, 38604, 38606, 38607, 38680, 38657, 38597, 38663, 38571, 1237, 1242, 1260, 1262, 31319, 14921, 19869, 14930, 9054, 31323, 7803, 7794, 12674, 12760, 12750, 6402, 13605, 30678, 6412, 29886, 29895, 29900]
exec:0.04366612434387207
clustering:kmeans
num_cluster:4
iteration:7
load:0.09600210189819336
clustering:kmeans
num_cluster:8
iteration:7
load:0.13487005233764648
path:[2538, 2543, 2550, 2594, 23246, 31050, 13958, 13959, 23651, 18030, 13953, 13946, 5265, 13702, 2710, 36017, 17064, 35874, 2517, 2516, 30136, 27700, 9460, 3531, 23825, 3501, 2082, 18607, 18603, 18619, 38553, 20218, 29412, 30033, 30037, 7193, 29669, 32618, 7195, 29675, 7505, 12973, 734, 731, 427, 310, 12410, 12633, 12411, 12412, 12650, 12674, 12760, 12750, 6402, 13605, 30678, 6412, 29886, 29895, 29900]
exec:0.7231731414794922
clustering:kmeans
num_cluster:1
iteration:8
load:0.40662407875061035
path:[19083, 9469, 9417, 1545, 26405, 27930, 15883, 8113, 5773, 7519, 35957, 23503, 9012, 24750, 34551, 26502, 30063, 8018, 5049, 23565, 30022, 1132, 4545, 319, 4506, 5679, 4436, 22952, 19163, 22963, 18603, 18607, 2082, 3501, 23825, 3531, 9460, 27694, 27716, 30138, 27737, 27112, 26772, 2519, 16980, 2520, 2523, 2527, 34094, 34051, 26317, 16589, 26600, 13751, 13664, 7264, 7260, 7259, 6564, 27467, 16572, 18369, 18370, 24590, 11838, 18378, 11837, 7709, 17869, 9702, 9698, 4478, 4497, 32120, 3370, 17846, 4319]
exec:0.21925806999206543
clustering:kmeans
num_cluster:2
iteration:8
load:0.19245314598083496
path:[19083, 9469, 9417, 1545, 26405, 27930, 15883, 8113, 5773, 7519, 35957, 23503, 9012, 24750, 34551, 26502, 30063, 8018, 5049, 23565, 30022, 1132, 4545, 319, 4506, 5679, 4436, 22952, 19163, 22963, 18603, 18607, 2082, 3501, 23825, 3531, 9460, 27694, 27716, 30138, 27737, 27112, 26772, 2519, 16980, 2520, 2523, 2527, 34094, 34051, 26317, 16589, 26600, 13751, 13664, 7264, 7260, 7259, 6564, 27467, 16572, 18369, 18370, 24590, 11838, 18378, 11837, 7709, 17869, 9702, 9698, 4478, 4497, 32120, 3370, 17846, 4319]
exec:0.09011697769165039
clustering:kmeans
num_cluster:4
iteration:8
load:0.09524893760681152
path:[19083, 9469, 7248, 851, 34312, 9660, 2336, 4406, 38619, 38615, 38620, 38618, 35843, 35845, 35846, 35857, 35856, 35855, 35868, 35869, 35871, 18805, 18812, 16377, 34270, 16378, 16808, 13037, 32527, 33734, 32529, 13631, 16407, 32532, 32545, 34123, 2081, 9366, 22963, 18603, 18607, 2082, 3501, 23825, 3531, 9460, 27694, 27716, 30138, 27737, 27112, 26772, 2519, 16980, 2520, 2523, 2527, 34094, 34051, 26317, 16589, 26600, 13751, 13664, 7264, 7260, 7259, 6564, 27467, 16572, 18369, 18370, 24590, 11838, 18378, 11837, 7709, 17869, 9702, 9698, 4478, 4497, 32120, 3370, 17846, 4319]
exec:4.008930921554565
clustering:kmeans
num_cluster:8
iteration:8
load:0.11334896087646484
path:[19083, 27142, 10301, 1545, 26405, 27930, 15883, 8113, 5773, 7519, 35957, 23503, 9012, 24750, 34551, 26502, 30063, 8018, 8018, 5049, 23565, 30022, 1132, 4545, 319, 4506, 5679, 6445, 19205, 3437, 18570, 3436, 29031, 2236, 2224, 1486, 30487, 30475, 1485, 2217, 1482, 10510, 17503, 17435, 17382, 30449, 18286, 18237, 26274, 2087, 18434, 6461, 24591, 24589, 24590, 11838, 18378, 11837, 7709, 17869, 9702, 9698, 4478, 4497, 32120, 3370, 17846, 4319]
exec:2.2476890087127686
clustering:kmeans
num_cluster:1
iteration:9
load:0.46996188163757324
path:[6785, 31010, 31007, 16862, 5822, 25361, 4900, 20749, 20709, 31895, 31898, 22084, 9503, 9194, 13853, 9213, 8643, 2820, 6746, 25092, 21835, 9993, 9997, 22332, 21295, 3820, 3819, 13581, 1406, 1405, 1404, 1403, 28553, 13579, 31739, 20904, 31759, 31762, 31763, 27156]
exec:0.012898921966552734
clustering:kmeans
num_cluster:2
iteration:9
load:0.21424102783203125
path:[6785, 31010, 31007, 16862, 5822, 25361, 4900, 20749, 20709, 31895, 31898, 22084, 9503, 9194, 13853, 9213, 8643, 2820, 6746, 25092, 21835, 9993, 9997, 22332, 21295, 3820, 3819, 13581, 1406, 1405, 1404, 1403, 28553, 13579, 31739, 20904, 31759, 31762, 31763, 27156]
exec:0.008708000183105469
clustering:kmeans
num_cluster:4
iteration:9
load:0.09662795066833496
path:[6785, 31010, 31007, 16862, 5822, 25361, 4900, 20749, 20709, 31895, 31898, 22084, 9503, 9194, 13853, 9213, 8643, 2820, 6746, 25092, 21835, 9993, 9997, 22332, 21295, 3820, 24398, 32075, 26542, 24581, 26573, 31759, 31762, 27173, 27156]
exec:7.916033029556274
clustering:kmeans
num_cluster:8
iteration:9
load:0.1138770580291748
path:[6785, 31010, 31007, 16862, 26079, 16861, 26075, 26072, 26070, 26071, 16860, 26076, 16859, 16858, 15891, 15888, 15882, 37547, 7192, 7692, 2026, 8266, 33107, 23809, 5071, 23811, 18085, 37536, 18087, 16310, 24171, 24167, 37533, 28849, 10730, 10727, 7996, 19862, 21375, 32085, 26324, 6793, 19538, 32567, 19546, 32204, 32151, 32153, 28025, 31049, 30697, 623, 624, 37365, 20903, 13579, 31739, 20904, 31759, 31762, 31763, 27156]
exec:3.9152910709381104
clustering:agglomerative
num_cluster:1
iteration:0
load:0.3957381248474121
path:[32692, 13345, 32691, 7903, 26220, 26226, 28195, 4941, 4920, 4954, 4953, 4912, 4945, 4975, 4948, 4943, 4917, 36413, 4967, 4925, 7339, 12993, 25890, 25862, 25800, 25841, 25874, 18302, 554, 5861, 7549, 7546, 7544, 1387, 5129, 2030, 2033, 2029, 7958, 25038, 21324, 18366, 5212, 5188, 5166, 5146, 2281, 7633, 31580, 1977, 33354, 8246, 8247, 16774, 16135, 5310, 16131, 7627, 15407, 15408, 38489, 15409, 38487, 15410, 38480, 39074, 39079, 39063, 39115, 39122, 39077, 39056]
exec:0.03205299377441406
path:[32692, 13345, 32691, 7903, 26220, 26226, 28195, 4941, 4920, 4954, 4953, 4912, 4945, 4975, 4948, 4943, 4917, 36413, 4967, 4925, 7339, 12993, 25890, 25862, 25800, 25841, 25874, 18302, 554, 5861, 7549, 7546, 7544, 1387, 5129, 2030, 2033, 2029, 7958, 25038, 21324, 18366, 5212, 5188, 5166, 5146, 2281, 7633, 31580, 1977, 33354, 8246, 8247, 16774, 16135, 5310, 16131, 7627, 15407, 15408, 38489, 15409, 38487, 15410, 38480, 39074, 39079, 39063, 39115, 39122, 39077, 39056]
exec:0.03006291389465332
clustering:agglomerative
num_cluster:2
iteration:0
load:0.2324068546295166
clustering:agglomerative
num_cluster:4
iteration:0
load:0.20499897003173828
path:[32692, 13345, 32691, 7903, 26220, 26226, 28195, 4941, 4920, 4954, 4953, 4912, 4945, 4975, 4948, 4943, 4917, 36413, 4967, 4925, 7339, 12993, 25890, 25862, 25800, 25841, 25874, 18302, 554, 5861, 7549, 7546, 7544, 1387, 5129, 2030, 2033, 2029, 7958, 25038, 21324, 18366, 5212, 5188, 5166, 5146, 2281, 7633, 31580, 1977, 33354, 8246, 8247, 16774, 16135, 5310, 16131, 7627, 15407, 15408, 38489, 15409, 38487, 15410, 38480, 39074, 39079, 39063, 39115, 39122, 39077, 39056]
exec:0.030472993850708008
clustering:agglomerative
num_cluster:8
iteration:0
load:0.1434941291809082
path:[32692, 13345, 32691, 7903, 26220, 26226, 28195, 4941, 4920, 4954, 4953, 4912, 4945, 4975, 4948, 4943, 4917, 36413, 4967, 4925, 7339, 12993, 25890, 25862, 25800, 25841, 25874, 18302, 554, 5861, 7549, 7546, 7544, 1387, 5129, 38924, 21016, 24386, 6512, 24388, 20958, 20955, 15479, 20953, 34189, 24226, 31528, 22938, 12598, 15480, 37510, 6342, 10461, 33389, 36969, 38500, 37547, 7192, 19685, 19628, 4595, 19778, 7694, 25062, 19780, 19782, 19787, 19784, 19791, 19794, 435, 27814, 15663, 17385, 27179, 27141, 27170, 27165, 27162, 1859, 309, 10453, 10452, 7865, 21130, 21131, 32412, 23553, 23552, 10252, 17268, 31461, 31453, 31465, 27268, 31430, 31184, 20387, 11938, 13687, 20126, 15407, 15408, 38489, 15409, 38487, 15410, 38480, 39074, 39079, 39063, 39115, 39122, 39077, 39056]
exec:4.577200174331665
clustering:agglomerative
num_cluster:1
iteration:1
load:0.415632963180542
path:[6916, 6915, 31744, 34126, 31747, 6848, 3507, 3529, 3439, 29478, 35223, 35226, 35218, 35220, 1773, 1759, 22667, 22982, 7658, 2351, 16351, 16349, 16375, 34312, 9660, 2336, 4406, 38619, 38615, 38620, 38618, 35843, 35845, 35846, 35857, 35856, 35855, 35868, 35869, 35871, 18805, 18812, 16377, 34270, 16378, 16808, 13037, 32527, 33734, 32529, 13631, 16407, 32532, 32545, 34123, 2081, 9366, 22963, 18603, 18607, 2082, 3501, 23825, 3531, 9460, 27694, 27716, 30138, 27737, 27112, 26772, 2519, 5362, 2711, 38155, 38173, 6072, 5243, 13690, 5262, 6528, 6907, 6908, 6525, 7878, 35999, 16740, 37698, 2312, 16743, 22181, 16755, 2306, 16759, 14761, 2368, 808, 18745, 18751, 18757, 18783, 18770, 18786]
exec:0.31775498390197754
clustering:agglomerative
num_cluster:2
iteration:1
load:0.23283600807189941
path:[6916, 6915, 31744, 34126, 31747, 6848, 3507, 3529, 3439, 29478, 35223, 35226, 35218, 35220, 1773, 1759, 22667, 22982, 7658, 2351, 16351, 16349, 16375, 34312, 9660, 2336, 4406, 38619, 38615, 38620, 38618, 35843, 35845, 35846, 35857, 35856, 35855, 35868, 35869, 35871, 18805, 18812, 16377, 34270, 16378, 16808, 13037, 32527, 33734, 32529, 13631, 16407, 32532, 32545, 34123, 2081, 9366, 22963, 18603, 18607, 2082, 3501, 23825, 3531, 9460, 27694, 27716, 30138, 27737, 27112, 26772, 2519, 5362, 2711, 38155, 38173, 6072, 5243, 13690, 5262, 6528, 6907, 6908, 6525, 7878, 35999, 16740, 37698, 2312, 16743, 22181, 16755, 2306, 16759, 14761, 2368, 808, 18745, 18751, 18757, 18783, 18770, 18786]
exec:0.07755398750305176
clustering:agglomerative
num_cluster:4
iteration:1
load:0.23049592971801758
path:[6916, 6927, 31753, 31766, 37268, 37271, 11394, 11396, 23431, 16621, 9460, 27700, 30449, 30455, 30461, 15023, 16584, 36389, 15024, 546, 6991, 15498, 20701, 36786, 2748, 26346, 26347, 11352, 14760, 11881, 806, 807, 808, 18745, 18751, 18757, 18783, 18770, 18786]
exec:0.8016188144683838
clustering:agglomerative
num_cluster:8
iteration:1
load:0.13377809524536133
path:[6916, 6927, 31753, 31766, 37268, 37271, 11394, 11396, 23431, 16621, 851, 7248, 7248, 868, 6208, 11488, 19884, 8589, 8588, 8590, 38311, 7506, 38315, 2396, 14974, 14966, 14964, 32959, 4450, 4447, 11152, 319, 4506, 5679, 4436, 22952, 19163, 22963, 18603, 18607, 2082, 3501, 23825, 3531, 9460, 27700, 30449, 30455, 30461, 15023, 16584, 36389, 15024, 546, 6991, 15498, 20701, 36786, 2748, 26346, 26347, 11352, 14760, 11881, 806, 807, 808, 18745, 18751, 18757, 18783, 18770, 18786]
exec:0.8425860404968262
clustering:agglomerative
num_cluster:1
iteration:2
load:0.41983699798583984
path:[24676, 24681, 24713, 24690, 29717, 24284, 24254, 24221, 28004, 24722, 24700, 24680, 24710, 28002, 5882, 20597, 15326, 15328, 36896, 7740, 4810, 4825, 8845, 8844, 8843, 3126, 8842, 13072, 12602, 13073, 13077, 16187, 16179, 33179, 33148, 33169, 20261, 1347, 19619, 19648, 8050, 8030, 18564, 29399, 11939, 11938, 20387, 14544, 14565, 14534, 14545, 14546, 25507, 21500, 6563, 5595, 25499, 33021, 741, 26779, 26778, 26780, 26638, 26757, 15670, 7827, 7831, 11729, 10314, 19382, 3029, 9481, 25434, 16080, 16068, 7237, 13210, 13203, 13212, 13213, 20084, 20085, 38197, 21376, 28403, 34991, 5933, 5938, 4220, 4221, 26513, 7668, 36000, 7920, 30063, 8018, 5049, 23565, 30022, 1132, 4545, 319, 4506, 5679, 4436, 22952, 19163, 22963, 18603, 18607, 2082, 3501, 23825, 3531, 9460, 27694, 27716, 30138, 27737, 27112, 26772, 2519, 16980, 2520, 2523, 2527, 34094, 34051, 26317, 16589, 26600, 13751, 13664, 13718, 17299, 23036, 38494, 20012, 31839, 26611, 38537, 32087, 37500, 38498, 37485, 33503, 37507]
exec:0.25980591773986816
clustering:agglomerative
num_cluster:2
iteration:2
load:0.22989392280578613
path:[24676, 24681, 24713, 24690, 29717, 24284, 24254, 24221, 28004, 24722, 24700, 24680, 24710, 28002, 5882, 20597, 15326, 15328, 36896, 7740, 4810, 4825, 8845, 8844, 8843, 3126, 8842, 13072, 12602, 13073, 13077, 16187, 16179, 33179, 33148, 33169, 20261, 1347, 19619, 19648, 8050, 8030, 18564, 29399, 11939, 11938, 20387, 14544, 14565, 14534, 14545, 14546, 25507, 21500, 6563, 5595, 25499, 33021, 741, 26779, 26778, 26780, 26638, 26757, 26767, 29989, 14360, 14368, 20846, 19377, 19375, 19373, 671, 664, 2874, 3025, 2285, 190, 27870, 20928, 3725, 21996, 5383, 5389, 5390, 11270, 18722, 18730, 16339, 18746, 18199, 18201, 36984, 8113, 5773, 7519, 35957, 23503, 9012, 24750, 34551, 26502, 30063, 8018, 5049, 23565, 30022, 1132, 4545, 319, 4506, 5679, 4436, 22952, 19163, 22963, 18603, 18607, 2082, 3501, 23825, 3531, 9460, 27694, 27716, 30138, 27737, 27112, 26772, 2519, 16980, 2520, 2523, 2527, 34094, 34051, 26317, 16589, 26600, 13751, 13664, 13718, 17299, 23036, 38494, 20012, 31839, 26611, 38537, 32087, 37500, 38498, 37485, 33503, 37507]
exec:8.250111818313599
clustering:agglomerative
num_cluster:4
iteration:2
load:0.2473890781402588
path:[24676, 24681, 24713, 24690, 29717, 24284, 24254, 24221, 28004, 24722, 24700, 24680, 24710, 28002, 5882, 20597, 15326, 15328, 36896, 7740, 4810, 4825, 8845, 8844, 8843, 3126, 8842, 13072, 12602, 13073, 13077, 16187, 16179, 33179, 33148, 33169, 20261, 1347, 19619, 19648, 8050, 8030, 18564, 29399, 11939, 11938, 20387, 14544, 14565, 14534, 14545, 14546, 25507, 21500, 6563, 5595, 25499, 33021, 741, 26779, 26778, 26780, 26638, 26757, 15670, 7827, 7831, 11729, 10314, 19382, 3029, 9481, 25434, 16080, 16068, 7237, 7237, 13210, 13203, 13212, 13213, 20084, 20085, 38197, 21376, 28403, 34991, 5933, 5938, 4220, 4221, 26513, 7668, 36000, 7920, 30063, 8018, 5049, 23565, 30022, 1132, 4545, 319, 4506, 5679, 4436, 22952, 19163, 22963, 18603, 18607, 2082, 3501, 23825, 3531, 9460, 27700, 30449, 18286, 18237, 26274, 6459, 18433, 9407, 16572, 24592, 24730, 32467, 32469, 32470, 32479, 32480, 20004, 23058, 38478, 38537, 32087, 37500, 38498, 37485, 33503, 37507]
exec:0.4723329544067383
clustering:agglomerative
num_cluster:8
iteration:2
load:0.13254904747009277
path:[24676, 24681, 24713, 24690, 29717, 24284, 24254, 24221, 28004, 24722, 24700, 24680, 24710, 28002, 5882, 20597, 15326, 15328, 36896, 7740, 4810, 4825, 8845, 8844, 8843, 3126, 8842, 13072, 18747, 3863, 19401, 19396, 19396, 32705, 32711, 33182, 33152, 19420, 14256, 33196, 33184, 10794, 13950, 15295, 3417, 27133, 27132, 9059, 10265, 15284, 6008, 6004, 6006, 3999, 27178, 27171, 27162, 27165, 27170, 27141, 3983, 21731, 3974, 30350, 30364, 1858, 33111, 1856, 12816, 7699, 29415, 29416, 37557, 26938, 26937, 33133, 26928, 23934, 38423, 23940, 618, 37695, 37695, 619, 38430, 21141, 14775, 14776, 5273, 5272, 5271, 27231, 24830, 33775, 281, 30593, 3480, 3484, 10318, 10319, 10321, 26787, 18106, 18730, 16339, 18746, 18199, 18201, 36984, 8113, 5773, 7519, 35957, 23503, 9012, 24750, 34551, 26502, 30063, 8018, 5049, 23565, 30022, 1132, 4545, 319, 4506, 5679, 4436, 22952, 19163, 22963, 18603, 18607, 2082, 3501, 23825, 3531, 9460, 27700, 30449, 18286, 18237, 26274, 6459, 18433, 9407, 16572, 24592, 24730, 32467, 32469, 32470, 32479, 32480, 20004, 23058, 38478, 38537, 32087, 37500, 38498, 37485, 33503, 37507]
exec:0.8905839920043945
clustering:agglomerative
num_cluster:1
iteration:3
load:0.3951230049133301
path:[17927, 17998, 18102, 30320, 29908, 22119, 10305, 10313, 30310, 33035, 35106, 22110, 38546, 15561, 15604, 15533, 15527, 15559, 30575, 2776, 2777, 24027, 4743, 4735, 29380, 29381, 4732, 15358, 15364, 15373, 15378, 15380, 15381, 10001, 9997, 9993, 21835, 25092, 6746, 2820, 8643, 9213, 13853, 9194, 9503, 31832, 31831, 25596, 23303, 33026, 26432, 34974, 21634, 23464, 7110, 25612, 16871, 16873, 16874, 31006, 7212, 7226, 16875, 16877, 21216, 16878, 30231, 18693, 16879, 16880, 30299, 30266, 33442, 33421, 33425, 33413, 33392, 18707, 33438, 20884, 18680, 6483, 31224, 16143, 31213, 6492, 30277, 30202, 30129, 6494, 30218, 390, 30193, 30194, 30254, 30097, 30120, 30247, 30228]
exec:0.21564984321594238
clustering:agglomerative
num_cluster:2
iteration:3
load:0.23179101943969727
path:[17927, 17998, 18102, 30320, 29908, 22119, 10305, 10313, 30310, 33035, 35106, 22110, 38546, 15561, 15604, 15533, 15527, 15559, 30575, 2776, 2777, 24027, 4743, 4735, 29380, 29381, 4732, 15358, 15364, 15373, 15378, 15380, 15381, 10001, 9997, 9993, 21835, 25092, 6746, 2820, 8643, 9213, 13853, 9194, 9503, 31832, 31831, 25596, 23303, 33026, 26432, 34974, 21634, 23464, 7110, 25612, 16871, 16873, 16874, 31006, 7212, 7226, 16875, 16877, 21216, 16878, 30231, 18693, 16879, 16880, 30299, 30266, 33442, 33421, 33425, 33413, 33392, 18707, 33438, 20884, 18680, 6483, 31224, 16143, 31213, 6492, 30277, 30202, 30129, 6494, 30218, 390, 30193, 30194, 30254, 30097, 30120, 30247, 30228]
exec:0.06364297866821289
clustering:agglomerative
num_cluster:4
iteration:3
load:0.20329904556274414
path:[17927, 17998, 18102, 30320, 29908, 22119, 10305, 10313, 30310, 33035, 35106, 22110, 38546, 15561, 15604, 15533, 15527, 15559, 30575, 2776, 2777, 24027, 4743, 4735, 29380, 29381, 4732, 15358, 15364, 15373, 15378, 15380, 15381, 10001, 9997, 9993, 21835, 25092, 6746, 2820, 8643, 9213, 13853, 9194, 9503, 31832, 31831, 25596, 23303, 33026, 26432, 34974, 21634, 23464, 7110, 25612, 16871, 16873, 16874, 31006, 7212, 7226, 16875, 16877, 21216, 16878, 30231, 18693, 16879, 16880, 30299, 30266, 33442, 33421, 33425, 33413, 33392, 18707, 33438, 20884, 18680, 6483, 31224, 16143, 31213, 6492, 30277, 30202, 30129, 6494, 30218, 390, 30193, 30194, 30254, 30097, 30120, 30247, 30228]
exec:0.06341195106506348
clustering:agglomerative
num_cluster:8
iteration:3
load:0.14931201934814453
path:[17927, 17998, 18102, 30320, 29908, 22119, 10305, 10313, 30310, 33035, 35106, 22110, 35103, 35113, 15547, 35115, 35127, 15530, 15616, 8908, 38548, 8891, 33119, 38549, 27553, 28021, 28023, 28015, 21351, 38818, 11535, 575, 8225, 27960, 13077, 13073, 12602, 13072, 8842, 3126, 8843, 8844, 8845, 4825, 4810, 7740, 36896, 15328, 15326, 20597, 5882, 28002, 24710, 24680, 24700, 24722, 28004, 24221, 24254, 24284, 29717, 3285, 1062, 34712, 38849, 34744, 26644, 1084, 34677, 23728, 1049, 34641, 34286, 1060, 31721, 36415, 20420, 20436, 20451, 20412, 20411, 14440, 20426, 14437, 34808, 21383, 21372, 32052, 25668, 25675, 25667, 26433, 31004, 25614, 30313, 30318, 7222, 16875, 16877, 21216, 16878, 30231, 18693, 16879, 16880, 30299, 30266, 33442, 33421, 33425, 33413, 33392, 18707, 33438, 20884, 18680, 6483, 31224, 16143, 31213, 6492, 30277, 30202, 30129, 6494, 30218, 390, 30193, 30194, 30254, 30097, 30120, 30247, 30228]
exec:2.496302843093872
clustering:agglomerative
num_cluster:1
iteration:4
load:0.4177989959716797
path:[24984, 24931, 24929, 24949, 24977, 24943, 24988, 36926, 19336, 36944, 25892, 2062, 11770, 18090, 18168, 10289, 10294, 10290, 11740, 37954, 21562, 13582, 21556, 34441, 34432, 20701, 36786, 2748, 26346, 26347, 11352, 14760, 2512, 17230, 18502, 11661, 11662, 11821, 26407, 744, 20439, 11902]
exec:0.017940998077392578
clustering:agglomerative
num_cluster:2
iteration:4
load:0.23371577262878418
path:[24984, 24931, 24929, 24949, 24977, 24943, 24988, 36926, 19336, 36944, 25892, 2062, 11770, 18090, 18168, 10289, 10294, 10290, 11740, 37954, 21562, 13582, 21556, 34441, 34432, 20701, 36786, 2748, 26346, 26347, 11352, 14760, 2512, 17230, 18502, 11661, 11662, 11821, 26407, 744, 20439, 11902]
exec:0.015054941177368164
path:[24984, 24931, 24929, 24949, 24977, 24943, 24988, 36926, 19336, 36944, 25892, 2062, 11770, 18090, 18168, 10289, 10294, 10290, 11740, 37954, 21562, 13582, 21556, 34441, 34432, 20701, 36786, 2748, 26346, 26347, 11352, 14760, 2512, 17230, 18502, 11661, 11662, 11821, 26407, 744, 20439, 11902]
exec:0.013150215148925781
clustering:agglomerative
num_cluster:4
iteration:4
load:0.20432305335998535
clustering:agglomerative
num_cluster:8
iteration:4
load:0.13508105278015137
path:[24984, 24931, 24929, 24949, 24977, 24943, 24988, 36926, 19336, 36944, 25892, 2062, 11770, 18090, 18168, 10289, 10294, 10290, 11740, 37954, 21562, 13582, 21556, 34441, 34432, 20701, 36786, 2748, 26346, 26347, 11352, 14760, 2512, 17230, 18502, 11661, 11662, 11821, 26407, 744, 20439, 11902]
exec:0.018401145935058594
clustering:agglomerative
num_cluster:1
iteration:5
load:0.42809104919433594
path:[29529, 30505, 26496, 26494, 26500, 29515, 26503, 26501, 26714, 4075, 7596, 26715, 26716, 26718, 8450, 8453, 15255, 26, 18814, 25, 16028, 14866, 22079, 17530, 14534, 14565, 14544, 20387, 11938, 11939, 29399, 18564, 8030, 8050, 19648, 13540, 15574, 15596, 12735, 15613, 12734, 12733, 13162, 15646, 16052, 15578, 15584, 15567, 15569, 5129, 1387, 7544, 7546, 7549, 5861, 554, 18302, 27016, 27017, 27020, 18300, 28183, 28401, 31136, 31139, 31133, 31131, 31128, 31147, 14418, 14416, 32781, 14439, 21506, 14430, 14442, 14221, 20622, 18917, 14431, 15442, 31385, 3046, 3093, 35418, 38679, 35396, 34781, 20257, 14419, 14440, 20426, 14437, 34808, 8722, 472, 421, 475, 430]
exec:0.2547180652618408
path:[29529, 30505, 26496, 26494, 26500, 29515, 26503, 26501, 26714, 4075, 7596, 26715, 26716, 26718, 8450, 8453, 15255, 26, 18814, 25, 16028, 14866, 22079, 17530, 14534, 14565, 14544, 20387, 11938, 11939, 29399, 18564, 8030, 8050, 19648, 13540, 15574, 15596, 12735, 15613, 12734, 12733, 13162, 15646, 16052, 15578, 15584, 15567, 15569, 5129, 1387, 7544, 7546, 7549, 5861, 554, 18302, 27016, 27017, 27020, 18300, 28183, 28401, 31136, 31139, 31133, 31131, 31128, 31147, 14418, 14416, 32781, 14439, 21506, 14430, 14442, 14221, 20622, 18917, 14431, 15442, 31385, 3046, 3093, 35418, 38679, 35396, 34781, 20257, 14419, 14440, 20426, 14437, 34808, 8722, 472, 421, 475, 430]
exec:0.05409979820251465
clustering:agglomerative
num_cluster:2
iteration:5
load:0.28257012367248535
clustering:agglomerative
num_cluster:4
iteration:5
load:0.21949005126953125
path:[29529, 30505, 26496, 26494, 26500, 29515, 26503, 26501, 26714, 4075, 7596, 26715, 26716, 26718, 8450, 8453, 15255, 26, 18814, 25, 16028, 14866, 22079, 17530, 14534, 14565, 14544, 20387, 11938, 11939, 29399, 18564, 8030, 8050, 19648, 13540, 15574, 15596, 12735, 15613, 12734, 12733, 13162, 15646, 16052, 15578, 15584, 15567, 15569, 5129, 1387, 7544, 7546, 7549, 5861, 554, 18302, 27016, 27017, 27020, 18300, 28183, 28401, 31136, 31139, 31133, 31131, 31128, 31147, 14418, 14416, 32781, 14439, 21506, 14430, 14442, 14221, 20622, 18917, 14431, 15442, 31385, 3046, 3093, 35418, 38679, 35396, 34781, 20257, 14419, 14440, 20426, 14437, 34808, 8722, 472, 421, 475, 430]
exec:0.09857797622680664
clustering:agglomerative
num_cluster:8
iteration:5
load:0.13492894172668457
path:[29529, 30505, 26496, 26494, 26500, 9679, 26713, 8668, 8669, 8679, 8673, 21551, 8681, 8680, 8676, 664, 676, 8677, 38208, 5129, 1387, 36762, 5828, 16479, 36773, 36215, 26236, 34684, 2931, 27485, 28413, 27051, 27015, 27042, 768, 5862, 5837, 16030, 16039, 5842, 5845, 804, 34928, 795, 27007, 33051, 20696, 36414, 15838, 15837, 13365, 13369, 34433, 26655, 34487, 34493, 34491, 13824, 1060, 31721, 36415, 20420, 20436, 20451, 20412, 20411, 14440, 20426, 14437, 34808, 8722, 472, 421, 475, 430]
exec:2.706850051879883
clustering:agglomerative
num_cluster:1
iteration:6
load:0.4217250347137451
path:[5459, 5464, 6545, 5463, 5465, 18361, 5477, 5471, 5473, 30380, 32874, 24308, 10872, 10753, 24005, 25234, 8608, 26269, 10863, 24052, 24010, 10846, 10859, 24026, 24075, 24083, 24066, 24004, 6495, 30283, 24033, 30221, 30189, 24006, 30206, 24090, 30197, 30098, 24009, 24087, 30249, 30113, 267, 30205, 30255, 30172, 24037, 24019, 24001, 24078, 24077, 24069, 30167, 30199, 13516, 30143, 9635, 19312, 26433, 25667, 25675, 25668, 32052, 21372, 21383, 34808, 14437, 20426, 14440, 20411, 20412, 20451, 20422, 20420, 36415, 31721]
exec:0.0056819915771484375
path:[5459, 5464, 6545, 5463, 5465, 18361, 5477, 5471, 5473, 30380, 32874, 24308, 10872, 10753, 24005, 25234, 8608, 26269, 10863, 24052, 24010, 10846, 10859, 24026, 24075, 24083, 24066, 24004, 6495, 30283, 24033, 30221, 30189, 24006, 30206, 24090, 30197, 30098, 24009, 24087, 30249, 30113, 267, 30205, 30255, 30172, 24037, 24019, 24001, 24078, 24077, 24069, 30167, 30199, 13516, 30143, 9635, 19312, 26433, 25667, 25675, 25668, 32052, 21372, 21383, 34808, 14437, 20426, 14440, 20411, 20412, 20451, 20422, 20420, 36415, 31721]
exec:0.004998207092285156
clustering:agglomerative
num_cluster:2
iteration:6
load:0.2540881633758545
clustering:agglomerative
num_cluster:4
iteration:6
load:0.20392084121704102
path:[5459, 5464, 6545, 5463, 5465, 18361, 5477, 5471, 5473, 30380, 32874, 24308, 10872, 10753, 24005, 25234, 8608, 26269, 10863, 24052, 24010, 10846, 10859, 24026, 24075, 24083, 24066, 24004, 6495, 30283, 24033, 30221, 30189, 24006, 30206, 24090, 30197, 30098, 24009, 24087, 30249, 30113, 267, 30205, 30255, 30172, 24037, 24019, 24001, 24078, 24077, 24069, 30167, 30199, 13516, 30143, 9635, 19312, 26433, 25667, 25675, 25668, 32052, 21372, 21383, 34808, 14437, 20426, 14440, 20411, 20412, 20451, 20422, 20420, 36415, 31721]
exec:0.004996061325073242
path:[5459, 5464, 6545, 5463, 5465, 18361, 5477, 5471, 5473, 30380, 32874, 24308, 10872, 10753, 24005, 25234, 8608, 26269, 10863, 24052, 24010, 10846, 10859, 24026, 24075, 24083, 24066, 24004, 6495, 30283, 24033, 30221, 30189, 24006, 30206, 24090, 30197, 30098, 24009, 24087, 30249, 30113, 267, 30205, 30255, 30172, 24037, 24019, 24001, 24078, 24077, 24069, 30167, 30199, 13516, 30143, 9635, 19312, 26433, 25667, 25675, 25668, 32052, 21372, 21383, 34808, 14437, 20426, 14440, 20411, 20412, 20451, 20422, 20420, 36415, 31721]
exec:0.0042400360107421875
clustering:agglomerative
num_cluster:8
iteration:6
load:0.13623404502868652
clustering:agglomerative
num_cluster:1
iteration:7
load:0.39045095443725586
path:[5467, 32493, 5448, 24536, 32472, 32474, 32476, 24604, 18370, 18369, 16572, 27467, 6564, 7259, 7260, 7264, 13220, 16577, 26600, 16589, 26317, 34051, 34094, 2527, 2523, 2520, 16980, 2519, 26772, 27112, 27737, 30138, 27716, 27694, 9460, 3531, 23825, 3501, 2082, 18607, 18603, 22963, 19163, 22952, 4436, 5679, 4506, 319, 11152, 4447, 4450, 32959, 14964, 14966, 14974, 2396, 38315, 7506, 38311, 8590, 8588, 8589, 19884, 11488, 6208, 868, 7248, 1414, 1418, 29413, 29412, 30033, 30037, 7193, 29669, 32618, 7195, 29675, 7505, 12973, 7067, 7043, 7033, 7027, 7022, 4877, 20197, 20201, 20806, 20807, 20810, 8692, 6472, 20812]
exec:0.06721210479736328
clustering:agglomerative
num_cluster:2
iteration:7
load:0.22965002059936523
path:[5467, 32493, 5448, 24536, 32472, 32474, 32476, 24604, 18370, 18369, 16572, 27467, 6564, 7259, 7260, 7264, 13220, 16577, 26600, 16589, 26317, 34051, 34094, 2527, 2523, 2520, 16980, 2519, 26772, 27112, 27737, 30138, 27716, 27694, 9460, 3531, 23825, 3501, 2082, 18607, 18603, 22963, 19163, 22952, 4436, 5679, 4506, 319, 11152, 4447, 4450, 32959, 14964, 14966, 14974, 2396, 38315, 7506, 38311, 8590, 8588, 8589, 19884, 11488, 6208, 868, 7248, 1414, 1418, 29413, 29412, 30033, 30037, 7193, 29669, 32618, 7195, 29675, 7505, 12973, 7067, 7043, 7033, 7027, 7022, 4877, 20197, 20201, 20806, 20807, 20810, 8692, 6472, 20812]
exec:0.05783486366271973
clustering:agglomerative
num_cluster:4
iteration:7
load:0.20588994026184082
path:[5467, 32493, 5448, 24536, 32472, 32474, 32476, 24604, 18370, 18369, 18371, 18271, 6459, 26274, 18237, 18286, 30449, 27700, 9460, 38430, 619, 20907, 28096, 32701, 32690, 18377, 27822, 22870, 10458, 4655, 4650, 15874, 16153, 16194, 22127, 22434, 15986, 16405, 29791, 6345, 16918, 10459, 16923, 5597, 5592, 27871, 5599, 5606, 13199, 37261, 35899, 5576, 30051, 30027, 30013, 30033, 30037, 7193, 29669, 32618, 7195, 29675, 7505, 12973, 7067, 7043, 7033, 7027, 7022, 4877, 20197, 20201, 20806, 20807, 20810, 8692, 6472, 20812]
exec:2.227672815322876
clustering:agglomerative
num_cluster:8
iteration:7
load:0.13318395614624023
path:[5467, 32493, 5448, 24536, 32472, 32474, 32476, 24604, 18370, 18369, 18371, 18271, 6459, 26274, 18237, 18286, 30449, 27700, 9460, 9460, 3531, 23825, 3501, 2082, 18607, 18603, 22963, 19163, 22952, 4436, 5679, 4506, 319, 11152, 4447, 4450, 32959, 14964, 14966, 14974, 2396, 38315, 7506, 38311, 8590, 8588, 8589, 19884, 11488, 6208, 868, 7248, 851, 34515, 34505, 34502, 35962, 16621, 23431, 11396, 11394, 37271, 37268, 31766, 31753, 34172, 31742, 34132, 34133, 1541, 1540, 34103, 29476, 32091, 32094, 20957, 208, 20959, 33312, 29709, 4770, 4769, 11370, 11379, 20208, 20211, 20212, 20213, 20812]
exec:0.5493149757385254
clustering:agglomerative
num_cluster:1
iteration:8
load:0.43700218200683594
path:[10669, 10676, 10656, 10665, 10637, 21292, 10643, 21290, 15495, 14955, 14957, 10644, 10634, 10660, 10648, 7841, 7834, 7848, 7828, 20495, 18721, 10751, 18794, 21218, 21216, 16877, 16875, 7226, 7212, 31006, 16874, 16873, 16871, 25612, 7110, 23464, 21634, 34974, 26432, 33026, 23303, 25596, 31831, 31832, 9503, 9194, 13853, 9213, 8643, 2820, 6746, 25092, 21835, 9993, 9997, 22332, 21295, 3820, 24398, 32075, 26542, 24581, 7244, 20235, 37488, 17384, 14325, 32168, 34554, 38457, 38456, 32251, 2017, 2022, 34418, 32283, 38532, 30087, 30104, 30102, 31028, 29473, 36963, 29438, 29442, 12038, 21397, 29433, 34244, 29443, 8337, 29441, 24176, 20361, 8125, 19552, 30630, 24842, 25435, 21249, 8690, 8691, 36034, 36035, 2379, 491, 2398, 604, 36487, 28198, 28396, 7218, 38029, 39133, 8004, 39066, 19057, 39069, 8925, 9025, 20199, 8961, 39120, 10401, 9340, 16889, 7768, 37190, 7784, 37196, 37211, 5381, 5382, 37214, 6118, 7753, 7786, 18925, 6432, 7782, 17294, 28845, 26299, 37798, 25912, 35546, 22330, 23861, 23799, 23798, 20851, 20850, 10503, 10504, 340, 20841, 20842, 34468, 5527, 17154, 5115, 5117, 5110, 5168, 36718, 962, 2884, 2936, 19821, 34943, 18409, 18407, 18404, 18393]
exec:0.3560669422149658
clustering:agglomerative
num_cluster:2
iteration:8
load:0.2794070243835449
path:[10669, 10676, 10656, 10665, 10637, 21292, 10643, 21290, 15495, 14955, 14957, 10644, 10634, 10660, 10648, 7841, 7834, 7848, 7828, 20495, 18721, 10751, 18794, 21218, 21216, 16877, 16875, 7226, 7212, 31006, 16874, 16873, 16871, 25612, 7110, 23464, 21634, 34974, 26432, 33026, 23303, 25596, 31831, 31832, 9503, 9194, 13853, 9213, 8643, 2820, 6746, 25092, 21835, 9993, 9997, 22332, 21295, 3820, 3819, 13581, 1406, 1405, 1404, 1403, 27163, 10463, 20903, 37365, 624, 623, 30697, 31049, 28025, 32153, 32151, 32204, 30667, 7749, 12776, 12766, 12765, 7741, 7739, 24505, 24519, 7188, 9262, 35803, 14037, 14300, 14315, 35851, 35806, 35848, 14307, 35807, 9835, 9873, 35808, 25705, 22503, 38430, 619, 20907, 28096, 32701, 32690, 18377, 27822, 22870, 10458, 4655, 4650, 15874, 16153, 16194, 22127, 22434, 15986, 16405, 29791, 5577, 20006, 16919, 5605, 16925, 24841, 995, 18878, 1768, 1764, 35911, 8719, 3660, 3649, 3677, 36176, 5771, 38355, 5953, 32950, 20309, 20282, 4354, 5944, 17496, 5332, 32431, 5934, 12191, 12188, 12632, 5920, 35189, 10168, 22926, 5336, 31949, 5912, 5910, 5909, 18798, 18796, 25308, 26997, 34101, 2921, 12064, 34102, 5496, 34109, 5338, 5339, 5340, 5341, 5342, 5343, 5344, 5345, 5346, 5347, 5348, 5349, 5350, 25362, 25367, 5351, 25193, 6098, 36536, 29957, 16482, 13193, 16484, 13947, 13952, 13957, 30000, 15716, 4780, 2280, 4751, 4742, 24111, 10153, 125, 126, 9534, 17357, 2286, 20841, 20842, 34468, 5527, 17154, 5115, 5117, 5110, 5168, 36718, 962, 2884, 2936, 19821, 34943, 18409, 18407, 18404, 18393]
exec:9.622965097427368
clustering:agglomerative
num_cluster:4
iteration:8
load:0.20540595054626465
path:[10669, 10676, 10656, 10665, 10637, 21292, 10643, 21290, 15495, 14955, 14957, 10644, 10634, 10660, 10648, 7841, 7834, 7848, 7828, 20495, 18721, 10751, 18794, 21218, 21216, 16877, 16875, 7226, 7212, 31006, 16874, 16873, 16871, 25612, 7110, 23464, 21634, 34974, 26432, 33026, 23303, 25596, 31831, 31832, 9503, 9194, 13853, 9213, 8643, 2820, 6746, 25092, 21835, 9993, 9997, 22332, 21295, 3820, 3819, 13581, 1406, 1405, 1404, 1403, 27163, 10463, 20903, 37365, 624, 623, 30697, 31049, 28025, 32153, 32151, 32204, 30667, 7749, 12776, 12766, 12765, 7741, 7739, 24505, 24519, 7188, 9262, 35803, 14037, 14300, 14315, 35851, 35806, 35848, 14307, 35807, 9835, 9873, 35808, 25705, 190, 27870, 30352, 27870, 30354, 7929, 29121, 29276, 23487, 8946, 6739, 30356, 28933, 7208, 7218, 38029, 39133, 8004, 39066, 19057, 39069, 8925, 9025, 20199, 8961, 39120, 10401, 9340, 16889, 7768, 37190, 7784, 37196, 37211, 5381, 5382, 37214, 6118, 7753, 7786, 18925, 6432, 7782, 17294, 28845, 26299, 37798, 25912, 35546, 22330, 23861, 23799, 23798, 20851, 20850, 10503, 10504, 340, 20841, 20842, 34468, 5527, 17154, 5115, 5117, 5110, 5168, 36718, 962, 2884, 2936, 19821, 34943, 18409, 18407, 18404, 18393]
exec:0.8773820400238037
clustering:agglomerative
num_cluster:8
iteration:8
load:0.13515615463256836
path:[10669, 10676, 10656, 10665, 10637, 21292, 10643, 21290, 15495, 14955, 14957, 10644, 10634, 10660, 10648, 7841, 7834, 7848, 7828, 20495, 18721, 10751, 18794, 21218, 21216, 16877, 16875, 7226, 7212, 31006, 16874, 16873, 16871, 25612, 7110, 23464, 21634, 21634, 34974, 26432, 33026, 23303, 25596, 31831, 31832, 9503, 9194, 13853, 9213, 8643, 2820, 6746, 25092, 21835, 9993, 9997, 22332, 21295, 3820, 24398, 32075, 26542, 24581, 7244, 20235, 37488, 17384, 14325, 32168, 34554, 38457, 38456, 32251, 2017, 2022, 34418, 32283, 38532, 30087, 30104, 30102, 31028, 29473, 36963, 29438, 29442, 12038, 21397, 29433, 34244, 29443, 8337, 29441, 24176, 20361, 8125, 19552, 30630, 24842, 25435, 21249, 21248, 14238, 21259, 21262, 21267, 21845, 8881, 13350, 190, 27870, 27870, 30354, 7929, 29121, 29276, 23487, 8946, 6739, 30356, 28933, 7208, 7218, 38029, 39133, 8004, 39066, 19057, 39069, 8925, 9025, 20199, 8961, 39120, 10401, 9340, 16889, 7768, 37190, 7756, 6104, 6105, 37211, 5381, 5382, 37214, 6118, 7753, 7786, 18925, 6432, 7782, 17294, 28845, 26299, 37798, 25912, 35546, 22330, 23861, 23799, 23798, 20851, 20850, 10503, 10504, 340, 20841, 20842, 34468, 5527, 17154, 5115, 5117, 5110, 5168, 36718, 962, 2884, 2936, 19821, 34943, 18409, 18407, 18404, 18393]
exec:1.4835460186004639
clustering:agglomerative
num_cluster:1
iteration:9
load:0.41615796089172363
path:[34512, 30007, 30006, 30005, 30004, 30002, 30001, 34511, 34496, 34504, 20500, 10169, 20487, 27996, 20316, 27993, 25066, 28630, 38248, 17970, 6062, 5363, 5934, 32441, 34092, 34087, 34086, 2854, 2852, 2850, 37155, 22923, 17786, 2819, 39137, 14923, 29103, 19717, 7650, 2005, 3871, 20361, 24176, 29441, 8337, 29443, 34244, 29433, 21397, 12038, 29442, 29438, 36963, 29473, 29472, 30105, 30104, 30087, 38532, 32283, 34418, 2022, 2017, 32251, 38456, 38457, 34554, 32168, 14325, 17384, 37488, 20235, 7244, 24581, 26542, 32075, 24398, 3820, 21295, 22332, 9997, 9993, 21835, 25092, 6746, 2820, 8643, 9213, 13853, 9194, 9503, 31832, 31831, 25596, 23303, 33026, 26432, 34974, 21634, 25644, 30994, 31656, 21573, 20862, 21585, 7573, 25673, 25670, 25675, 25668, 32052, 21372, 21383, 34808, 33463, 33476, 33448, 33465, 33483, 28027, 34113, 21155, 26578, 10217, 31860, 31877, 10417, 31862, 26581, 10245, 29112, 15859, 29111, 16676, 16677, 26235, 5438, 5442, 5435, 5444]
exec:0.3750169277191162
clustering:agglomerative
num_cluster:2
iteration:9
load:0.2295379638671875
path:[34512, 30007, 30006, 30005, 30004, 30002, 30001, 34511, 34496, 34504, 20500, 10169, 20487, 27996, 20316, 27993, 25066, 28630, 38248, 17970, 6062, 5363, 5934, 32441, 34092, 34087, 34086, 2854, 2852, 2850, 37155, 22923, 17786, 38924, 21016, 24386, 6512, 24388, 20958, 20955, 15479, 20953, 34189, 24226, 31528, 22938, 12598, 15480, 37510, 6342, 10461, 33389, 36969, 38500, 37547, 7192, 19685, 19628, 4595, 19778, 7694, 25062, 19780, 19782, 19787, 19784, 19791, 19794, 435, 27814, 15663, 17385, 27179, 27141, 27170, 27165, 27162, 1859, 309, 10453, 10452, 7865, 21130, 21131, 32412, 23553, 23552, 10252, 17268, 31456, 27271, 24357, 8050, 19648, 13540, 15574, 15596, 12735, 15613, 12734, 12733, 13162, 15646, 16052, 15578, 15584, 15567, 15569, 5129, 1387, 7544, 7546, 7549, 5861, 554, 18302, 25874, 25841, 25800, 25862, 25890, 12993, 7339, 4925, 4967, 4962, 4936, 4919, 37813, 4960, 4950, 4912, 4953, 4954, 4920, 4941, 28195, 26226, 5429, 7897, 5438, 5442, 5435, 5444]
exec:5.711951017379761
clustering:agglomerative
num_cluster:4
iteration:9
load:0.20527315139770508
path:[34512, 30007, 30006, 37695, 618, 38924, 21016, 24386, 6512, 24388, 20958, 20955, 15479, 20953, 34189, 24226, 31528, 22938, 12598, 15480, 37510, 6342, 10461, 33389, 36969, 38500, 37547, 7192, 19685, 19628, 4595, 19778, 7694, 25062, 19780, 19782, 19787, 19784, 19791, 19794, 435, 27814, 15663, 17385, 27179, 27141, 27170, 27165, 27162, 1859, 309, 10453, 10452, 7865, 21130, 21131, 32412, 23553, 23552, 10252, 17268, 31456, 27271, 24357, 8050, 19648, 13540, 15574, 15596, 12735, 15613, 12734, 12733, 13162, 15646, 16052, 15578, 15584, 15567, 15569, 5129, 1387, 7544, 7546, 7549, 5861, 554, 18302, 25874, 25841, 25800, 25862, 25890, 12993, 7339, 4925, 4967, 4962, 4936, 4919, 37813, 4960, 4950, 4912, 4953, 4954, 4920, 4941, 28195, 26226, 5429, 7897, 5438, 5442, 5435, 5444]
exec:5.975219011306763
clustering:agglomerative
num_cluster:8
iteration:9
load:0.157027006149292
path:[34512, 30007, 34505, 34502, 35962, 2308, 851, 7248, 7248, 1414, 1418, 29413, 29412, 30033, 30013, 30027, 30051, 5576, 35899, 37261, 13199, 5606, 5599, 27871, 5592, 5597, 16923, 10459, 16918, 6345, 29791, 16405, 15986, 22434, 22127, 16194, 16153, 15874, 4650, 4655, 10458, 22870, 27822, 18377, 32690, 32701, 28096, 20907, 619, 37695, 618, 618, 23940, 38423, 34287, 26928, 33133, 26937, 26910, 37557, 29416, 29415, 7699, 12816, 1856, 33111, 1858, 30364, 30350, 3974, 21731, 3983, 27141, 27170, 27165, 27162, 1859, 309, 10453, 10452, 7865, 21130, 21131, 32412, 23553, 23552, 10252, 17268, 31456, 27271, 24357, 8050, 19648, 13540, 15574, 15596, 12735, 15613, 12734, 12733, 13162, 15646, 16052, 15578, 15584, 15567, 15569, 5129, 1387, 27960, 13077, 13073, 12602, 13072, 8842, 3126, 8843, 8844, 8845, 4825, 4810, 7740, 36896, 15328, 15326, 20597, 5882, 28002, 24710, 24680, 24700, 24722, 28004, 24221, 24254, 24284, 29717, 3285, 1062, 21508, 34692, 21507, 21513, 37940, 35105, 20264, 14430, 14442, 14221, 16622, 16624, 9974, 16630, 16623, 16677, 26235, 5438, 5442, 5435, 5444]
exec:1.238204002380371
